This file contains any messages produced by compilers while
running configure, to aid debugging if configure makes a mistake.

It was created by ld configure 2.35.2, which was
generated by GNU Autoconf 2.69.  Invocation command line was

  $ /root/buildroot-2021.05.1/output/build/host-binutils-2.35.2/ld/configure --srcdir=.././ld --cache-file=./config.cache --with-gnu-as --with-gnu-ld --prefix=/root/buildroot-2021.05.1/output/host --sysconfdir=/root/buildroot-2021.05.1/output/host/etc --localstatedir=/root/buildroot-2021.05.1/output/host/var --enable-shared --disable-static --disable-gtk-doc --disable-gtk-doc-html --disable-doc --disable-docs --disable-documentation --disable-debug --with-xmlto=no --with-fop=no --disable-nls --disable-dependency-tracking --disable-multilib --disable-werror --disable-shared --enable-static --with-sysroot=/root/buildroot-2021.05.1/output/host/x86_64-buildroot-linux-uclibc/sysroot --enable-poison-system-directories --without-debuginfod --disable-sim --disable-gdb --program-transform-name=s&^&x86_64-buildroot-linux-uclibc-& --disable-option-checking --build=x86_64-pc-linux-gnu --host=x86_64-pc-linux-gnu --target=x86_64-buildroot-linux-uclibc

## --------- ##
## Platform. ##
## --------- ##

hostname = racknerd-c383c8
uname -m = x86_64
uname -r = 4.19.0-6-amd64
uname -s = Linux
uname -v = #1 SMP Debian 4.19.67-2+deb10u1 (2019-09-20)

/usr/bin/uname -p = unknown
/bin/uname -X     = unknown

/bin/arch              = x86_64
/usr/bin/arch -k       = unknown
/usr/convex/getsysinfo = unknown
/usr/bin/hostinfo      = unknown
/bin/machine           = unknown
/usr/bin/oslevel       = unknown
/bin/universe          = unknown

PATH: /root/buildroot-2021.05.1/output/host/bin
PATH: /root/buildroot-2021.05.1/output/host/sbin
PATH: /usr/local/sbin
PATH: /usr/local/bin
PATH: /usr/sbin
PATH: /usr/bin
PATH: /sbin
PATH: /bin


## ----------- ##
## Core tests. ##
## ----------- ##

configure:2598: creating cache ./config.cache
configure:2712: checking build system type
configure:2726: result: x86_64-pc-linux-gnu
configure:2746: checking host system type
configure:2759: result: x86_64-pc-linux-gnu
configure:2779: checking target system type
configure:2792: result: x86_64-buildroot-linux-uclibc
configure:2830: checking for x86_64-pc-linux-gnu-gcc
configure:2857: result: /usr/bin/gcc
configure:3126: checking for C compiler version
configure:3135: /usr/bin/gcc --version >&5
gcc (Debian 8.3.0-6) 8.3.0
Copyright (C) 2018 Free Software Foundation, Inc.
This is free software; see the source for copying conditions.  There is NO
warranty; not even for MERCHANTABILITY or FITNESS FOR A PARTICULAR PURPOSE.

configure:3146: $? = 0
configure:3135: /usr/bin/gcc -v >&5
Using built-in specs.
COLLECT_GCC=/usr/bin/gcc
COLLECT_LTO_WRAPPER=/usr/lib/gcc/x86_64-linux-gnu/8/lto-wrapper
OFFLOAD_TARGET_NAMES=nvptx-none
OFFLOAD_TARGET_DEFAULT=1
Target: x86_64-linux-gnu
Configured with: ../src/configure -v --with-pkgversion='Debian 8.3.0-6' --with-bugurl=file:///usr/share/doc/gcc-8/README.Bugs --enable-languages=c,ada,c++,go,brig,d,fortran,objc,obj-c++ --prefix=/usr --with-gcc-major-version-only --program-suffix=-8 --program-prefix=x86_64-linux-gnu- --enable-shared --enable-linker-build-id --libexecdir=/usr/lib --without-included-gettext --enable-threads=posix --libdir=/usr/lib --enable-nls --enable-bootstrap --enable-clocale=gnu --enable-libstdcxx-debug --enable-libstdcxx-time=yes --with-default-libstdcxx-abi=new --enable-gnu-unique-object --disable-vtable-verify --enable-libmpx --enable-plugin --enable-default-pie --with-system-zlib --with-target-system-zlib --enable-objc-gc=auto --enable-multiarch --disable-werror --with-arch-32=i686 --with-abi=m64 --with-multilib-list=m32,m64,mx32 --enable-multilib --with-tune=generic --enable-offload-targets=nvptx-none --without-cuda-driver --enable-checking=release --build=x86_64-linux-gnu --host=x86_64-linux-gnu --target=x86_64-linux-gnu
Thread model: posix
gcc version 8.3.0 (Debian 8.3.0-6) 
configure:3146: $? = 0
configure:3135: /usr/bin/gcc -V >&5
gcc: error: unrecognized command line option '-V'
gcc: fatal error: no input files
compilation terminated.
configure:3146: $? = 1
configure:3135: /usr/bin/gcc -qversion >&5
gcc: error: unrecognized command line option '-qversion'; did you mean '--version'?
gcc: fatal error: no input files
compilation terminated.
configure:3146: $? = 1
configure:3166: checking whether the C compiler works
configure:3188: /usr/bin/gcc -O2 -I/root/buildroot-2021.05.1/output/host/include   -L/root/buildroot-2021.05.1/output/host/lib -Wl,-rpath,/root/buildroot-2021.05.1/output/host/lib conftest.c  >&5
configure:3192: $? = 0
configure:3240: result: yes
configure:3243: checking for C compiler default output file name
configure:3245: result: a.out
configure:3251: checking for suffix of executables
configure:3258: /usr/bin/gcc -o conftest -O2 -I/root/buildroot-2021.05.1/output/host/include   -L/root/buildroot-2021.05.1/output/host/lib -Wl,-rpath,/root/buildroot-2021.05.1/output/host/lib conftest.c  >&5
configure:3262: $? = 0
configure:3284: result: 
configure:3306: checking whether we are cross compiling
configure:3314: /usr/bin/gcc -o conftest -O2 -I/root/buildroot-2021.05.1/output/host/include   -L/root/buildroot-2021.05.1/output/host/lib -Wl,-rpath,/root/buildroot-2021.05.1/output/host/lib conftest.c  >&5
configure:3318: $? = 0
configure:3325: ./conftest
configure:3329: $? = 0
configure:3317: result: no
configure:3322: checking for suffix of object files
configure:3344: /usr/bin/gcc -c -O2 -I/root/buildroot-2021.05.1/output/host/include  conftest.c >&5
configure:3348: $? = 0
configure:3369: result: o
configure:3373: checking whether we are using the GNU C compiler
configure:3392: /usr/bin/gcc -c -O2 -I/root/buildroot-2021.05.1/output/host/include  conftest.c >&5
configure:3392: $? = 0
configure:3401: result: yes
configure:3410: checking whether /usr/bin/gcc accepts -g
configure:3430: /usr/bin/gcc -c -g  conftest.c >&5
configure:3430: $? = 0
configure:3471: result: yes
configure:3488: checking for /usr/bin/gcc option to accept ISO C89
configure:3551: /usr/bin/gcc  -c -O2 -I/root/buildroot-2021.05.1/output/host/include  conftest.c >&5
configure:3551: $? = 0
configure:3564: result: none needed
configure:3589: checking whether /usr/bin/gcc understands -c and -o together
configure:3611: /usr/bin/gcc -c conftest.c -o conftest2.o
configure:3614: $? = 0
configure:3611: /usr/bin/gcc -c conftest.c -o conftest2.o
configure:3614: $? = 0
configure:3626: result: yes
configure:3644: checking for library containing strerror
configure:3675: /usr/bin/gcc -o conftest -O2 -I/root/buildroot-2021.05.1/output/host/include   -L/root/buildroot-2021.05.1/output/host/lib -Wl,-rpath,/root/buildroot-2021.05.1/output/host/lib conftest.c  >&5
configure:3675: $? = 0
configure:3692: result: none required
configure:3717: checking for a BSD-compatible install
configure:3785: result: /usr/bin/install -c
configure:3796: checking whether build environment is sane
configure:3851: result: yes
configure:3997: checking for a thread-safe mkdir -p
configure:4036: result: /usr/bin/mkdir -p
configure:4043: checking for gawk
configure:4070: result: mawk
configure:4081: checking whether /usr/bin/make sets $(MAKE)
configure:4103: result: yes
configure:4133: checking for style of include used by /usr/bin/make
configure:4161: result: GNU
configure:4195: checking whether /usr/bin/make supports nested variables
configure:4212: result: yes
configure:4297: checking dependency style of /usr/bin/gcc
configure:4408: result: none
configure:4467: checking whether to enable maintainer-specific portions of Makefiles
configure:4476: result: no
configure:4498: checking for x86_64-pc-linux-gnu-gcc
configure:4525: result: /usr/bin/gcc
configure:4794: checking for C compiler version
configure:4803: /usr/bin/gcc --version >&5
gcc (Debian 8.3.0-6) 8.3.0
Copyright (C) 2018 Free Software Foundation, Inc.
This is free software; see the source for copying conditions.  There is NO
warranty; not even for MERCHANTABILITY or FITNESS FOR A PARTICULAR PURPOSE.

configure:4814: $? = 0
configure:4803: /usr/bin/gcc -v >&5
Using built-in specs.
COLLECT_GCC=/usr/bin/gcc
COLLECT_LTO_WRAPPER=/usr/lib/gcc/x86_64-linux-gnu/8/lto-wrapper
OFFLOAD_TARGET_NAMES=nvptx-none
OFFLOAD_TARGET_DEFAULT=1
Target: x86_64-linux-gnu
Configured with: ../src/configure -v --with-pkgversion='Debian 8.3.0-6' --with-bugurl=file:///usr/share/doc/gcc-8/README.Bugs --enable-languages=c,ada,c++,go,brig,d,fortran,objc,obj-c++ --prefix=/usr --with-gcc-major-version-only --program-suffix=-8 --program-prefix=x86_64-linux-gnu- --enable-shared --enable-linker-build-id --libexecdir=/usr/lib --without-included-gettext --enable-threads=posix --libdir=/usr/lib --enable-nls --enable-bootstrap --enable-clocale=gnu --enable-libstdcxx-debug --enable-libstdcxx-time=yes --with-default-libstdcxx-abi=new --enable-gnu-unique-object --disable-vtable-verify --enable-libmpx --enable-plugin --enable-default-pie --with-system-zlib --with-target-system-zlib --enable-objc-gc=auto --enable-multiarch --disable-werror --with-arch-32=i686 --with-abi=m64 --with-multilib-list=m32,m64,mx32 --enable-multilib --with-tune=generic --enable-offload-targets=nvptx-none --without-cuda-driver --enable-checking=release --build=x86_64-linux-gnu --host=x86_64-linux-gnu --target=x86_64-linux-gnu
Thread model: posix
gcc version 8.3.0 (Debian 8.3.0-6) 
configure:4814: $? = 0
configure:4803: /usr/bin/gcc -V >&5
gcc: error: unrecognized command line option '-V'
gcc: fatal error: no input files
compilation terminated.
configure:4814: $? = 1
configure:4803: /usr/bin/gcc -qversion >&5
gcc: error: unrecognized command line option '-qversion'; did you mean '--version'?
gcc: fatal error: no input files
compilation terminated.
configure:4814: $? = 1
configure:4818: checking whether we are using the GNU C compiler
configure:4846: result: yes
configure:4855: checking whether /usr/bin/gcc accepts -g
configure:4916: result: yes
configure:4933: checking for /usr/bin/gcc option to accept ISO C89
configure:5009: result: none needed
configure:5034: checking whether /usr/bin/gcc understands -c and -o together
configure:5071: result: yes
configure:5200: checking for C++ compiler version
configure:5209: /usr/bin/g++ --version >&5
g++ (Debian 8.3.0-6) 8.3.0
Copyright (C) 2018 Free Software Foundation, Inc.
This is free software; see the source for copying conditions.  There is NO
warranty; not even for MERCHANTABILITY or FITNESS FOR A PARTICULAR PURPOSE.

configure:5220: $? = 0
configure:5209: /usr/bin/g++ -v >&5
Using built-in specs.
COLLECT_GCC=/usr/bin/g++
COLLECT_LTO_WRAPPER=/usr/lib/gcc/x86_64-linux-gnu/8/lto-wrapper
OFFLOAD_TARGET_NAMES=nvptx-none
OFFLOAD_TARGET_DEFAULT=1
Target: x86_64-linux-gnu
Configured with: ../src/configure -v --with-pkgversion='Debian 8.3.0-6' --with-bugurl=file:///usr/share/doc/gcc-8/README.Bugs --enable-languages=c,ada,c++,go,brig,d,fortran,objc,obj-c++ --prefix=/usr --with-gcc-major-version-only --program-suffix=-8 --program-prefix=x86_64-linux-gnu- --enable-shared --enable-linker-build-id --libexecdir=/usr/lib --without-included-gettext --enable-threads=posix --libdir=/usr/lib --enable-nls --enable-bootstrap --enable-clocale=gnu --enable-libstdcxx-debug --enable-libstdcxx-time=yes --with-default-libstdcxx-abi=new --enable-gnu-unique-object --disable-vtable-verify --enable-libmpx --enable-plugin --enable-default-pie --with-system-zlib --with-target-system-zlib --enable-objc-gc=auto --enable-multiarch --disable-werror --with-arch-32=i686 --with-abi=m64 --with-multilib-list=m32,m64,mx32 --enable-multilib --with-tune=generic --enable-offload-targets=nvptx-none --without-cuda-driver --enable-checking=release --build=x86_64-linux-gnu --host=x86_64-linux-gnu --target=x86_64-linux-gnu
Thread model: posix
gcc version 8.3.0 (Debian 8.3.0-6) 
configure:5220: $? = 0
configure:5209: /usr/bin/g++ -V >&5
g++: error: unrecognized command line option '-V'
g++: fatal error: no input files
compilation terminated.
configure:5220: $? = 1
configure:5209: /usr/bin/g++ -qversion >&5
g++: error: unrecognized command line option '-qversion'; did you mean '--version'?
g++: fatal error: no input files
compilation terminated.
configure:5220: $? = 1
configure:5224: checking whether we are using the GNU C++ compiler
configure:5243: /usr/bin/g++ -c -O2 -I/root/buildroot-2021.05.1/output/host/include  conftest.cpp >&5
configure:5243: $? = 0
configure:5252: result: yes
configure:5261: checking whether /usr/bin/g++ accepts -g
configure:5281: /usr/bin/g++ -c -g  conftest.cpp >&5
configure:5281: $? = 0
configure:5322: result: yes
configure:5347: checking dependency style of /usr/bin/g++
configure:5458: result: none
configure:5473: checking for grep that handles long lines and -e
configure:5531: result: /usr/bin/grep
configure:5541: checking how to run the C preprocessor
configure:5572: /usr/bin/gcc -E  conftest.c
configure:5572: $? = 0
configure:5586: /usr/bin/gcc -E  conftest.c
conftest.c:11:10: fatal error: ac_nonexistent.h: No such file or directory
 #include <ac_nonexistent.h>
          ^~~~~~~~~~~~~~~~~~
compilation terminated.
configure:5586: $? = 1
configure: failed program was:
| /* confdefs.h */
| #define PACKAGE_NAME "ld"
| #define PACKAGE_TARNAME "ld"
| #define PACKAGE_VERSION "2.35.2"
| #define PACKAGE_STRING "ld 2.35.2"
| #define PACKAGE_BUGREPORT ""
| #define PACKAGE_URL ""
| #define PACKAGE "ld"
| #define VERSION "2.35.2"
| /* end confdefs.h.  */
| #include <ac_nonexistent.h>
configure:5611: result: /usr/bin/gcc -E
configure:5631: /usr/bin/gcc -E  conftest.c
configure:5631: $? = 0
configure:5645: /usr/bin/gcc -E  conftest.c
conftest.c:11:10: fatal error: ac_nonexistent.h: No such file or directory
 #include <ac_nonexistent.h>
          ^~~~~~~~~~~~~~~~~~
compilation terminated.
configure:5645: $? = 1
configure: failed program was:
| /* confdefs.h */
| #define PACKAGE_NAME "ld"
| #define PACKAGE_TARNAME "ld"
| #define PACKAGE_VERSION "2.35.2"
| #define PACKAGE_STRING "ld 2.35.2"
| #define PACKAGE_BUGREPORT ""
| #define PACKAGE_URL ""
| #define PACKAGE "ld"
| #define VERSION "2.35.2"
| /* end confdefs.h.  */
| #include <ac_nonexistent.h>
configure:5674: checking for egrep
configure:5736: result: /usr/bin/grep -E
configure:5741: checking for ANSI C header files
configure:5761: /usr/bin/gcc -c -O2 -I/root/buildroot-2021.05.1/output/host/include  conftest.c >&5
configure:5761: $? = 0
configure:5834: /usr/bin/gcc -o conftest -O2 -I/root/buildroot-2021.05.1/output/host/include   -L/root/buildroot-2021.05.1/output/host/lib -Wl,-rpath,/root/buildroot-2021.05.1/output/host/lib conftest.c  >&5
configure:5834: $? = 0
configure:5834: ./conftest
configure:5834: $? = 0
configure:5845: result: yes
configure:5858: checking for sys/types.h
configure:5858: /usr/bin/gcc -c -O2 -I/root/buildroot-2021.05.1/output/host/include  conftest.c >&5
configure:5858: $? = 0
configure:5858: result: yes
configure:5858: checking for sys/stat.h
configure:5858: /usr/bin/gcc -c -O2 -I/root/buildroot-2021.05.1/output/host/include  conftest.c >&5
configure:5858: $? = 0
configure:5858: result: yes
configure:5858: checking for stdlib.h
configure:5858: /usr/bin/gcc -c -O2 -I/root/buildroot-2021.05.1/output/host/include  conftest.c >&5
configure:5858: $? = 0
configure:5858: result: yes
configure:5858: checking for string.h
configure:5858: /usr/bin/gcc -c -O2 -I/root/buildroot-2021.05.1/output/host/include  conftest.c >&5
configure:5858: $? = 0
configure:5858: result: yes
configure:5858: checking for memory.h
configure:5858: /usr/bin/gcc -c -O2 -I/root/buildroot-2021.05.1/output/host/include  conftest.c >&5
configure:5858: $? = 0
configure:5858: result: yes
configure:5858: checking for strings.h
configure:5858: /usr/bin/gcc -c -O2 -I/root/buildroot-2021.05.1/output/host/include  conftest.c >&5
configure:5858: $? = 0
configure:5858: result: yes
configure:5858: checking for inttypes.h
configure:5858: /usr/bin/gcc -c -O2 -I/root/buildroot-2021.05.1/output/host/include  conftest.c >&5
configure:5858: $? = 0
configure:5858: result: yes
configure:5858: checking for stdint.h
configure:5858: /usr/bin/gcc -c -O2 -I/root/buildroot-2021.05.1/output/host/include  conftest.c >&5
configure:5858: $? = 0
configure:5858: result: yes
configure:5858: checking for unistd.h
configure:5858: /usr/bin/gcc -c -O2 -I/root/buildroot-2021.05.1/output/host/include  conftest.c >&5
configure:5858: $? = 0
configure:5858: result: yes
configure:5871: checking minix/config.h usability
configure:5871: /usr/bin/gcc -c -O2 -I/root/buildroot-2021.05.1/output/host/include  conftest.c >&5
conftest.c:54:10: fatal error: minix/config.h: No such file or directory
 #include <minix/config.h>
          ^~~~~~~~~~~~~~~~
compilation terminated.
configure:5871: $? = 1
configure: failed program was:
| /* confdefs.h */
| #define PACKAGE_NAME "ld"
| #define PACKAGE_TARNAME "ld"
| #define PACKAGE_VERSION "2.35.2"
| #define PACKAGE_STRING "ld 2.35.2"
| #define PACKAGE_BUGREPORT ""
| #define PACKAGE_URL ""
| #define PACKAGE "ld"
| #define VERSION "2.35.2"
| #define STDC_HEADERS 1
| #define HAVE_SYS_TYPES_H 1
| #define HAVE_SYS_STAT_H 1
| #define HAVE_STDLIB_H 1
| #define HAVE_STRING_H 1
| #define HAVE_MEMORY_H 1
| #define HAVE_STRINGS_H 1
| #define HAVE_INTTYPES_H 1
| #define HAVE_STDINT_H 1
| #define HAVE_UNISTD_H 1
| /* end confdefs.h.  */
| #include <stdio.h>
| #ifdef HAVE_SYS_TYPES_H
| # include <sys/types.h>
| #endif
| #ifdef HAVE_SYS_STAT_H
| # include <sys/stat.h>
| #endif
| #ifdef STDC_HEADERS
| # include <stdlib.h>
| # include <stddef.h>
| #else
| # ifdef HAVE_STDLIB_H
| #  include <stdlib.h>
| # endif
| #endif
| #ifdef HAVE_STRING_H
| # if !defined STDC_HEADERS && defined HAVE_MEMORY_H
| #  include <memory.h>
| # endif
| # include <string.h>
| #endif
| #ifdef HAVE_STRINGS_H
| # include <strings.h>
| #endif
| #ifdef HAVE_INTTYPES_H
| # include <inttypes.h>
| #endif
| #ifdef HAVE_STDINT_H
| # include <stdint.h>
| #endif
| #ifdef HAVE_UNISTD_H
| # include <unistd.h>
| #endif
| #include <minix/config.h>
configure:5871: result: no
configure:5871: checking minix/config.h presence
configure:5871: /usr/bin/gcc -E  conftest.c
conftest.c:21:10: fatal error: minix/config.h: No such file or directory
 #include <minix/config.h>
          ^~~~~~~~~~~~~~~~
compilation terminated.
configure:5871: $? = 1
configure: failed program was:
| /* confdefs.h */
| #define PACKAGE_NAME "ld"
| #define PACKAGE_TARNAME "ld"
| #define PACKAGE_VERSION "2.35.2"
| #define PACKAGE_STRING "ld 2.35.2"
| #define PACKAGE_BUGREPORT ""
| #define PACKAGE_URL ""
| #define PACKAGE "ld"
| #define VERSION "2.35.2"
| #define STDC_HEADERS 1
| #define HAVE_SYS_TYPES_H 1
| #define HAVE_SYS_STAT_H 1
| #define HAVE_STDLIB_H 1
| #define HAVE_STRING_H 1
| #define HAVE_MEMORY_H 1
| #define HAVE_STRINGS_H 1
| #define HAVE_INTTYPES_H 1
| #define HAVE_STDINT_H 1
| #define HAVE_UNISTD_H 1
| /* end confdefs.h.  */
| #include <minix/config.h>
configure:5871: result: no
configure:5871: checking for minix/config.h
configure:5871: result: no
configure:5892: checking whether it is safe to define __EXTENSIONS__
configure:5910: /usr/bin/gcc -c -O2 -I/root/buildroot-2021.05.1/output/host/include  conftest.c >&5
configure:5910: $? = 0
configure:5917: result: yes
configure:5981: checking how to print strings
configure:6008: result: printf
configure:6029: checking for a sed that does not truncate output
configure:6093: result: /usr/bin/sed
configure:6111: checking for fgrep
configure:6173: result: /usr/bin/grep -F
configure:6208: checking for ld used by /usr/bin/gcc
configure:6275: result: /usr/bin/ld
configure:6282: checking if the linker (/usr/bin/ld) is GNU ld
configure:6297: result: yes
configure:6309: checking for BSD- or MS-compatible name lister (nm)
configure:6358: result: /usr/bin/nm
configure:6488: checking the name lister (/usr/bin/nm) interface
configure:6495: /usr/bin/gcc -c -O2 -I/root/buildroot-2021.05.1/output/host/include  conftest.c >&5
configure:6498: /usr/bin/nm "conftest.o"
configure:6501: output
0000000000000000 B some_variable
configure:6502: result: BSD nm
configure:6505: checking whether ln -s works
configure:6509: result: yes
configure:6517: checking the maximum length of command line arguments
configure:6642: result: 1572864
configure:6659: checking whether the shell understands some XSI constructs
configure:6668: result: yes
configure:6672: checking whether the shell understands "+="
configure:6676: result: yes
configure:6711: checking for /usr/bin/ld option to reload object files
configure:6718: result: -r
configure:6747: checking for x86_64-pc-linux-gnu-objdump
configure:6774: result: objdump
configure:6846: checking how to recognize dependent libraries
configure:7047: result: pass_all
configure:7067: checking for x86_64-pc-linux-gnu-ar
configure:7094: result: /usr/bin/ar
configure:7172: checking for x86_64-pc-linux-gnu-strip
configure:7202: result: no
configure:7212: checking for strip
configure:7228: found /usr/bin/strip
configure:7239: result: strip
configure:7271: checking for x86_64-pc-linux-gnu-ranlib
configure:7298: result: /usr/bin/ranlib
configure:7440: checking command to parse /usr/bin/nm output from /usr/bin/gcc object
configure:7558: /usr/bin/gcc -c -O2 -I/root/buildroot-2021.05.1/output/host/include  conftest.c >&5
configure:7561: $? = 0
configure:7565: /usr/bin/nm conftest.o \| sed -n -e 's/^.*[ ]\([ABCDGIRSTW][ABCDGIRSTW]*\)[ ][ ]*\([_A-Za-z][_A-Za-z0-9]*\)$/\1 \2 \2/p' \> conftest.nm
configure:7568: $? = 0
configure:7622: /usr/bin/gcc -o conftest -O2 -I/root/buildroot-2021.05.1/output/host/include   -L/root/buildroot-2021.05.1/output/host/lib -Wl,-rpath,/root/buildroot-2021.05.1/output/host/lib conftest.c conftstm.o >&5
configure:7625: $? = 0
configure:7663: result: ok
configure:7758: /usr/bin/gcc -c -O2 -I/root/buildroot-2021.05.1/output/host/include  conftest.c >&5
configure:7761: $? = 0
configure:8511: checking for dlfcn.h
configure:8511: /usr/bin/gcc -c -O2 -I/root/buildroot-2021.05.1/output/host/include  conftest.c >&5
configure:8511: $? = 0
configure:8511: result: yes
configure:8699: checking for objdir
configure:8714: result: .libs
configure:8985: checking if /usr/bin/gcc supports -fno-rtti -fno-exceptions
configure:9003: /usr/bin/gcc -c -O2 -I/root/buildroot-2021.05.1/output/host/include  -fno-rtti -fno-exceptions conftest.c >&5
cc1: warning: command line option '-fno-rtti' is valid for C++/ObjC++ but not for C
configure:9007: $? = 0
configure:9020: result: no
configure:9040: checking for /usr/bin/gcc option to produce PIC
configure:9326: result: -fPIC -DPIC
configure:9338: checking if /usr/bin/gcc PIC flag -fPIC -DPIC works
configure:9356: /usr/bin/gcc -c -O2 -I/root/buildroot-2021.05.1/output/host/include  -fPIC -DPIC -DPIC conftest.c >&5
configure:9360: $? = 0
configure:9373: result: yes
configure:9397: checking if /usr/bin/gcc static flag -static works
configure:9425: result: yes
configure:9440: checking if /usr/bin/gcc supports -c -o file.o
configure:9461: /usr/bin/gcc -c -O2 -I/root/buildroot-2021.05.1/output/host/include  -o out/conftest2.o conftest.c >&5
configure:9465: $? = 0
configure:9487: result: yes
configure:9495: checking if /usr/bin/gcc supports -c -o file.o
configure:9542: result: yes
configure:9575: checking whether the /usr/bin/gcc linker (/usr/bin/ld -m elf_x86_64) supports shared libraries
configure:10646: result: yes
configure:10891: checking dynamic linker characteristics
configure:11342: /usr/bin/gcc -o conftest -O2 -I/root/buildroot-2021.05.1/output/host/include   -L/root/buildroot-2021.05.1/output/host/lib -Wl,-rpath,/root/buildroot-2021.05.1/output/host/lib -Wl,-rpath -Wl,/foo conftest.c  >&5
configure:11342: $? = 0
configure:11564: result: GNU/Linux ld.so
configure:11671: checking how to hardcode library paths into programs
configure:11696: result: immediate
configure:12236: checking whether stripping libraries is possible
configure:12241: result: yes
configure:12276: checking if libtool supports shared libraries
configure:12278: result: yes
configure:12281: checking whether to build shared libraries
configure:12302: result: no
configure:12305: checking whether to build static libraries
configure:12309: result: yes
configure:9479: checking how to run the C++ preprocessor
configure:9506: /usr/bin/g++ -E  conftest.cpp
configure:9506: $? = 0
configure:9520: /usr/bin/g++ -E  conftest.cpp
conftest.cpp:28:10: fatal error: ac_nonexistent.h: No such file or directory
 #include <ac_nonexistent.h>
          ^~~~~~~~~~~~~~~~~~
compilation terminated.
configure:9520: $? = 1
configure: failed program was:
| /* confdefs.h */
| #define PACKAGE_NAME "ld"
| #define PACKAGE_TARNAME "ld"
| #define PACKAGE_VERSION "2.35.2"
| #define PACKAGE_STRING "ld 2.35.2"
| #define PACKAGE_BUGREPORT ""
| #define PACKAGE_URL ""
| #define PACKAGE "ld"
| #define VERSION "2.35.2"
| #define STDC_HEADERS 1
| #define HAVE_SYS_TYPES_H 1
| #define HAVE_SYS_STAT_H 1
| #define HAVE_STDLIB_H 1
| #define HAVE_STRING_H 1
| #define HAVE_MEMORY_H 1
| #define HAVE_STRINGS_H 1
| #define HAVE_INTTYPES_H 1
| #define HAVE_STDINT_H 1
| #define HAVE_UNISTD_H 1
| #define __EXTENSIONS__ 1
| #define _ALL_SOURCE 1
| #define _GNU_SOURCE 1
| #define _POSIX_PTHREAD_SEMANTICS 1
| #define _TANDEM_SOURCE 1
| #define HAVE_DLFCN_H 1
| #define LT_OBJDIR ".libs/"
| /* end confdefs.h.  */
| #include <ac_nonexistent.h>
configure:9545: result: /usr/bin/g++ -E
configure:9565: /usr/bin/g++ -E  conftest.cpp
configure:9565: $? = 0
configure:9579: /usr/bin/g++ -E  conftest.cpp
conftest.cpp:28:10: fatal error: ac_nonexistent.h: No such file or directory
 #include <ac_nonexistent.h>
          ^~~~~~~~~~~~~~~~~~
compilation terminated.
configure:9579: $? = 1
configure: failed program was:
| /* confdefs.h */
| #define PACKAGE_NAME "ld"
| #define PACKAGE_TARNAME "ld"
| #define PACKAGE_VERSION "2.35.2"
| #define PACKAGE_STRING "ld 2.35.2"
| #define PACKAGE_BUGREPORT ""
| #define PACKAGE_URL ""
| #define PACKAGE "ld"
| #define VERSION "2.35.2"
| #define STDC_HEADERS 1
| #define HAVE_SYS_TYPES_H 1
| #define HAVE_SYS_STAT_H 1
| #define HAVE_STDLIB_H 1
| #define HAVE_STRING_H 1
| #define HAVE_MEMORY_H 1
| #define HAVE_STRINGS_H 1
| #define HAVE_INTTYPES_H 1
| #define HAVE_STDINT_H 1
| #define HAVE_UNISTD_H 1
| #define __EXTENSIONS__ 1
| #define _ALL_SOURCE 1
| #define _GNU_SOURCE 1
| #define _POSIX_PTHREAD_SEMANTICS 1
| #define _TANDEM_SOURCE 1
| #define HAVE_DLFCN_H 1
| #define LT_OBJDIR ".libs/"
| /* end confdefs.h.  */
| #include <ac_nonexistent.h>
configure:9747: checking for ld used by /usr/bin/g++
configure:9814: result: /usr/bin/ld -m elf_x86_64
configure:9821: checking if the linker (/usr/bin/ld -m elf_x86_64) is GNU ld
configure:9836: result: yes
configure:9891: checking whether the /usr/bin/g++ linker (/usr/bin/ld -m elf_x86_64) supports shared libraries
configure:10823: result: yes
configure:10851: /usr/bin/g++ -c -O2 -I/root/buildroot-2021.05.1/output/host/include  conftest.cpp >&5
configure:10854: $? = 0
configure:11036: checking for /usr/bin/g++ option to produce PIC
configure:11359: result: -fPIC -DPIC
configure:11368: checking if /usr/bin/g++ PIC flag -fPIC -DPIC works
configure:11386: /usr/bin/g++ -c -O2 -I/root/buildroot-2021.05.1/output/host/include  -fPIC -DPIC -DPIC conftest.cpp >&5
configure:11390: $? = 0
configure:11403: result: yes
configure:11424: checking if /usr/bin/g++ static flag -static works
configure:11452: result: yes
configure:11464: checking if /usr/bin/g++ supports -c -o file.o
configure:11485: /usr/bin/g++ -c -O2 -I/root/buildroot-2021.05.1/output/host/include  -o out/conftest2.o conftest.cpp >&5
configure:11489: $? = 0
configure:11511: result: yes
configure:11516: checking if /usr/bin/g++ supports -c -o file.o
configure:11563: result: yes
configure:11593: checking whether the /usr/bin/g++ linker (/usr/bin/ld -m elf_x86_64) supports shared libraries
configure:11621: result: yes
configure:11764: checking dynamic linker characteristics
configure:12371: result: GNU/Linux ld.so
configure:12424: checking how to hardcode library paths into programs
configure:12449: result: immediate
configure:11527: checking for dlfcn.h
configure:11527: result: yes
configure:11540: checking for windows.h
configure:11540: /usr/bin/gcc -c -O2 -I/root/buildroot-2021.05.1/output/host/include  conftest.c >&5
conftest.c:63:10: fatal error: windows.h: No such file or directory
 #include <windows.h>
          ^~~~~~~~~~~
compilation terminated.
configure:11540: $? = 1
configure: failed program was:
| /* confdefs.h */
| #define PACKAGE_NAME "ld"
| #define PACKAGE_TARNAME "ld"
| #define PACKAGE_VERSION "2.35.2"
| #define PACKAGE_STRING "ld 2.35.2"
| #define PACKAGE_BUGREPORT ""
| #define PACKAGE_URL ""
| #define PACKAGE "ld"
| #define VERSION "2.35.2"
| #define STDC_HEADERS 1
| #define HAVE_SYS_TYPES_H 1
| #define HAVE_SYS_STAT_H 1
| #define HAVE_STDLIB_H 1
| #define HAVE_STRING_H 1
| #define HAVE_MEMORY_H 1
| #define HAVE_STRINGS_H 1
| #define HAVE_INTTYPES_H 1
| #define HAVE_STDINT_H 1
| #define HAVE_UNISTD_H 1
| #define __EXTENSIONS__ 1
| #define _ALL_SOURCE 1
| #define _GNU_SOURCE 1
| #define _POSIX_PTHREAD_SEMANTICS 1
| #define _TANDEM_SOURCE 1
| #define HAVE_DLFCN_H 1
| #define LT_OBJDIR ".libs/"
| #define HAVE_DLFCN_H 1
| /* end confdefs.h.  */
| #include <stdio.h>
| #ifdef HAVE_SYS_TYPES_H
| # include <sys/types.h>
| #endif
| #ifdef HAVE_SYS_STAT_H
| # include <sys/stat.h>
| #endif
| #ifdef STDC_HEADERS
| # include <stdlib.h>
| # include <stddef.h>
| #else
| # ifdef HAVE_STDLIB_H
| #  include <stdlib.h>
| # endif
| #endif
| #ifdef HAVE_STRING_H
| # if !defined STDC_HEADERS && defined HAVE_MEMORY_H
| #  include <memory.h>
| # endif
| # include <string.h>
| #endif
| #ifdef HAVE_STRINGS_H
| # include <strings.h>
| #endif
| #ifdef HAVE_INTTYPES_H
| # include <inttypes.h>
| #endif
| #ifdef HAVE_STDINT_H
| # include <stdint.h>
| #endif
| #ifdef HAVE_UNISTD_H
| # include <unistd.h>
| #endif
| 
| #include <windows.h>
configure:11540: result: no
configure:11567: checking for library containing dlsym
configure:11598: /usr/bin/gcc -o conftest -O2 -I/root/buildroot-2021.05.1/output/host/include   -L/root/buildroot-2021.05.1/output/host/lib -Wl,-rpath,/root/buildroot-2021.05.1/output/host/lib conftest.c  >&5
/usr/bin/ld: /tmp/ccJTWNTV.o: in function `main':
conftest.c:(.text.startup+0x7): undefined reference to `dlsym'
collect2: error: ld returned 1 exit status
configure:11598: $? = 1
configure: failed program was:
| /* confdefs.h */
| #define PACKAGE_NAME "ld"
| #define PACKAGE_TARNAME "ld"
| #define PACKAGE_VERSION "2.35.2"
| #define PACKAGE_STRING "ld 2.35.2"
| #define PACKAGE_BUGREPORT ""
| #define PACKAGE_URL ""
| #define PACKAGE "ld"
| #define VERSION "2.35.2"
| #define STDC_HEADERS 1
| #define HAVE_SYS_TYPES_H 1
| #define HAVE_SYS_STAT_H 1
| #define HAVE_STDLIB_H 1
| #define HAVE_STRING_H 1
| #define HAVE_MEMORY_H 1
| #define HAVE_STRINGS_H 1
| #define HAVE_INTTYPES_H 1
| #define HAVE_STDINT_H 1
| #define HAVE_UNISTD_H 1
| #define __EXTENSIONS__ 1
| #define _ALL_SOURCE 1
| #define _GNU_SOURCE 1
| #define _POSIX_PTHREAD_SEMANTICS 1
| #define _TANDEM_SOURCE 1
| #define HAVE_DLFCN_H 1
| #define LT_OBJDIR ".libs/"
| #define HAVE_DLFCN_H 1
| /* end confdefs.h.  */
| 
| /* Override any GCC internal prototype to avoid an error.
|    Use char because int might match the return type of a GCC
|    builtin and then its argument prototype would still apply.  */
| #ifdef __cplusplus
| extern "C"
| #endif
| char dlsym ();
| int
| main ()
| {
| return dlsym ();
|   ;
|   return 0;
| }
configure:11598: /usr/bin/gcc -o conftest -O2 -I/root/buildroot-2021.05.1/output/host/include   -L/root/buildroot-2021.05.1/output/host/lib -Wl,-rpath,/root/buildroot-2021.05.1/output/host/lib conftest.c -ldl   >&5
configure:11598: $? = 0
configure:11615: result: -ldl
configure:11646: checking for special C compiler options needed for large files
configure:11691: result: no
configure:11697: checking for _FILE_OFFSET_BITS value needed for large files
configure:11722: /usr/bin/gcc -c -O2 -I/root/buildroot-2021.05.1/output/host/include  conftest.c >&5
configure:11722: $? = 0
configure:11754: result: no
configure:12240: checking for LC_MESSAGES
configure:12256: /usr/bin/gcc -o conftest -O2 -I/root/buildroot-2021.05.1/output/host/include   -L/root/buildroot-2021.05.1/output/host/lib -Wl,-rpath,/root/buildroot-2021.05.1/output/host/lib conftest.c -ldl  >&5
configure:12256: $? = 0
configure:12264: result: yes
configure:12302: checking whether NLS is requested
configure:12305: result: no
configure:12373: checking whether NLS is requested
configure:12382: result: no
configure:12420: checking for msgfmt
configure:12454: result: no
configure:12460: checking for gmsgfmt
configure:12491: result: :
configure:12531: checking for xgettext
configure:12565: result: no
configure:12602: checking for msgmerge
configure:12635: result: no
configure:12674: checking for bison
configure:12701: result: /root/buildroot-2021.05.1/output/build/host-binutils-2.35.2/missing bison -y
configure:12717: checking for flex
configure:12744: result: /root/buildroot-2021.05.1/output/build/host-binutils-2.35.2/missing flex
configure:12878: checking whether to enable maintainer-specific portions of Makefiles
configure:12887: result: no
configure:12908: checking how to compare bootstrapped objects
configure:12933: result: cmp --ignore-initial=16 $$f1 $$f2
configure:12947: checking for string.h
configure:12947: result: yes
configure:12947: checking for strings.h
configure:12947: result: yes
configure:12947: checking for stdlib.h
configure:12947: result: yes
configure:12947: checking for unistd.h
configure:12947: result: yes
configure:12947: checking elf-hints.h usability
configure:12947: /usr/bin/gcc -c -O2 -I/root/buildroot-2021.05.1/output/host/include  conftest.c >&5
conftest.c:70:10: fatal error: elf-hints.h: No such file or directory
 #include <elf-hints.h>
          ^~~~~~~~~~~~~
compilation terminated.
configure:12947: $? = 1
configure: failed program was:
| /* confdefs.h */
| #define PACKAGE_NAME "ld"
| #define PACKAGE_TARNAME "ld"
| #define PACKAGE_VERSION "2.35.2"
| #define PACKAGE_STRING "ld 2.35.2"
| #define PACKAGE_BUGREPORT ""
| #define PACKAGE_URL ""
| #define PACKAGE "ld"
| #define VERSION "2.35.2"
| #define STDC_HEADERS 1
| #define HAVE_SYS_TYPES_H 1
| #define HAVE_SYS_STAT_H 1
| #define HAVE_STDLIB_H 1
| #define HAVE_STRING_H 1
| #define HAVE_MEMORY_H 1
| #define HAVE_STRINGS_H 1
| #define HAVE_INTTYPES_H 1
| #define HAVE_STDINT_H 1
| #define HAVE_UNISTD_H 1
| #define __EXTENSIONS__ 1
| #define _ALL_SOURCE 1
| #define _GNU_SOURCE 1
| #define _POSIX_PTHREAD_SEMANTICS 1
| #define _TANDEM_SOURCE 1
| #define HAVE_DLFCN_H 1
| #define LT_OBJDIR ".libs/"
| #define HAVE_DLFCN_H 1
| #define ENABLE_POISON_SYSTEM_DIRECTORIES 1
| #define GOT_HANDLING_DEFAULT GOT_HANDLING_TARGET_DEFAULT
| #define ENABLE_LIBCTF 1
| #define HAVE_LC_MESSAGES 1
| #define HAVE_STRING_H 1
| #define HAVE_STRINGS_H 1
| #define HAVE_STDLIB_H 1
| #define HAVE_UNISTD_H 1
| /* end confdefs.h.  */
| #include <stdio.h>
| #ifdef HAVE_SYS_TYPES_H
| # include <sys/types.h>
| #endif
| #ifdef HAVE_SYS_STAT_H
| # include <sys/stat.h>
| #endif
| #ifdef STDC_HEADERS
| # include <stdlib.h>
| # include <stddef.h>
| #else
| # ifdef HAVE_STDLIB_H
| #  include <stdlib.h>
| # endif
| #endif
| #ifdef HAVE_STRING_H
| # if !defined STDC_HEADERS && defined HAVE_MEMORY_H
| #  include <memory.h>
| # endif
| # include <string.h>
| #endif
| #ifdef HAVE_STRINGS_H
| # include <strings.h>
| #endif
| #ifdef HAVE_INTTYPES_H
| # include <inttypes.h>
| #endif
| #ifdef HAVE_STDINT_H
| # include <stdint.h>
| #endif
| #ifdef HAVE_UNISTD_H
| # include <unistd.h>
| #endif
| #include <elf-hints.h>
configure:12947: result: no
configure:12947: checking elf-hints.h presence
configure:12947: /usr/bin/gcc -E  conftest.c
conftest.c:37:10: fatal error: elf-hints.h: No such file or directory
 #include <elf-hints.h>
          ^~~~~~~~~~~~~
compilation terminated.
configure:12947: $? = 1
configure: failed program was:
| /* confdefs.h */
| #define PACKAGE_NAME "ld"
| #define PACKAGE_TARNAME "ld"
| #define PACKAGE_VERSION "2.35.2"
| #define PACKAGE_STRING "ld 2.35.2"
| #define PACKAGE_BUGREPORT ""
| #define PACKAGE_URL ""
| #define PACKAGE "ld"
| #define VERSION "2.35.2"
| #define STDC_HEADERS 1
| #define HAVE_SYS_TYPES_H 1
| #define HAVE_SYS_STAT_H 1
| #define HAVE_STDLIB_H 1
| #define HAVE_STRING_H 1
| #define HAVE_MEMORY_H 1
| #define HAVE_STRINGS_H 1
| #define HAVE_INTTYPES_H 1
| #define HAVE_STDINT_H 1
| #define HAVE_UNISTD_H 1
| #define __EXTENSIONS__ 1
| #define _ALL_SOURCE 1
| #define _GNU_SOURCE 1
| #define _POSIX_PTHREAD_SEMANTICS 1
| #define _TANDEM_SOURCE 1
| #define HAVE_DLFCN_H 1
| #define LT_OBJDIR ".libs/"
| #define HAVE_DLFCN_H 1
| #define ENABLE_POISON_SYSTEM_DIRECTORIES 1
| #define GOT_HANDLING_DEFAULT GOT_HANDLING_TARGET_DEFAULT
| #define ENABLE_LIBCTF 1
| #define HAVE_LC_MESSAGES 1
| #define HAVE_STRING_H 1
| #define HAVE_STRINGS_H 1
| #define HAVE_STDLIB_H 1
| #define HAVE_UNISTD_H 1
| /* end confdefs.h.  */
| #include <elf-hints.h>
configure:12947: result: no
configure:12947: checking for elf-hints.h
configure:12947: result: no
configure:12947: checking limits.h usability
configure:12947: /usr/bin/gcc -c -O2 -I/root/buildroot-2021.05.1/output/host/include  conftest.c >&5
configure:12947: $? = 0
configure:12947: result: yes
configure:12947: checking limits.h presence
configure:12947: /usr/bin/gcc -E  conftest.c
configure:12947: $? = 0
configure:12947: result: yes
configure:12947: checking for limits.h
configure:12947: result: yes
configure:12947: checking locale.h usability
configure:12947: /usr/bin/gcc -c -O2 -I/root/buildroot-2021.05.1/output/host/include  conftest.c >&5
configure:12947: $? = 0
configure:12947: result: yes
configure:12947: checking locale.h presence
configure:12947: /usr/bin/gcc -E  conftest.c
configure:12947: $? = 0
configure:12947: result: yes
configure:12947: checking for locale.h
configure:12947: result: yes
configure:12947: checking sys/param.h usability
configure:12947: /usr/bin/gcc -c -O2 -I/root/buildroot-2021.05.1/output/host/include  conftest.c >&5
configure:12947: $? = 0
configure:12947: result: yes
configure:12947: checking sys/param.h presence
configure:12947: /usr/bin/gcc -E  conftest.c
configure:12947: $? = 0
configure:12947: result: yes
configure:12947: checking for sys/param.h
configure:12947: result: yes
configure:12960: checking fcntl.h usability
configure:12960: /usr/bin/gcc -c -O2 -I/root/buildroot-2021.05.1/output/host/include  conftest.c >&5
configure:12960: $? = 0
configure:12960: result: yes
configure:12960: checking fcntl.h presence
configure:12960: /usr/bin/gcc -E  conftest.c
configure:12960: $? = 0
configure:12960: result: yes
configure:12960: checking for fcntl.h
configure:12960: result: yes
configure:12960: checking sys/file.h usability
configure:12960: /usr/bin/gcc -c -O2 -I/root/buildroot-2021.05.1/output/host/include  conftest.c >&5
configure:12960: $? = 0
configure:12960: result: yes
configure:12960: checking sys/file.h presence
configure:12960: /usr/bin/gcc -E  conftest.c
configure:12960: $? = 0
configure:12960: result: yes
configure:12960: checking for sys/file.h
configure:12960: result: yes
configure:12960: checking sys/time.h usability
configure:12960: /usr/bin/gcc -c -O2 -I/root/buildroot-2021.05.1/output/host/include  conftest.c >&5
configure:12960: $? = 0
configure:12960: result: yes
configure:12960: checking sys/time.h presence
configure:12960: /usr/bin/gcc -E  conftest.c
configure:12960: $? = 0
configure:12960: result: yes
configure:12960: checking for sys/time.h
configure:12960: result: yes
configure:12960: checking for sys/stat.h
configure:12960: result: yes
configure:12970: checking whether string.h and strings.h may both be included
configure:12987: /usr/bin/gcc -c -O2 -I/root/buildroot-2021.05.1/output/host/include  conftest.c >&5
configure:12987: $? = 0
configure:12994: result: yes
configure:13005: checking for glob
configure:13005: /usr/bin/gcc -o conftest -O2 -I/root/buildroot-2021.05.1/output/host/include   -L/root/buildroot-2021.05.1/output/host/lib -Wl,-rpath,/root/buildroot-2021.05.1/output/host/lib conftest.c -ldl  >&5
configure:13005: $? = 0
configure:13005: result: yes
configure:13005: checking for mkstemp
configure:13005: /usr/bin/gcc -o conftest -O2 -I/root/buildroot-2021.05.1/output/host/include   -L/root/buildroot-2021.05.1/output/host/lib -Wl,-rpath,/root/buildroot-2021.05.1/output/host/lib conftest.c -ldl  >&5
configure:13005: $? = 0
configure:13005: result: yes
configure:13005: checking for realpath
configure:13005: /usr/bin/gcc -o conftest -O2 -I/root/buildroot-2021.05.1/output/host/include   -L/root/buildroot-2021.05.1/output/host/lib -Wl,-rpath,/root/buildroot-2021.05.1/output/host/lib conftest.c -ldl  >&5
configure:13005: $? = 0
configure:13005: result: yes
configure:13005: checking for sbrk
configure:13005: /usr/bin/gcc -o conftest -O2 -I/root/buildroot-2021.05.1/output/host/include   -L/root/buildroot-2021.05.1/output/host/lib -Wl,-rpath,/root/buildroot-2021.05.1/output/host/lib conftest.c -ldl  >&5
configure:13005: $? = 0
configure:13005: result: yes
configure:13005: checking for setlocale
configure:13005: /usr/bin/gcc -o conftest -O2 -I/root/buildroot-2021.05.1/output/host/include   -L/root/buildroot-2021.05.1/output/host/lib -Wl,-rpath,/root/buildroot-2021.05.1/output/host/lib conftest.c -ldl  >&5
configure:13005: $? = 0
configure:13005: result: yes
configure:13005: checking for waitpid
configure:13005: /usr/bin/gcc -o conftest -O2 -I/root/buildroot-2021.05.1/output/host/include   -L/root/buildroot-2021.05.1/output/host/lib -Wl,-rpath,/root/buildroot-2021.05.1/output/host/lib conftest.c -ldl  >&5
configure:13005: $? = 0
configure:13005: result: yes
configure:13017: checking for open
configure:13017: /usr/bin/gcc -o conftest -O2 -I/root/buildroot-2021.05.1/output/host/include   -L/root/buildroot-2021.05.1/output/host/lib -Wl,-rpath,/root/buildroot-2021.05.1/output/host/lib conftest.c -ldl  >&5
configure:13017: $? = 0
configure:13017: result: yes
configure:13017: checking for lseek
configure:13017: /usr/bin/gcc -o conftest -O2 -I/root/buildroot-2021.05.1/output/host/include   -L/root/buildroot-2021.05.1/output/host/lib -Wl,-rpath,/root/buildroot-2021.05.1/output/host/lib conftest.c -ldl  >&5
configure:13017: $? = 0
configure:13017: result: yes
configure:13017: checking for close
configure:13017: /usr/bin/gcc -o conftest -O2 -I/root/buildroot-2021.05.1/output/host/include   -L/root/buildroot-2021.05.1/output/host/lib -Wl,-rpath,/root/buildroot-2021.05.1/output/host/lib conftest.c -ldl  >&5
configure:13017: $? = 0
configure:13017: result: yes
configure:13029: checking for dirent.h that defines DIR
configure:13048: /usr/bin/gcc -c -O2 -I/root/buildroot-2021.05.1/output/host/include  conftest.c >&5
configure:13048: $? = 0
configure:13056: result: yes
configure:13069: checking for library containing opendir
configure:13100: /usr/bin/gcc -o conftest -O2 -I/root/buildroot-2021.05.1/output/host/include   -L/root/buildroot-2021.05.1/output/host/lib -Wl,-rpath,/root/buildroot-2021.05.1/output/host/lib conftest.c -ldl  >&5
configure:13100: $? = 0
configure:13117: result: none required
configure:13191: checking for stdlib.h
configure:13191: result: yes
configure:13191: checking for unistd.h
configure:13191: result: yes
configure:13191: checking for sys/param.h
configure:13191: result: yes
configure:13211: checking for getpagesize
configure:13211: /usr/bin/gcc -o conftest -O2 -I/root/buildroot-2021.05.1/output/host/include   -L/root/buildroot-2021.05.1/output/host/lib -Wl,-rpath,/root/buildroot-2021.05.1/output/host/lib conftest.c -ldl  >&5
configure:13211: $? = 0
configure:13211: result: yes
configure:13220: checking for working mmap
configure:13367: /usr/bin/gcc -o conftest -O2 -I/root/buildroot-2021.05.1/output/host/include   -L/root/buildroot-2021.05.1/output/host/lib -Wl,-rpath,/root/buildroot-2021.05.1/output/host/lib conftest.c -ldl  >&5
configure:13367: $? = 0
configure:13367: ./conftest
configure:13367: $? = 0
configure:13377: result: yes
configure:13387: checking for library containing dlopen
configure:13418: /usr/bin/gcc -o conftest -O2 -I/root/buildroot-2021.05.1/output/host/include   -L/root/buildroot-2021.05.1/output/host/lib -Wl,-rpath,/root/buildroot-2021.05.1/output/host/lib conftest.c -ldl  >&5
configure:13418: $? = 0
configure:13435: result: none required
configure:13461: checking for a known getopt prototype in unistd.h
configure:13477: /usr/bin/gcc -c -O2 -I/root/buildroot-2021.05.1/output/host/include  conftest.c >&5
configure:13477: $? = 0
configure:13485: result: yes
configure:13501: checking whether asprintf is declared
configure:13501: /usr/bin/gcc -c -O2 -I/root/buildroot-2021.05.1/output/host/include  conftest.c >&5
configure:13501: $? = 0
configure:13501: result: yes
configure:13511: checking whether environ is declared
configure:13511: /usr/bin/gcc -c -O2 -I/root/buildroot-2021.05.1/output/host/include  conftest.c >&5
configure:13511: $? = 0
configure:13511: result: yes
configure:13521: checking whether free is declared
configure:13521: /usr/bin/gcc -c -O2 -I/root/buildroot-2021.05.1/output/host/include  conftest.c >&5
configure:13521: $? = 0
configure:13521: result: yes
configure:13531: checking whether getenv is declared
configure:13531: /usr/bin/gcc -c -O2 -I/root/buildroot-2021.05.1/output/host/include  conftest.c >&5
configure:13531: $? = 0
configure:13531: result: yes
configure:13541: checking whether sbrk is declared
configure:13541: /usr/bin/gcc -c -O2 -I/root/buildroot-2021.05.1/output/host/include  conftest.c >&5
configure:13541: $? = 0
configure:13541: result: yes
configure:13551: checking whether strstr is declared
configure:13551: /usr/bin/gcc -c -O2 -I/root/buildroot-2021.05.1/output/host/include  conftest.c >&5
configure:13551: $? = 0
configure:13551: result: yes
configure:13589: checking whether ANSI C string concatenation works
configure:13605: /usr/bin/gcc -c -O2 -I/root/buildroot-2021.05.1/output/host/include  conftest.c >&5
configure:13605: $? = 0
configure:13613: result: yes
configure:13638: checking size of void *
configure:13643: /usr/bin/gcc -o conftest -O2 -I/root/buildroot-2021.05.1/output/host/include   -L/root/buildroot-2021.05.1/output/host/lib -Wl,-rpath,/root/buildroot-2021.05.1/output/host/lib conftest.c -ldl  >&5
configure:13643: $? = 0
configure:13643: ./conftest
configure:13643: $? = 0
configure:13657: result: 8
configure:13961: updating cache ./config.cache
configure:14005: checking that generated files are newer than configure
configure:14011: result: done
configure:14054: creating ./config.status

## ---------------------- ##
## Running config.status. ##
## ---------------------- ##

This file was extended by ld config.status 2.35.2, which was
generated by GNU Autoconf 2.69.  Invocation command line was

  CONFIG_FILES    = 
  CONFIG_HEADERS  = 
  CONFIG_LINKS    = 
  CONFIG_COMMANDS = 
  $ ./config.status 

on racknerd-c383c8

config.status:1255: creating Makefile
config.status:1255: creating po/Makefile.in
config.status:1255: creating config.h
config.status:1484: executing depfiles commands
config.status:1484: executing libtool commands
config.status:1484: executing default-1 commands
config.status:1484: executing default commands

## ---------------- ##
## Cache variables. ##
## ---------------- ##

ac_cv_build=x86_64-pc-linux-gnu
ac_cv_c_compiler_gnu=yes
ac_cv_cxx_compiler_gnu=yes
ac_cv_env_CCC_set=
ac_cv_env_CCC_value=
ac_cv_env_CC_set=set
ac_cv_env_CC_value=/usr/bin/gcc
ac_cv_env_CFLAGS_set=set
ac_cv_env_CFLAGS_value='-O2 -I/root/buildroot-2021.05.1/output/host/include'
ac_cv_env_CPPFLAGS_set=
ac_cv_env_CPPFLAGS_value=
ac_cv_env_CPP_set=
ac_cv_env_CPP_value=
ac_cv_env_CXXCPP_set=
ac_cv_env_CXXCPP_value=
ac_cv_env_CXXFLAGS_set=set
ac_cv_env_CXXFLAGS_value='-O2 -I/root/buildroot-2021.05.1/output/host/include'
ac_cv_env_CXX_set=set
ac_cv_env_CXX_value=/usr/bin/g++
ac_cv_env_LDFLAGS_set=set
ac_cv_env_LDFLAGS_value=' -L/root/buildroot-2021.05.1/output/host/lib -Wl,-rpath,/root/buildroot-2021.05.1/output/host/lib'
ac_cv_env_LIBS_set=
ac_cv_env_LIBS_value=
ac_cv_env_YACC_set=set
ac_cv_env_YACC_value='/root/buildroot-2021.05.1/output/build/host-binutils-2.35.2/missing bison -y'
ac_cv_env_YFLAGS_set=
ac_cv_env_YFLAGS_value=
ac_cv_env_build_alias_set=set
ac_cv_env_build_alias_value=x86_64-pc-linux-gnu
ac_cv_env_host_alias_set=set
ac_cv_env_host_alias_value=x86_64-pc-linux-gnu
ac_cv_env_target_alias_set=set
ac_cv_env_target_alias_value=x86_64-buildroot-linux-uclibc
ac_cv_func_close=yes
ac_cv_func_getpagesize=yes
ac_cv_func_glob=yes
ac_cv_func_lseek=yes
ac_cv_func_mkstemp=yes
ac_cv_func_mmap_fixed_mapped=yes
ac_cv_func_open=yes
ac_cv_func_realpath=yes
ac_cv_func_sbrk=yes
ac_cv_func_setlocale=yes
ac_cv_func_waitpid=yes
ac_cv_have_decl_asprintf=yes
ac_cv_have_decl_environ=yes
ac_cv_have_decl_free=yes
ac_cv_have_decl_getenv=yes
ac_cv_have_decl_sbrk=yes
ac_cv_have_decl_strstr=yes
ac_cv_header_dirent_dirent_h=yes
ac_cv_header_dlfcn_h=yes
ac_cv_header_elf_hints_h=no
ac_cv_header_fcntl_h=yes
ac_cv_header_inttypes_h=yes
ac_cv_header_limits_h=yes
ac_cv_header_locale_h=yes
ac_cv_header_memory_h=yes
ac_cv_header_minix_config_h=no
ac_cv_header_stdc=yes
ac_cv_header_stdint_h=yes
ac_cv_header_stdlib_h=yes
ac_cv_header_string_h=yes
ac_cv_header_strings_h=yes
ac_cv_header_sys_file_h=yes
ac_cv_header_sys_param_h=yes
ac_cv_header_sys_stat_h=yes
ac_cv_header_sys_time_h=yes
ac_cv_header_sys_types_h=yes
ac_cv_header_unistd_h=yes
ac_cv_header_windows_h=no
ac_cv_host=x86_64-pc-linux-gnu
ac_cv_objext=o
ac_cv_path_EGREP='/usr/bin/grep -E'
ac_cv_path_FGREP='/usr/bin/grep -F'
ac_cv_path_GMSGFMT=:
ac_cv_path_GREP=/usr/bin/grep
ac_cv_path_MSGFMT=:
ac_cv_path_MSGMERGE=:
ac_cv_path_SED=/usr/bin/sed
ac_cv_path_XGETTEXT=:
ac_cv_path_mkdir=/usr/bin/mkdir
ac_cv_prog_AR=/usr/bin/ar
ac_cv_prog_AWK=mawk
ac_cv_prog_CC=/usr/bin/gcc
ac_cv_prog_CPP='/usr/bin/gcc -E'
ac_cv_prog_CXXCPP='/usr/bin/g++ -E'
ac_cv_prog_LEX='/root/buildroot-2021.05.1/output/build/host-binutils-2.35.2/missing flex'
ac_cv_prog_OBJDUMP=objdump
ac_cv_prog_RANLIB=/usr/bin/ranlib
ac_cv_prog_YACC='/root/buildroot-2021.05.1/output/build/host-binutils-2.35.2/missing bison -y'
ac_cv_prog_ac_ct_STRIP=strip
ac_cv_prog_cc_c89=
ac_cv_prog_cc_g=yes
ac_cv_prog_cxx_g=yes
ac_cv_prog_make__usr_bin_make_set=yes
ac_cv_safe_to_define___extensions__=yes
ac_cv_search_dlopen='none required'
ac_cv_search_dlsym=-ldl
ac_cv_search_opendir='none required'
ac_cv_search_strerror='none required'
ac_cv_sizeof_void_p=8
ac_cv_sys_file_offset_bits=no
ac_cv_sys_largefile_CC=no
ac_cv_target=x86_64-buildroot-linux-uclibc
am_cv_CC_dependencies_compiler_type=none
am_cv_CXX_dependencies_compiler_type=none
am_cv_make_support_nested_variables=yes
am_cv_prog_cc_c_o=yes
am_cv_val_LC_MESSAGES=yes
gcc_cv_header_string=yes
gcc_cv_prog_cmp_skip='cmp --ignore-initial=16 $$f1 $$f2'
ld_cv_decl_getopt_unistd_h=yes
ld_cv_string_concatenation=yes
lt_cv_deplibs_check_method=pass_all
lt_cv_file_magic_cmd='$MAGIC_CMD'
lt_cv_file_magic_test_file=
lt_cv_ld_reload_flag=-r
lt_cv_nm_interface='BSD nm'
lt_cv_objdir=.libs
lt_cv_path_LD=/usr/bin/ld
lt_cv_path_LDCXX='/usr/bin/ld -m elf_x86_64'
lt_cv_path_NM=/usr/bin/nm
lt_cv_prog_compiler_c_o=yes
lt_cv_prog_compiler_c_o_CXX=yes
lt_cv_prog_compiler_pic_works=yes
lt_cv_prog_compiler_pic_works_CXX=yes
lt_cv_prog_compiler_rtti_exceptions=no
lt_cv_prog_compiler_static_works=yes
lt_cv_prog_compiler_static_works_CXX=yes
lt_cv_prog_gnu_ld=yes
lt_cv_prog_gnu_ldcxx=yes
lt_cv_shlibpath_overrides_runpath=yes
lt_cv_sys_global_symbol_pipe='sed -n -e '\''s/^.*[	 ]\([ABCDGIRSTW][ABCDGIRSTW]*\)[	 ][	 ]*\([_A-Za-z][_A-Za-z0-9]*\)$/\1 \2 \2/p'\'''
lt_cv_sys_global_symbol_to_c_name_address='sed -n -e '\''s/^: \([^ ]*\) $/  {\"\1\", (void *) 0},/p'\'' -e '\''s/^[ABCDGIRSTW]* \([^ ]*\) \([^ ]*\)$/  {"\2", (void *) \&\2},/p'\'''
lt_cv_sys_global_symbol_to_c_name_address_lib_prefix='sed -n -e '\''s/^: \([^ ]*\) $/  {\"\1\", (void *) 0},/p'\'' -e '\''s/^[ABCDGIRSTW]* \([^ ]*\) \(lib[^ ]*\)$/  {"\2", (void *) \&\2},/p'\'' -e '\''s/^[ABCDGIRSTW]* \([^ ]*\) \([^ ]*\)$/  {"lib\2", (void *) \&\2},/p'\'''
lt_cv_sys_global_symbol_to_cdecl='sed -n -e '\''s/^T .* \(.*\)$/extern int \1();/p'\'' -e '\''s/^[ABCDGIRSTW]* .* \(.*\)$/extern char \1;/p'\'''
lt_cv_sys_max_cmd_len=1572864

## ----------------- ##
## Output variables. ##
## ----------------- ##

ACLOCAL='${SHELL} /root/buildroot-2021.05.1/output/build/host-binutils-2.35.2/missing aclocal-1.15'
AMDEPBACKSLASH=''
AMDEP_FALSE=''
AMDEP_TRUE='#'
AMTAR='$${TAR-tar}'
AM_BACKSLASH='\'
AM_DEFAULT_V='$(AM_DEFAULT_VERBOSITY)'
AM_DEFAULT_VERBOSITY='1'
AM_V='$(V)'
AR='/usr/bin/ar'
AUTOCONF='${SHELL} /root/buildroot-2021.05.1/output/build/host-binutils-2.35.2/missing autoconf'
AUTOHEADER='${SHELL} /root/buildroot-2021.05.1/output/build/host-binutils-2.35.2/missing autoheader'
AUTOMAKE='${SHELL} /root/buildroot-2021.05.1/output/build/host-binutils-2.35.2/missing automake-1.15'
AWK='mawk'
CATALOGS=''
CATOBJEXT=''
CC='/usr/bin/gcc'
CCDEPMODE='depmode=none'
CFLAGS='-O2 -I/root/buildroot-2021.05.1/output/host/include'
CPP='/usr/bin/gcc -E'
CPPFLAGS=''
CXX='/usr/bin/g++'
CXXCPP='/usr/bin/g++ -E'
CXXDEPMODE='depmode=none'
CXXFLAGS='-O2 -I/root/buildroot-2021.05.1/output/host/include'
CYGPATH_W='echo'
DATADIRNAME=''
DEFS='-DHAVE_CONFIG_H'
DEPDIR='.deps'
DSYMUTIL=''
DUMPBIN=''
ECHO_C=''
ECHO_N='-n'
ECHO_T=''
EGREP='/usr/bin/grep -E'
EMUL='elf_x86_64'
EMULATION_LIBPATH='elf_x86_64 elf_i386 elf32_x86_64 elf_l1om elf_k1om'
EMULATION_OFILES=' eelf_x86_64.o eelf32_x86_64.o eelf_i386.o eelf_iamcu.o eelf_l1om.o eelf_k1om.o'
EMUL_EXTRA_OFILES=' ldelf.o ldelfgen.o'
ENABLE_LIBCTF_FALSE='#'
ENABLE_LIBCTF_TRUE=''
EXEEXT=''
FGREP='/usr/bin/grep -F'
GENCAT=''
GENINSRC_NEVER_FALSE=''
GENINSRC_NEVER_TRUE='#'
GMSGFMT=':'
GREP='/usr/bin/grep'
HDEFINES=''
INCINTL=''
INSTALL_DATA='/usr/bin/install -c -m 644'
INSTALL_PROGRAM='/usr/bin/install -c'
INSTALL_SCRIPT='/usr/bin/install -c'
INSTALL_STRIP_PROGRAM='$(install_sh) -c -s'
INSTOBJEXT=''
LD='/usr/bin/ld -m elf_x86_64'
LDFLAGS=' -L/root/buildroot-2021.05.1/output/host/lib -Wl,-rpath,/root/buildroot-2021.05.1/output/host/lib'
LEX='/root/buildroot-2021.05.1/output/build/host-binutils-2.35.2/missing flex'
LEXLIB=''
LEX_OUTPUT_ROOT=''
LIBINTL=''
LIBINTL_DEP=''
LIBOBJS=''
LIBS='-ldl '
LIBTOOL='$(SHELL) $(top_builddir)/libtool'
LIB_PATH=''
LIPO=''
LN_S='ln -s'
LTLIBOBJS=''
MAINT='#'
MAINTAINER_MODE_FALSE=''
MAINTAINER_MODE_TRUE='#'
MAKEINFO='true --split-size=5000000'
MKDIR_P='/usr/bin/mkdir -p'
MKINSTALLDIRS='$(top_builddir)/./../mkinstalldirs'
MSGFMT=':'
MSGMERGE=':'
NATIVE_LIB_DIRS='/usr/local/lib /lib /usr/lib'
NM='/usr/bin/nm'
NMEDIT=''
NO_WERROR=''
OBJDUMP='objdump'
OBJEXT='o'
OTOOL64=''
OTOOL=''
PACKAGE='ld'
PACKAGE_BUGREPORT=''
PACKAGE_NAME='ld'
PACKAGE_STRING='ld 2.35.2'
PACKAGE_TARNAME='ld'
PACKAGE_URL=''
PACKAGE_VERSION='2.35.2'
PATH_SEPARATOR=':'
POSUB=''
RANLIB='/usr/bin/ranlib'
SED='/usr/bin/sed'
SET_MAKE=''
SHELL='/bin/bash'
STRINGIFY='astring.sed'
STRIP='strip'
TARGET_SYSTEM_ROOT='/root/buildroot-2021.05.1/output/host/x86_64-buildroot-linux-uclibc/sysroot'
TARGET_SYSTEM_ROOT_DEFINE='-DTARGET_SYSTEM_ROOT=\"$(TARGET_SYSTEM_ROOT)\" -DTARGET_SYSTEM_ROOT_RELOCATABLE'
TDIRS='
TESTBFDLIB='../bfd/.libs/libbfd.a'
TESTCTFLIB='../libctf/.libs/libctf.a'
USE_NLS='no'
VERSION='2.35.2'
WARN_CFLAGS='-W -Wall -Wstrict-prototypes -Wmissing-prototypes -Wshadow -Wstack-usage=262144'
WARN_CFLAGS_FOR_BUILD='-W -Wall -Wstrict-prototypes -Wmissing-prototypes -Wshadow -Wstack-usage=262144'
WARN_WRITE_STRINGS='-Wwrite-strings'
XGETTEXT=':'
YACC='/root/buildroot-2021.05.1/output/build/host-binutils-2.35.2/missing bison -y'
YFLAGS=''
ac_ct_CC=''
ac_ct_CXX=''
ac_ct_DUMPBIN=''
am__EXEEXT_FALSE=''
am__EXEEXT_TRUE='#'
am__fastdepCC_FALSE=''
am__fastdepCC_TRUE='#'
am__fastdepCXX_FALSE=''
am__fastdepCXX_TRUE='#'
am__include='include'
am__isrc=''
am__leading_dot='.'
am__nodep=''
am__quote=''
am__tar='$${TAR-tar} chof - "$$tardir"'
am__untar='$${TAR-tar} xf -'
bindir='${exec_prefix}/bin'
build='x86_64-pc-linux-gnu'
build_alias='x86_64-pc-linux-gnu'
build_cpu='x86_64'
build_os='linux-gnu'
build_vendor='pc'
datadir='${datarootdir}'
datarootdir='${prefix}/share'
do_compare='cmp --ignore-initial=16 $$f1 $$f2'
docdir='${datarootdir}/doc/${PACKAGE_TARNAME}'
dvidir='${docdir}'
elf_list_options='TRUE'
elf_plt_unwind_list_options='TRUE'
elf_shlib_list_options='TRUE'
enable_initfini_array='yes'
exec_prefix='${prefix}'
host='x86_64-pc-linux-gnu'
host_alias='x86_64-pc-linux-gnu'
host_cpu='x86_64'
host_os='linux-gnu'
host_vendor='pc'
htmldir='${docdir}'
includedir='${prefix}/include'
infodir='${datarootdir}/info'
install_as_default='yes'
install_sh='${SHELL} /root/buildroot-2021.05.1/output/build/host-binutils-2.35.2/install-sh'
installed_linker='ld.bfd'
libdir='${exec_prefix}/lib'
libexecdir='${exec_prefix}/libexec'
localedir='${datarootdir}/locale'
localstatedir='/root/buildroot-2021.05.1/output/host/var'
mandir='${datarootdir}/man'
mkdir_p='$(MKDIR_P)'
oldincludedir='/usr/include'
pdfdir='${docdir}'
prefix='/root/buildroot-2021.05.1/output/host'
program_transform_name='s&^&x86_64-buildroot-linux-uclibc-&'
psdir='${docdir}'
sbindir='${exec_prefix}/sbin'
sharedstatedir='${prefix}/com'
sysconfdir='/root/buildroot-2021.05.1/output/host/etc'
target='x86_64-buildroot-linux-uclibc'
target_alias='x86_64-buildroot-linux-uclibc'
target_cpu='x86_64'
target_os='linux-uclibc'
target_vendor='buildroot'
tdir_elf32_x86_64=x86_64-buildroot-linux-uclibc
tdir_elf_i386=i386-buildroot-linux-uclibc
tdir_elf_iamcu=x86_64-buildroot-linux-uclibc
tdir_elf_k1om=x86_64-buildroot-linux-uclibc'
tdir_elf_l1om=x86_64-buildroot-linux-uclibc
tdir_elf_x86_64=x86_64-buildroot-linux-uclibc
use_sysroot='yes'
zlibdir='-L$(top_builddir)/../zlib'
zlibinc='-I$(top_srcdir)/../zlib'

## ----------- ##
## confdefs.h. ##
## ----------- ##

/* confdefs.h */
#define PACKAGE_NAME "ld"
#define PACKAGE_TARNAME "ld"
#define PACKAGE_VERSION "2.35.2"
#define PACKAGE_STRING "ld 2.35.2"
#define PACKAGE_BUGREPORT ""
#define PACKAGE_URL ""
#define PACKAGE "ld"
#define VERSION "2.35.2"
#define STDC_HEADERS 1
#define HAVE_SYS_TYPES_H 1
#define HAVE_SYS_STAT_H 1
#define HAVE_STDLIB_H 1
#define HAVE_STRING_H 1
#define HAVE_MEMORY_H 1
#define HAVE_STRINGS_H 1
#define HAVE_INTTYPES_H 1
#define HAVE_STDINT_H 1
#define HAVE_UNISTD_H 1
#define __EXTENSIONS__ 1
#define _ALL_SOURCE 1
#define _GNU_SOURCE 1
#define _POSIX_PTHREAD_SEMANTICS 1
#define _TANDEM_SOURCE 1
#define HAVE_DLFCN_H 1
#define LT_OBJDIR ".libs/"
#define HAVE_DLFCN_H 1
#define ENABLE_POISON_SYSTEM_DIRECTORIES 1
#define GOT_HANDLING_DEFAULT GOT_HANDLING_TARGET_DEFAULT
#define ENABLE_LIBCTF 1
#define HAVE_LC_MESSAGES 1
#define HAVE_STRING_H 1
#define HAVE_STRINGS_H 1
#define HAVE_STDLIB_H 1
#define HAVE_UNISTD_H 1
#define HAVE_LIMITS_H 1
#define HAVE_LOCALE_H 1
#define HAVE_SYS_PARAM_H 1
#define HAVE_FCNTL_H 1
#define HAVE_SYS_FILE_H 1
#define HAVE_SYS_TIME_H 1
#define HAVE_SYS_STAT_H 1
#define STRING_WITH_STRINGS 1
#define HAVE_GLOB 1
#define HAVE_MKSTEMP 1
#define HAVE_REALPATH 1
#define HAVE_SBRK 1
#define HAVE_SETLOCALE 1
#define HAVE_WAITPID 1
#define HAVE_OPEN 1
#define HAVE_LSEEK 1
#define HAVE_CLOSE 1
#define HAVE_DIRENT_H 1
#define HAVE_STDLIB_H 1
#define HAVE_UNISTD_H 1
#define HAVE_SYS_PARAM_H 1
#define HAVE_GETPAGESIZE 1
#define HAVE_MMAP 1
#define HAVE_INITFINI_ARRAY 1
#define HAVE_DECL_GETOPT 1
#define HAVE_DECL_ASPRINTF 1
#define HAVE_DECL_ENVIRON 1
#define HAVE_DECL_FREE 1
#define HAVE_DECL_GETENV 1
#define HAVE_DECL_SBRK 1
#define HAVE_DECL_STRSTR 1
#define SIZEOF_VOID_P 8
#define DEFAULT_NEW_DTAGS 0
#define DEFAULT_LD_Z_RELRO 1
#define DEFAULT_LD_TEXTREL_CHECK textrel_check_warning
#define DEFAULT_LD_TEXTREL_CHECK_WARNING 1
#define DEFAULT_LD_Z_SEPARATE_CODE 1
#define DEFAULT_EMIT_SYSV_HASH 1
#define DEFAULT_EMIT_GNU_HASH 1

configure: exit 0

## ---------------------- ##
## Running config.status. ##
## ---------------------- ##

This file was extended by ld config.status 2.35.2, which was
generated by GNU Autoconf 2.69.  Invocation command line was

  CONFIG_FILES    = po/Makefile.in:po/Make-in
  CONFIG_HEADERS  = 
  CONFIG_LINKS    = 
  CONFIG_COMMANDS = 
  $ ./config.status 

on racknerd-c383c8

config.status:1255: creating po/Makefile.in
config.status:1484: executing depfiles commands
config.status:1484: executing libtool commands
config.status:1484: executing default-1 commands
config.status:1484: executing default commands
