This file contains any messages produced by compilers while
running configure, to aid debugging if configure makes a mistake.

It was created by gas configure 2.35.2, which was
generated by GNU Autoconf 2.69.  Invocation command line was

  $ /root/buildroot-2021.05.1/output/build/host-binutils-2.35.2/gas/configure --srcdir=.././gas --cache-file=./config.cache --with-gnu-as --with-gnu-ld --prefix=/root/buildroot-2021.05.1/output/host --sysconfdir=/root/buildroot-2021.05.1/output/host/etc --localstatedir=/root/buildroot-2021.05.1/output/host/var --enable-shared --disable-static --disable-gtk-doc --disable-gtk-doc-html --disable-doc --disable-docs --disable-documentation --disable-debug --with-xmlto=no --with-fop=no --disable-nls --disable-dependency-tracking --disable-multilib --disable-werror --disable-shared --enable-static --with-sysroot=/root/buildroot-2021.05.1/output/host/x86_64-buildroot-linux-uclibc/sysroot --enable-poison-system-directories --without-debuginfod --disable-sim --disable-gdb --program-transform-name=s&^&x86_64-buildroot-linux-uclibc-& --disable-option-checking --build=x86_64-pc-linux-gnu --host=x86_64-pc-linux-gnu --target=x86_64-buildroot-linux-uclibc

## --------- ##
## Platform. ##
## --------- ##

hostname = racknerd-c383c8
uname -m = x86_64
uname -r = 4.19.0-6-amd64
uname -s = Linux
uname -v = #1 SMP Debian 4.19.67-2+deb10u1 (2019-09-20)

/usr/bin/uname -p = unknown
/bin/uname -X     = unknown

/bin/arch              = x86_64
/usr/bin/arch -k       = unknown
/usr/convex/getsysinfo = unknown
/usr/bin/hostinfo      = unknown
/bin/machine           = unknown
/usr/bin/oslevel       = unknown
/bin/universe          = unknown

PATH: /root/buildroot-2021.05.1/output/host/bin
PATH: /root/buildroot-2021.05.1/output/host/sbin
PATH: /usr/local/sbin
PATH: /usr/local/bin
PATH: /usr/sbin
PATH: /usr/bin
PATH: /sbin
PATH: /bin


## ----------- ##
## Core tests. ##
## ----------- ##

configure:2315: creating cache ./config.cache
configure:2426: checking build system type
configure:2440: result: x86_64-pc-linux-gnu
configure:2460: checking host system type
configure:2473: result: x86_64-pc-linux-gnu
configure:2493: checking target system type
configure:2506: result: x86_64-buildroot-linux-uclibc
configure:2543: checking for x86_64-pc-linux-gnu-gcc
configure:2570: result: /usr/bin/gcc
configure:2839: checking for C compiler version
configure:2848: /usr/bin/gcc --version >&5
gcc (Debian 8.3.0-6) 8.3.0
Copyright (C) 2018 Free Software Foundation, Inc.
This is free software; see the source for copying conditions.  There is NO
warranty; not even for MERCHANTABILITY or FITNESS FOR A PARTICULAR PURPOSE.

configure:2859: $? = 0
configure:2848: /usr/bin/gcc -v >&5
Using built-in specs.
COLLECT_GCC=/usr/bin/gcc
COLLECT_LTO_WRAPPER=/usr/lib/gcc/x86_64-linux-gnu/8/lto-wrapper
OFFLOAD_TARGET_NAMES=nvptx-none
OFFLOAD_TARGET_DEFAULT=1
Target: x86_64-linux-gnu
Configured with: ../src/configure -v --with-pkgversion='Debian 8.3.0-6' --with-bugurl=file:///usr/share/doc/gcc-8/README.Bugs --enable-languages=c,ada,c++,go,brig,d,fortran,objc,obj-c++ --prefix=/usr --with-gcc-major-version-only --program-suffix=-8 --program-prefix=x86_64-linux-gnu- --enable-shared --enable-linker-build-id --libexecdir=/usr/lib --without-included-gettext --enable-threads=posix --libdir=/usr/lib --enable-nls --enable-bootstrap --enable-clocale=gnu --enable-libstdcxx-debug --enable-libstdcxx-time=yes --with-default-libstdcxx-abi=new --enable-gnu-unique-object --disable-vtable-verify --enable-libmpx --enable-plugin --enable-default-pie --with-system-zlib --with-target-system-zlib --enable-objc-gc=auto --enable-multiarch --disable-werror --with-arch-32=i686 --with-abi=m64 --with-multilib-list=m32,m64,mx32 --enable-multilib --with-tune=generic --enable-offload-targets=nvptx-none --without-cuda-driver --enable-checking=release --build=x86_64-linux-gnu --host=x86_64-linux-gnu --target=x86_64-linux-gnu
Thread model: posix
gcc version 8.3.0 (Debian 8.3.0-6) 
configure:2859: $? = 0
configure:2848: /usr/bin/gcc -V >&5
gcc: error: unrecognized command line option '-V'
gcc: fatal error: no input files
compilation terminated.
configure:2859: $? = 1
configure:2848: /usr/bin/gcc -qversion >&5
gcc: error: unrecognized command line option '-qversion'; did you mean '--version'?
gcc: fatal error: no input files
compilation terminated.
configure:2859: $? = 1
configure:2879: checking whether the C compiler works
configure:2901: /usr/bin/gcc -O2 -I/root/buildroot-2021.05.1/output/host/include   -L/root/buildroot-2021.05.1/output/host/lib -Wl,-rpath,/root/buildroot-2021.05.1/output/host/lib conftest.c  >&5
configure:2905: $? = 0
configure:2953: result: yes
configure:2956: checking for C compiler default output file name
configure:2958: result: a.out
configure:2964: checking for suffix of executables
configure:2971: /usr/bin/gcc -o conftest -O2 -I/root/buildroot-2021.05.1/output/host/include   -L/root/buildroot-2021.05.1/output/host/lib -Wl,-rpath,/root/buildroot-2021.05.1/output/host/lib conftest.c  >&5
configure:2975: $? = 0
configure:2997: result: 
configure:3019: checking whether we are cross compiling
configure:3027: /usr/bin/gcc -o conftest -O2 -I/root/buildroot-2021.05.1/output/host/include   -L/root/buildroot-2021.05.1/output/host/lib -Wl,-rpath,/root/buildroot-2021.05.1/output/host/lib conftest.c  >&5
configure:3031: $? = 0
configure:3038: ./conftest
configure:3042: $? = 0
configure:3030: result: no
configure:3035: checking for suffix of object files
configure:3057: /usr/bin/gcc -c -O2 -I/root/buildroot-2021.05.1/output/host/include  conftest.c >&5
configure:3061: $? = 0
configure:3082: result: o
configure:3086: checking whether we are using the GNU C compiler
configure:3105: /usr/bin/gcc -c -O2 -I/root/buildroot-2021.05.1/output/host/include  conftest.c >&5
configure:3105: $? = 0
configure:3114: result: yes
configure:3123: checking whether /usr/bin/gcc accepts -g
configure:3143: /usr/bin/gcc -c -g  conftest.c >&5
configure:3143: $? = 0
configure:3184: result: yes
configure:3201: checking for /usr/bin/gcc option to accept ISO C89
configure:3264: /usr/bin/gcc  -c -O2 -I/root/buildroot-2021.05.1/output/host/include  conftest.c >&5
configure:3264: $? = 0
configure:3277: result: none needed
configure:3302: checking whether /usr/bin/gcc understands -c and -o together
configure:3324: /usr/bin/gcc -c conftest.c -o conftest2.o
configure:3327: $? = 0
configure:3324: /usr/bin/gcc -c conftest.c -o conftest2.o
configure:3327: $? = 0
configure:3339: result: yes
configure:3357: checking for library containing strerror
configure:3388: /usr/bin/gcc -o conftest -O2 -I/root/buildroot-2021.05.1/output/host/include   -L/root/buildroot-2021.05.1/output/host/lib -Wl,-rpath,/root/buildroot-2021.05.1/output/host/lib conftest.c  >&5
configure:3388: $? = 0
configure:3405: result: none required
configure:3430: checking for a BSD-compatible install
configure:3498: result: /usr/bin/install -c
configure:3509: checking whether build environment is sane
configure:3564: result: yes
configure:3710: checking for a thread-safe mkdir -p
configure:3749: result: /usr/bin/mkdir -p
configure:3756: checking for gawk
configure:3783: result: mawk
configure:3794: checking whether /usr/bin/make sets $(MAKE)
configure:3816: result: yes
configure:3846: checking for style of include used by /usr/bin/make
configure:3874: result: GNU
configure:3908: checking whether /usr/bin/make supports nested variables
configure:3925: result: yes
configure:4010: checking dependency style of /usr/bin/gcc
configure:4121: result: none
configure:4188: checking for x86_64-pc-linux-gnu-gcc
configure:4215: result: /usr/bin/gcc
configure:4484: checking for C compiler version
configure:4493: /usr/bin/gcc --version >&5
gcc (Debian 8.3.0-6) 8.3.0
Copyright (C) 2018 Free Software Foundation, Inc.
This is free software; see the source for copying conditions.  There is NO
warranty; not even for MERCHANTABILITY or FITNESS FOR A PARTICULAR PURPOSE.

configure:4504: $? = 0
configure:4493: /usr/bin/gcc -v >&5
Using built-in specs.
COLLECT_GCC=/usr/bin/gcc
COLLECT_LTO_WRAPPER=/usr/lib/gcc/x86_64-linux-gnu/8/lto-wrapper
OFFLOAD_TARGET_NAMES=nvptx-none
OFFLOAD_TARGET_DEFAULT=1
Target: x86_64-linux-gnu
Configured with: ../src/configure -v --with-pkgversion='Debian 8.3.0-6' --with-bugurl=file:///usr/share/doc/gcc-8/README.Bugs --enable-languages=c,ada,c++,go,brig,d,fortran,objc,obj-c++ --prefix=/usr --with-gcc-major-version-only --program-suffix=-8 --program-prefix=x86_64-linux-gnu- --enable-shared --enable-linker-build-id --libexecdir=/usr/lib --without-included-gettext --enable-threads=posix --libdir=/usr/lib --enable-nls --enable-bootstrap --enable-clocale=gnu --enable-libstdcxx-debug --enable-libstdcxx-time=yes --with-default-libstdcxx-abi=new --enable-gnu-unique-object --disable-vtable-verify --enable-libmpx --enable-plugin --enable-default-pie --with-system-zlib --with-target-system-zlib --enable-objc-gc=auto --enable-multiarch --disable-werror --with-arch-32=i686 --with-abi=m64 --with-multilib-list=m32,m64,mx32 --enable-multilib --with-tune=generic --enable-offload-targets=nvptx-none --without-cuda-driver --enable-checking=release --build=x86_64-linux-gnu --host=x86_64-linux-gnu --target=x86_64-linux-gnu
Thread model: posix
gcc version 8.3.0 (Debian 8.3.0-6) 
configure:4504: $? = 0
configure:4493: /usr/bin/gcc -V >&5
gcc: error: unrecognized command line option '-V'
gcc: fatal error: no input files
compilation terminated.
configure:4504: $? = 1
configure:4493: /usr/bin/gcc -qversion >&5
gcc: error: unrecognized command line option '-qversion'; did you mean '--version'?
gcc: fatal error: no input files
compilation terminated.
configure:4504: $? = 1
configure:4508: checking whether we are using the GNU C compiler
configure:4536: result: yes
configure:4545: checking whether /usr/bin/gcc accepts -g
configure:4606: result: yes
configure:4623: checking for /usr/bin/gcc option to accept ISO C89
configure:4699: result: none needed
configure:4724: checking whether /usr/bin/gcc understands -c and -o together
configure:4761: result: yes
configure:4783: checking how to run the C preprocessor
configure:4814: /usr/bin/gcc -E  conftest.c
configure:4814: $? = 0
configure:4828: /usr/bin/gcc -E  conftest.c
conftest.c:11:10: fatal error: ac_nonexistent.h: No such file or directory
 #include <ac_nonexistent.h>
          ^~~~~~~~~~~~~~~~~~
compilation terminated.
configure:4828: $? = 1
configure: failed program was:
| /* confdefs.h */
| #define PACKAGE_NAME "gas"
| #define PACKAGE_TARNAME "gas"
| #define PACKAGE_VERSION "2.35.2"
| #define PACKAGE_STRING "gas 2.35.2"
| #define PACKAGE_BUGREPORT ""
| #define PACKAGE_URL ""
| #define PACKAGE "gas"
| #define VERSION "2.35.2"
| /* end confdefs.h.  */
| #include <ac_nonexistent.h>
configure:4853: result: /usr/bin/gcc -E
configure:4873: /usr/bin/gcc -E  conftest.c
configure:4873: $? = 0
configure:4887: /usr/bin/gcc -E  conftest.c
conftest.c:11:10: fatal error: ac_nonexistent.h: No such file or directory
 #include <ac_nonexistent.h>
          ^~~~~~~~~~~~~~~~~~
compilation terminated.
configure:4887: $? = 1
configure: failed program was:
| /* confdefs.h */
| #define PACKAGE_NAME "gas"
| #define PACKAGE_TARNAME "gas"
| #define PACKAGE_VERSION "2.35.2"
| #define PACKAGE_STRING "gas 2.35.2"
| #define PACKAGE_BUGREPORT ""
| #define PACKAGE_URL ""
| #define PACKAGE "gas"
| #define VERSION "2.35.2"
| /* end confdefs.h.  */
| #include <ac_nonexistent.h>
configure:4916: checking for grep that handles long lines and -e
configure:4974: result: /usr/bin/grep
configure:4979: checking for egrep
configure:5041: result: /usr/bin/grep -E
configure:5046: checking for ANSI C header files
configure:5066: /usr/bin/gcc -c -O2 -I/root/buildroot-2021.05.1/output/host/include  conftest.c >&5
configure:5066: $? = 0
configure:5139: /usr/bin/gcc -o conftest -O2 -I/root/buildroot-2021.05.1/output/host/include   -L/root/buildroot-2021.05.1/output/host/lib -Wl,-rpath,/root/buildroot-2021.05.1/output/host/lib conftest.c  >&5
configure:5139: $? = 0
configure:5139: ./conftest
configure:5139: $? = 0
configure:5150: result: yes
configure:5163: checking for sys/types.h
configure:5163: /usr/bin/gcc -c -O2 -I/root/buildroot-2021.05.1/output/host/include  conftest.c >&5
configure:5163: $? = 0
configure:5163: result: yes
configure:5163: checking for sys/stat.h
configure:5163: /usr/bin/gcc -c -O2 -I/root/buildroot-2021.05.1/output/host/include  conftest.c >&5
configure:5163: $? = 0
configure:5163: result: yes
configure:5163: checking for stdlib.h
configure:5163: /usr/bin/gcc -c -O2 -I/root/buildroot-2021.05.1/output/host/include  conftest.c >&5
configure:5163: $? = 0
configure:5163: result: yes
configure:5163: checking for string.h
configure:5163: /usr/bin/gcc -c -O2 -I/root/buildroot-2021.05.1/output/host/include  conftest.c >&5
configure:5163: $? = 0
configure:5163: result: yes
configure:5163: checking for memory.h
configure:5163: /usr/bin/gcc -c -O2 -I/root/buildroot-2021.05.1/output/host/include  conftest.c >&5
configure:5163: $? = 0
configure:5163: result: yes
configure:5163: checking for strings.h
configure:5163: /usr/bin/gcc -c -O2 -I/root/buildroot-2021.05.1/output/host/include  conftest.c >&5
configure:5163: $? = 0
configure:5163: result: yes
configure:5163: checking for inttypes.h
configure:5163: /usr/bin/gcc -c -O2 -I/root/buildroot-2021.05.1/output/host/include  conftest.c >&5
configure:5163: $? = 0
configure:5163: result: yes
configure:5163: checking for stdint.h
configure:5163: /usr/bin/gcc -c -O2 -I/root/buildroot-2021.05.1/output/host/include  conftest.c >&5
configure:5163: $? = 0
configure:5163: result: yes
configure:5163: checking for unistd.h
configure:5163: /usr/bin/gcc -c -O2 -I/root/buildroot-2021.05.1/output/host/include  conftest.c >&5
configure:5163: $? = 0
configure:5163: result: yes
configure:5176: checking minix/config.h usability
configure:5176: /usr/bin/gcc -c -O2 -I/root/buildroot-2021.05.1/output/host/include  conftest.c >&5
conftest.c:54:10: fatal error: minix/config.h: No such file or directory
 #include <minix/config.h>
          ^~~~~~~~~~~~~~~~
compilation terminated.
configure:5176: $? = 1
configure: failed program was:
| /* confdefs.h */
| #define PACKAGE_NAME "gas"
| #define PACKAGE_TARNAME "gas"
| #define PACKAGE_VERSION "2.35.2"
| #define PACKAGE_STRING "gas 2.35.2"
| #define PACKAGE_BUGREPORT ""
| #define PACKAGE_URL ""
| #define PACKAGE "gas"
| #define VERSION "2.35.2"
| #define STDC_HEADERS 1
| #define HAVE_SYS_TYPES_H 1
| #define HAVE_SYS_STAT_H 1
| #define HAVE_STDLIB_H 1
| #define HAVE_STRING_H 1
| #define HAVE_MEMORY_H 1
| #define HAVE_STRINGS_H 1
| #define HAVE_INTTYPES_H 1
| #define HAVE_STDINT_H 1
| #define HAVE_UNISTD_H 1
| /* end confdefs.h.  */
| #include <stdio.h>
| #ifdef HAVE_SYS_TYPES_H
| # include <sys/types.h>
| #endif
| #ifdef HAVE_SYS_STAT_H
| # include <sys/stat.h>
| #endif
| #ifdef STDC_HEADERS
| # include <stdlib.h>
| # include <stddef.h>
| #else
| # ifdef HAVE_STDLIB_H
| #  include <stdlib.h>
| # endif
| #endif
| #ifdef HAVE_STRING_H
| # if !defined STDC_HEADERS && defined HAVE_MEMORY_H
| #  include <memory.h>
| # endif
| # include <string.h>
| #endif
| #ifdef HAVE_STRINGS_H
| # include <strings.h>
| #endif
| #ifdef HAVE_INTTYPES_H
| # include <inttypes.h>
| #endif
| #ifdef HAVE_STDINT_H
| # include <stdint.h>
| #endif
| #ifdef HAVE_UNISTD_H
| # include <unistd.h>
| #endif
| #include <minix/config.h>
configure:5176: result: no
configure:5176: checking minix/config.h presence
configure:5176: /usr/bin/gcc -E  conftest.c
conftest.c:21:10: fatal error: minix/config.h: No such file or directory
 #include <minix/config.h>
          ^~~~~~~~~~~~~~~~
compilation terminated.
configure:5176: $? = 1
configure: failed program was:
| /* confdefs.h */
| #define PACKAGE_NAME "gas"
| #define PACKAGE_TARNAME "gas"
| #define PACKAGE_VERSION "2.35.2"
| #define PACKAGE_STRING "gas 2.35.2"
| #define PACKAGE_BUGREPORT ""
| #define PACKAGE_URL ""
| #define PACKAGE "gas"
| #define VERSION "2.35.2"
| #define STDC_HEADERS 1
| #define HAVE_SYS_TYPES_H 1
| #define HAVE_SYS_STAT_H 1
| #define HAVE_STDLIB_H 1
| #define HAVE_STRING_H 1
| #define HAVE_MEMORY_H 1
| #define HAVE_STRINGS_H 1
| #define HAVE_INTTYPES_H 1
| #define HAVE_STDINT_H 1
| #define HAVE_UNISTD_H 1
| /* end confdefs.h.  */
| #include <minix/config.h>
configure:5176: result: no
configure:5176: checking for minix/config.h
configure:5176: result: no
configure:5197: checking whether it is safe to define __EXTENSIONS__
configure:5215: /usr/bin/gcc -c -O2 -I/root/buildroot-2021.05.1/output/host/include  conftest.c >&5
configure:5215: $? = 0
configure:5222: result: yes
configure:5285: checking how to print strings
configure:5312: result: printf
configure:5333: checking for a sed that does not truncate output
configure:5397: result: /usr/bin/sed
configure:5415: checking for fgrep
configure:5477: result: /usr/bin/grep -F
configure:5512: checking for ld used by /usr/bin/gcc
configure:5579: result: /usr/bin/ld
configure:5586: checking if the linker (/usr/bin/ld) is GNU ld
configure:5601: result: yes
configure:5613: checking for BSD- or MS-compatible name lister (nm)
configure:5662: result: /usr/bin/nm
configure:5792: checking the name lister (/usr/bin/nm) interface
configure:5799: /usr/bin/gcc -c -O2 -I/root/buildroot-2021.05.1/output/host/include  conftest.c >&5
configure:5802: /usr/bin/nm "conftest.o"
configure:5805: output
0000000000000000 B some_variable
configure:5806: result: BSD nm
configure:5809: checking whether ln -s works
configure:5813: result: yes
configure:5821: checking the maximum length of command line arguments
configure:5946: result: 1572864
configure:5963: checking whether the shell understands some XSI constructs
configure:5972: result: yes
configure:5976: checking whether the shell understands "+="
configure:5980: result: yes
configure:6015: checking for /usr/bin/ld option to reload object files
configure:6022: result: -r
configure:6051: checking for x86_64-pc-linux-gnu-objdump
configure:6078: result: objdump
configure:6150: checking how to recognize dependent libraries
configure:6351: result: pass_all
configure:6371: checking for x86_64-pc-linux-gnu-ar
configure:6398: result: /usr/bin/ar
configure:6476: checking for x86_64-pc-linux-gnu-strip
configure:6506: result: no
configure:6516: checking for strip
configure:6532: found /usr/bin/strip
configure:6543: result: strip
configure:6575: checking for x86_64-pc-linux-gnu-ranlib
configure:6602: result: /usr/bin/ranlib
configure:6744: checking command to parse /usr/bin/nm output from /usr/bin/gcc object
configure:6862: /usr/bin/gcc -c -O2 -I/root/buildroot-2021.05.1/output/host/include  conftest.c >&5
configure:6865: $? = 0
configure:6869: /usr/bin/nm conftest.o \| sed -n -e 's/^.*[ ]\([ABCDGIRSTW][ABCDGIRSTW]*\)[ ][ ]*\([_A-Za-z][_A-Za-z0-9]*\)$/\1 \2 \2/p' \> conftest.nm
configure:6872: $? = 0
configure:6926: /usr/bin/gcc -o conftest -O2 -I/root/buildroot-2021.05.1/output/host/include   -L/root/buildroot-2021.05.1/output/host/lib -Wl,-rpath,/root/buildroot-2021.05.1/output/host/lib conftest.c conftstm.o >&5
configure:6929: $? = 0
configure:6967: result: ok
configure:7062: /usr/bin/gcc -c -O2 -I/root/buildroot-2021.05.1/output/host/include  conftest.c >&5
configure:7065: $? = 0
configure:7815: checking for dlfcn.h
configure:7815: /usr/bin/gcc -c -O2 -I/root/buildroot-2021.05.1/output/host/include  conftest.c >&5
configure:7815: $? = 0
configure:7815: result: yes
configure:8002: checking for objdir
configure:8017: result: .libs
configure:8288: checking if /usr/bin/gcc supports -fno-rtti -fno-exceptions
configure:8306: /usr/bin/gcc -c -O2 -I/root/buildroot-2021.05.1/output/host/include  -fno-rtti -fno-exceptions conftest.c >&5
cc1: warning: command line option '-fno-rtti' is valid for C++/ObjC++ but not for C
configure:8310: $? = 0
configure:8323: result: no
configure:8343: checking for /usr/bin/gcc option to produce PIC
configure:8629: result: -fPIC -DPIC
configure:8641: checking if /usr/bin/gcc PIC flag -fPIC -DPIC works
configure:8659: /usr/bin/gcc -c -O2 -I/root/buildroot-2021.05.1/output/host/include  -fPIC -DPIC -DPIC conftest.c >&5
configure:8663: $? = 0
configure:8676: result: yes
configure:8700: checking if /usr/bin/gcc static flag -static works
configure:8728: result: yes
configure:8743: checking if /usr/bin/gcc supports -c -o file.o
configure:8764: /usr/bin/gcc -c -O2 -I/root/buildroot-2021.05.1/output/host/include  -o out/conftest2.o conftest.c >&5
configure:8768: $? = 0
configure:8790: result: yes
configure:8798: checking if /usr/bin/gcc supports -c -o file.o
configure:8845: result: yes
configure:8878: checking whether the /usr/bin/gcc linker (/usr/bin/ld -m elf_x86_64) supports shared libraries
configure:9949: result: yes
configure:10194: checking dynamic linker characteristics
configure:10645: /usr/bin/gcc -o conftest -O2 -I/root/buildroot-2021.05.1/output/host/include   -L/root/buildroot-2021.05.1/output/host/lib -Wl,-rpath,/root/buildroot-2021.05.1/output/host/lib -Wl,-rpath -Wl,/foo conftest.c  >&5
configure:10645: $? = 0
configure:10867: result: GNU/Linux ld.so
configure:10974: checking how to hardcode library paths into programs
configure:10999: result: immediate
configure:11539: checking whether stripping libraries is possible
configure:11544: result: yes
configure:11579: checking if libtool supports shared libraries
configure:11581: result: yes
configure:11584: checking whether to build shared libraries
configure:11605: result: no
configure:11608: checking whether to build static libraries
configure:11612: result: yes
configure:8807: checking for dlfcn.h
configure:8807: result: yes
configure:8820: checking for windows.h
configure:8820: /usr/bin/gcc -c -O2 -I/root/buildroot-2021.05.1/output/host/include  conftest.c >&5
conftest.c:63:10: fatal error: windows.h: No such file or directory
 #include <windows.h>
          ^~~~~~~~~~~
compilation terminated.
configure:8820: $? = 1
configure: failed program was:
| /* confdefs.h */
| #define PACKAGE_NAME "gas"
| #define PACKAGE_TARNAME "gas"
| #define PACKAGE_VERSION "2.35.2"
| #define PACKAGE_STRING "gas 2.35.2"
| #define PACKAGE_BUGREPORT ""
| #define PACKAGE_URL ""
| #define PACKAGE "gas"
| #define VERSION "2.35.2"
| #define STDC_HEADERS 1
| #define HAVE_SYS_TYPES_H 1
| #define HAVE_SYS_STAT_H 1
| #define HAVE_STDLIB_H 1
| #define HAVE_STRING_H 1
| #define HAVE_MEMORY_H 1
| #define HAVE_STRINGS_H 1
| #define HAVE_INTTYPES_H 1
| #define HAVE_STDINT_H 1
| #define HAVE_UNISTD_H 1
| #define __EXTENSIONS__ 1
| #define _ALL_SOURCE 1
| #define _GNU_SOURCE 1
| #define _POSIX_PTHREAD_SEMANTICS 1
| #define _TANDEM_SOURCE 1
| #define HAVE_DLFCN_H 1
| #define LT_OBJDIR ".libs/"
| #define HAVE_DLFCN_H 1
| /* end confdefs.h.  */
| #include <stdio.h>
| #ifdef HAVE_SYS_TYPES_H
| # include <sys/types.h>
| #endif
| #ifdef HAVE_SYS_STAT_H
| # include <sys/stat.h>
| #endif
| #ifdef STDC_HEADERS
| # include <stdlib.h>
| # include <stddef.h>
| #else
| # ifdef HAVE_STDLIB_H
| #  include <stdlib.h>
| # endif
| #endif
| #ifdef HAVE_STRING_H
| # if !defined STDC_HEADERS && defined HAVE_MEMORY_H
| #  include <memory.h>
| # endif
| # include <string.h>
| #endif
| #ifdef HAVE_STRINGS_H
| # include <strings.h>
| #endif
| #ifdef HAVE_INTTYPES_H
| # include <inttypes.h>
| #endif
| #ifdef HAVE_STDINT_H
| # include <stdint.h>
| #endif
| #ifdef HAVE_UNISTD_H
| # include <unistd.h>
| #endif
| 
| #include <windows.h>
configure:8820: result: no
configure:8847: checking for library containing dlsym
configure:8878: /usr/bin/gcc -o conftest -O2 -I/root/buildroot-2021.05.1/output/host/include   -L/root/buildroot-2021.05.1/output/host/lib -Wl,-rpath,/root/buildroot-2021.05.1/output/host/lib conftest.c  >&5
/usr/bin/ld: /tmp/ccmXXrAU.o: in function `main':
conftest.c:(.text.startup+0x7): undefined reference to `dlsym'
collect2: error: ld returned 1 exit status
configure:8878: $? = 1
configure: failed program was:
| /* confdefs.h */
| #define PACKAGE_NAME "gas"
| #define PACKAGE_TARNAME "gas"
| #define PACKAGE_VERSION "2.35.2"
| #define PACKAGE_STRING "gas 2.35.2"
| #define PACKAGE_BUGREPORT ""
| #define PACKAGE_URL ""
| #define PACKAGE "gas"
| #define VERSION "2.35.2"
| #define STDC_HEADERS 1
| #define HAVE_SYS_TYPES_H 1
| #define HAVE_SYS_STAT_H 1
| #define HAVE_STDLIB_H 1
| #define HAVE_STRING_H 1
| #define HAVE_MEMORY_H 1
| #define HAVE_STRINGS_H 1
| #define HAVE_INTTYPES_H 1
| #define HAVE_STDINT_H 1
| #define HAVE_UNISTD_H 1
| #define __EXTENSIONS__ 1
| #define _ALL_SOURCE 1
| #define _GNU_SOURCE 1
| #define _POSIX_PTHREAD_SEMANTICS 1
| #define _TANDEM_SOURCE 1
| #define HAVE_DLFCN_H 1
| #define LT_OBJDIR ".libs/"
| #define HAVE_DLFCN_H 1
| /* end confdefs.h.  */
| 
| /* Override any GCC internal prototype to avoid an error.
|    Use char because int might match the return type of a GCC
|    builtin and then its argument prototype would still apply.  */
| #ifdef __cplusplus
| extern "C"
| #endif
| char dlsym ();
| int
| main ()
| {
| return dlsym ();
|   ;
|   return 0;
| }
configure:8878: /usr/bin/gcc -o conftest -O2 -I/root/buildroot-2021.05.1/output/host/include   -L/root/buildroot-2021.05.1/output/host/lib -Wl,-rpath,/root/buildroot-2021.05.1/output/host/lib conftest.c -ldl   >&5
configure:8878: $? = 0
configure:8895: result: -ldl
configure:8926: checking for special C compiler options needed for large files
configure:8971: result: no
configure:8977: checking for _FILE_OFFSET_BITS value needed for large files
configure:9002: /usr/bin/gcc -c -O2 -I/root/buildroot-2021.05.1/output/host/include  conftest.c >&5
configure:9002: $? = 0
configure:9034: result: no
configure:9120: checking how to compare bootstrapped objects
configure:9145: result: cmp --ignore-initial=16 $$f1 $$f2
configure:9450: checking whether byte ordering is bigendian
configure:9465: /usr/bin/gcc -c -O2 -I/root/buildroot-2021.05.1/output/host/include  conftest.c >&5
conftest.c:30:9: error: unknown type name 'not'
         not a universal capable compiler
         ^~~
conftest.c:30:15: error: expected '=', ',', ';', 'asm' or '__attribute__' before 'universal'
         not a universal capable compiler
               ^~~~~~~~~
conftest.c:30:15: error: unknown type name 'universal'
configure:9465: $? = 1
configure: failed program was:
| /* confdefs.h */
| #define PACKAGE_NAME "gas"
| #define PACKAGE_TARNAME "gas"
| #define PACKAGE_VERSION "2.35.2"
| #define PACKAGE_STRING "gas 2.35.2"
| #define PACKAGE_BUGREPORT ""
| #define PACKAGE_URL ""
| #define PACKAGE "gas"
| #define VERSION "2.35.2"
| #define STDC_HEADERS 1
| #define HAVE_SYS_TYPES_H 1
| #define HAVE_SYS_STAT_H 1
| #define HAVE_STDLIB_H 1
| #define HAVE_STRING_H 1
| #define HAVE_MEMORY_H 1
| #define HAVE_STRINGS_H 1
| #define HAVE_INTTYPES_H 1
| #define HAVE_STDINT_H 1
| #define HAVE_UNISTD_H 1
| #define __EXTENSIONS__ 1
| #define _ALL_SOURCE 1
| #define _GNU_SOURCE 1
| #define _POSIX_PTHREAD_SEMANTICS 1
| #define _TANDEM_SOURCE 1
| #define HAVE_DLFCN_H 1
| #define LT_OBJDIR ".libs/"
| #define HAVE_DLFCN_H 1
| /* end confdefs.h.  */
| #ifndef __APPLE_CC__
| 	       not a universal capable compiler
| 	     #endif
| 	     typedef int dummy;
| 
configure:9510: /usr/bin/gcc -c -O2 -I/root/buildroot-2021.05.1/output/host/include  conftest.c >&5
configure:9510: $? = 0
configure:9528: /usr/bin/gcc -c -O2 -I/root/buildroot-2021.05.1/output/host/include  conftest.c >&5
conftest.c: In function 'main':
conftest.c:36:4: error: unknown type name 'not'; did you mean 'ino_t'?
    not big endian
    ^~~
    ino_t
conftest.c:36:12: error: expected '=', ',', ';', 'asm' or '__attribute__' before 'endian'
    not big endian
            ^~~~~~
configure:9528: $? = 1
configure: failed program was:
| /* confdefs.h */
| #define PACKAGE_NAME "gas"
| #define PACKAGE_TARNAME "gas"
| #define PACKAGE_VERSION "2.35.2"
| #define PACKAGE_STRING "gas 2.35.2"
| #define PACKAGE_BUGREPORT ""
| #define PACKAGE_URL ""
| #define PACKAGE "gas"
| #define VERSION "2.35.2"
| #define STDC_HEADERS 1
| #define HAVE_SYS_TYPES_H 1
| #define HAVE_SYS_STAT_H 1
| #define HAVE_STDLIB_H 1
| #define HAVE_STRING_H 1
| #define HAVE_MEMORY_H 1
| #define HAVE_STRINGS_H 1
| #define HAVE_INTTYPES_H 1
| #define HAVE_STDINT_H 1
| #define HAVE_UNISTD_H 1
| #define __EXTENSIONS__ 1
| #define _ALL_SOURCE 1
| #define _GNU_SOURCE 1
| #define _POSIX_PTHREAD_SEMANTICS 1
| #define _TANDEM_SOURCE 1
| #define HAVE_DLFCN_H 1
| #define LT_OBJDIR ".libs/"
| #define HAVE_DLFCN_H 1
| /* end confdefs.h.  */
| #include <sys/types.h>
| 		#include <sys/param.h>
| 
| int
| main ()
| {
| #if BYTE_ORDER != BIG_ENDIAN
| 		 not big endian
| 		#endif
| 
|   ;
|   return 0;
| }
configure:9656: result: no
configure:10588: checking for bison
configure:10615: result: /root/buildroot-2021.05.1/output/build/host-binutils-2.35.2/missing bison -y
configure:10631: checking for flex
configure:10658: result: /root/buildroot-2021.05.1/output/build/host-binutils-2.35.2/missing flex
configure:10805: checking whether NLS is requested
configure:10808: result: no
configure:10876: checking whether NLS is requested
configure:10885: result: no
configure:10923: checking for msgfmt
configure:10957: result: no
configure:10963: checking for gmsgfmt
configure:10994: result: :
configure:11034: checking for xgettext
configure:11068: result: no
configure:11105: checking for msgmerge
configure:11138: result: no
configure:11172: checking whether to enable maintainer-specific portions of Makefiles
configure:11181: result: no
configure:11207: checking for string.h
configure:11207: result: yes
configure:11207: checking for stdlib.h
configure:11207: result: yes
configure:11207: checking for memory.h
configure:11207: result: yes
configure:11207: checking for strings.h
configure:11207: result: yes
configure:11207: checking for unistd.h
configure:11207: result: yes
configure:11207: checking errno.h usability
configure:11207: /usr/bin/gcc -c -O2 -I/root/buildroot-2021.05.1/output/host/include  conftest.c >&5
configure:11207: $? = 0
configure:11207: result: yes
configure:11207: checking errno.h presence
configure:11207: /usr/bin/gcc -E  conftest.c
configure:11207: $? = 0
configure:11207: result: yes
configure:11207: checking for errno.h
configure:11207: result: yes
configure:11207: checking for sys/types.h
configure:11207: result: yes
configure:11207: checking limits.h usability
configure:11207: /usr/bin/gcc -c -O2 -I/root/buildroot-2021.05.1/output/host/include  conftest.c >&5
configure:11207: $? = 0
configure:11207: result: yes
configure:11207: checking limits.h presence
configure:11207: /usr/bin/gcc -E  conftest.c
configure:11207: $? = 0
configure:11207: result: yes
configure:11207: checking for limits.h
configure:11207: result: yes
configure:11207: checking locale.h usability
configure:11207: /usr/bin/gcc -c -O2 -I/root/buildroot-2021.05.1/output/host/include  conftest.c >&5
configure:11207: $? = 0
configure:11207: result: yes
configure:11207: checking locale.h presence
configure:11207: /usr/bin/gcc -E  conftest.c
configure:11207: $? = 0
configure:11207: result: yes
configure:11207: checking for locale.h
configure:11207: result: yes
configure:11207: checking time.h usability
configure:11207: /usr/bin/gcc -c -O2 -I/root/buildroot-2021.05.1/output/host/include  conftest.c >&5
configure:11207: $? = 0
configure:11207: result: yes
configure:11207: checking time.h presence
configure:11207: /usr/bin/gcc -E  conftest.c
configure:11207: $? = 0
configure:11207: result: yes
configure:11207: checking for time.h
configure:11207: result: yes
configure:11207: checking for sys/stat.h
configure:11207: result: yes
configure:11217: checking whether string.h and strings.h may both be included
configure:11234: /usr/bin/gcc -c -O2 -I/root/buildroot-2021.05.1/output/host/include  conftest.c >&5
configure:11234: $? = 0
configure:11241: result: yes
configure:11252: checking whether compiling a cross-assembler
configure:11262: result: yes
configure:11265: checking for size_t
configure:11265: /usr/bin/gcc -c -O2 -I/root/buildroot-2021.05.1/output/host/include  conftest.c >&5
configure:11265: $? = 0
configure:11265: /usr/bin/gcc -c -O2 -I/root/buildroot-2021.05.1/output/host/include  conftest.c >&5
conftest.c: In function 'main':
conftest.c:93:21: error: expected expression before ')' token
 if (sizeof ((size_t)))
                     ^
configure:11265: $? = 1
configure: failed program was:
| /* confdefs.h */
| #define PACKAGE_NAME "gas"
| #define PACKAGE_TARNAME "gas"
| #define PACKAGE_VERSION "2.35.2"
| #define PACKAGE_STRING "gas 2.35.2"
| #define PACKAGE_BUGREPORT ""
| #define PACKAGE_URL ""
| #define PACKAGE "gas"
| #define VERSION "2.35.2"
| #define STDC_HEADERS 1
| #define HAVE_SYS_TYPES_H 1
| #define HAVE_SYS_STAT_H 1
| #define HAVE_STDLIB_H 1
| #define HAVE_STRING_H 1
| #define HAVE_MEMORY_H 1
| #define HAVE_STRINGS_H 1
| #define HAVE_INTTYPES_H 1
| #define HAVE_STDINT_H 1
| #define HAVE_UNISTD_H 1
| #define __EXTENSIONS__ 1
| #define _ALL_SOURCE 1
| #define _GNU_SOURCE 1
| #define _POSIX_PTHREAD_SEMANTICS 1
| #define _TANDEM_SOURCE 1
| #define HAVE_DLFCN_H 1
| #define LT_OBJDIR ".libs/"
| #define HAVE_DLFCN_H 1
| #define DEFAULT_ARCH "x86_64"
| #define DEFAULT_GENERATE_X86_RELAX_RELOCATIONS 1
| #define DEFAULT_GENERATE_ELF_STT_COMMON 0
| #define DEFAULT_GENERATE_BUILD_NOTES 0
| #define DEFAULT_X86_USED_NOTE 0
| #define DEFAULT_RISCV_ATTR 0
| #define DEFAULT_MIPS_FIX_LOONGSON3_LLSC 0
| #define DEFAULT_FLAG_COMPRESS_DEBUG 1
| #define EMULATIONS  &i386elf,
| #define DEFAULT_EMULATION "i386elf"
| #define TARGET_ALIAS "x86_64-buildroot-linux-uclibc"
| #define TARGET_CANONICAL "x86_64-buildroot-linux-uclibc"
| #define TARGET_CPU "x86_64"
| #define TARGET_VENDOR "buildroot"
| #define TARGET_OS "linux-uclibc"
| #define HAVE_STRING_H 1
| #define HAVE_STDLIB_H 1
| #define HAVE_MEMORY_H 1
| #define HAVE_STRINGS_H 1
| #define HAVE_UNISTD_H 1
| #define HAVE_ERRNO_H 1
| #define HAVE_SYS_TYPES_H 1
| #define HAVE_LIMITS_H 1
| #define HAVE_LOCALE_H 1
| #define HAVE_TIME_H 1
| #define HAVE_SYS_STAT_H 1
| #define STRING_WITH_STRINGS 1
| #define CROSS_COMPILE 1
| /* end confdefs.h.  */
| #include <stdio.h>
| #ifdef HAVE_SYS_TYPES_H
| # include <sys/types.h>
| #endif
| #ifdef HAVE_SYS_STAT_H
| # include <sys/stat.h>
| #endif
| #ifdef STDC_HEADERS
| # include <stdlib.h>
| # include <stddef.h>
| #else
| # ifdef HAVE_STDLIB_H
| #  include <stdlib.h>
| # endif
| #endif
| #ifdef HAVE_STRING_H
| # if !defined STDC_HEADERS && defined HAVE_MEMORY_H
| #  include <memory.h>
| # endif
| # include <string.h>
| #endif
| #ifdef HAVE_STRINGS_H
| # include <strings.h>
| #endif
| #ifdef HAVE_INTTYPES_H
| # include <inttypes.h>
| #endif
| #ifdef HAVE_STDINT_H
| # include <stdint.h>
| #endif
| #ifdef HAVE_UNISTD_H
| # include <unistd.h>
| #endif
| int
| main ()
| {
| if (sizeof ((size_t)))
| 	    return 0;
|   ;
|   return 0;
| }
configure:11265: result: yes
configure:11278: checking for working alloca.h
configure:11295: /usr/bin/gcc -o conftest -O2 -I/root/buildroot-2021.05.1/output/host/include   -L/root/buildroot-2021.05.1/output/host/lib -Wl,-rpath,/root/buildroot-2021.05.1/output/host/lib conftest.c -ldl  >&5
configure:11295: $? = 0
configure:11303: result: yes
configure:11311: checking for alloca
configure:11348: /usr/bin/gcc -o conftest -O2 -I/root/buildroot-2021.05.1/output/host/include   -L/root/buildroot-2021.05.1/output/host/lib -Wl,-rpath,/root/buildroot-2021.05.1/output/host/lib conftest.c -ldl  >&5
configure:11348: $? = 0
configure:11356: result: yes
configure:11462: checking for inline
configure:11478: /usr/bin/gcc -c -O2 -I/root/buildroot-2021.05.1/output/host/include  conftest.c >&5
configure:11478: $? = 0
configure:11486: result: inline
configure:11509: checking for unlink
configure:11509: /usr/bin/gcc -o conftest -O2 -I/root/buildroot-2021.05.1/output/host/include   -L/root/buildroot-2021.05.1/output/host/lib -Wl,-rpath,/root/buildroot-2021.05.1/output/host/lib conftest.c -ldl  >&5
configure:11509: $? = 0
configure:11509: result: yes
configure:11521: checking for sbrk
configure:11521: /usr/bin/gcc -o conftest -O2 -I/root/buildroot-2021.05.1/output/host/include   -L/root/buildroot-2021.05.1/output/host/lib -Wl,-rpath,/root/buildroot-2021.05.1/output/host/lib conftest.c -ldl  >&5
configure:11521: $? = 0
configure:11521: result: yes
configure:11521: checking for setlocale
configure:11521: /usr/bin/gcc -o conftest -O2 -I/root/buildroot-2021.05.1/output/host/include   -L/root/buildroot-2021.05.1/output/host/lib -Wl,-rpath,/root/buildroot-2021.05.1/output/host/lib conftest.c -ldl  >&5
configure:11521: $? = 0
configure:11521: result: yes
configure:11532: checking for strsignal
configure:11532: /usr/bin/gcc -o conftest -O2 -I/root/buildroot-2021.05.1/output/host/include   -L/root/buildroot-2021.05.1/output/host/lib -Wl,-rpath,/root/buildroot-2021.05.1/output/host/lib conftest.c -ldl  >&5
configure:11532: $? = 0
configure:11532: result: yes
configure:11543: checking for LC_MESSAGES
configure:11559: /usr/bin/gcc -o conftest -O2 -I/root/buildroot-2021.05.1/output/host/include   -L/root/buildroot-2021.05.1/output/host/lib -Wl,-rpath,/root/buildroot-2021.05.1/output/host/lib conftest.c -ldl  >&5
configure:11559: $? = 0
configure:11567: result: yes
configure:11718: checking for working assert macro
configure:11743: /usr/bin/gcc -o conftest -O2 -I/root/buildroot-2021.05.1/output/host/include   -L/root/buildroot-2021.05.1/output/host/lib -Wl,-rpath,/root/buildroot-2021.05.1/output/host/lib conftest.c -ldl  >&5
In file included from conftest.c:64:
conftest.c: In function 'main':
conftest.c:73:10: warning: implicit declaration of function 'strcmp' [-Wimplicit-function-declaration]
 assert (!strcmp(s, "foo bar baz quux"));
          ^~~~~~
configure:11743: $? = 0
configure:11751: result: yes
configure:11783: checking whether declaration is required for errno
configure:11807: /usr/bin/gcc -o conftest -O2 -I/root/buildroot-2021.05.1/output/host/include   -L/root/buildroot-2021.05.1/output/host/lib -Wl,-rpath,/root/buildroot-2021.05.1/output/host/lib conftest.c -ldl  >&5
configure:11807: $? = 0
configure:11815: result: no
configure:11824: checking for a known getopt prototype in unistd.h
configure:11840: /usr/bin/gcc -c -O2 -I/root/buildroot-2021.05.1/output/host/include  conftest.c >&5
configure:11840: $? = 0
configure:11848: result: yes
configure:11857: checking whether declaration is required for environ
configure:11877: /usr/bin/gcc -o conftest -O2 -I/root/buildroot-2021.05.1/output/host/include   -L/root/buildroot-2021.05.1/output/host/lib -Wl,-rpath,/root/buildroot-2021.05.1/output/host/lib conftest.c -ldl  >&5
configure:11877: $? = 0
configure:11885: result: no
configure:11894: checking whether declaration is required for ffs
configure:11914: /usr/bin/gcc -o conftest -O2 -I/root/buildroot-2021.05.1/output/host/include   -L/root/buildroot-2021.05.1/output/host/lib -Wl,-rpath,/root/buildroot-2021.05.1/output/host/lib conftest.c -ldl  >&5
configure:11914: $? = 0
configure:11922: result: no
configure:11931: checking whether declaration is required for free
configure:11951: /usr/bin/gcc -o conftest -O2 -I/root/buildroot-2021.05.1/output/host/include   -L/root/buildroot-2021.05.1/output/host/lib -Wl,-rpath,/root/buildroot-2021.05.1/output/host/lib conftest.c -ldl  >&5
configure:11951: $? = 0
configure:11959: result: no
configure:11968: checking whether declaration is required for malloc
configure:11988: /usr/bin/gcc -o conftest -O2 -I/root/buildroot-2021.05.1/output/host/include   -L/root/buildroot-2021.05.1/output/host/lib -Wl,-rpath,/root/buildroot-2021.05.1/output/host/lib conftest.c -ldl  >&5
configure:11988: $? = 0
configure:11996: result: no
configure:12005: checking whether declaration is required for sbrk
configure:12025: /usr/bin/gcc -o conftest -O2 -I/root/buildroot-2021.05.1/output/host/include   -L/root/buildroot-2021.05.1/output/host/lib -Wl,-rpath,/root/buildroot-2021.05.1/output/host/lib conftest.c -ldl  >&5
configure:12025: $? = 0
configure:12033: result: no
configure:12042: checking whether declaration is required for strstr
configure:12062: /usr/bin/gcc -o conftest -O2 -I/root/buildroot-2021.05.1/output/host/include   -L/root/buildroot-2021.05.1/output/host/lib -Wl,-rpath,/root/buildroot-2021.05.1/output/host/lib conftest.c -ldl  >&5
configure:12062: $? = 0
configure:12070: result: no
configure:12079: checking whether free is declared
configure:12079: /usr/bin/gcc -c -O2 -I/root/buildroot-2021.05.1/output/host/include  conftest.c >&5
configure:12079: $? = 0
configure:12079: result: yes
configure:12089: checking whether getenv is declared
configure:12089: /usr/bin/gcc -c -O2 -I/root/buildroot-2021.05.1/output/host/include  conftest.c >&5
configure:12089: $? = 0
configure:12089: result: yes
configure:12099: checking whether malloc is declared
configure:12099: /usr/bin/gcc -c -O2 -I/root/buildroot-2021.05.1/output/host/include  conftest.c >&5
configure:12099: $? = 0
configure:12099: result: yes
configure:12109: checking whether mempcpy is declared
configure:12109: /usr/bin/gcc -c -O2 -I/root/buildroot-2021.05.1/output/host/include  conftest.c >&5
configure:12109: $? = 0
configure:12109: result: yes
configure:12119: checking whether realloc is declared
configure:12119: /usr/bin/gcc -c -O2 -I/root/buildroot-2021.05.1/output/host/include  conftest.c >&5
configure:12119: $? = 0
configure:12119: result: yes
configure:12129: checking whether stpcpy is declared
configure:12129: /usr/bin/gcc -c -O2 -I/root/buildroot-2021.05.1/output/host/include  conftest.c >&5
configure:12129: $? = 0
configure:12129: result: yes
configure:12139: checking whether strstr is declared
configure:12139: /usr/bin/gcc -c -O2 -I/root/buildroot-2021.05.1/output/host/include  conftest.c >&5
configure:12139: $? = 0
configure:12139: result: yes
configure:12149: checking whether vsnprintf is declared
configure:12149: /usr/bin/gcc -c -O2 -I/root/buildroot-2021.05.1/output/host/include  conftest.c >&5
configure:12149: $? = 0
configure:12149: result: yes
configure:12159: checking whether asprintf is declared
configure:12159: /usr/bin/gcc -c -O2 -I/root/buildroot-2021.05.1/output/host/include  conftest.c >&5
configure:12159: $? = 0
configure:12159: result: yes
configure:12201: checking for struct tm.tm_gmtoff in time.h
configure:12219: /usr/bin/gcc -c -O2 -I/root/buildroot-2021.05.1/output/host/include  conftest.c >&5
In file included from /usr/include/time.h:25,
                 from conftest.c:76:
/usr/include/features.h:184:3: warning: #warning "_BSD_SOURCE and _SVID_SOURCE are deprecated, use _DEFAULT_SOURCE" [-Wcpp]
 # warning "_BSD_SOURCE and _SVID_SOURCE are deprecated, use _DEFAULT_SOURCE"
   ^~~~~~~
configure:12219: $? = 0
configure:12233: result: yes
configure:12239: checking for struct stat.st_mtim.tv_sec in sys/stat.h
configure:12257: /usr/bin/gcc -c -O2 -I/root/buildroot-2021.05.1/output/host/include  conftest.c >&5
In file included from /usr/include/x86_64-linux-gnu/sys/stat.h:25,
                 from conftest.c:77:
/usr/include/features.h:184:3: warning: #warning "_BSD_SOURCE and _SVID_SOURCE are deprecated, use _DEFAULT_SOURCE" [-Wcpp]
 # warning "_BSD_SOURCE and _SVID_SOURCE are deprecated, use _DEFAULT_SOURCE"
   ^~~~~~~
configure:12257: $? = 0
configure:12271: result: yes
configure:12274: checking for struct stat.st_mtim.tv_nsec in sys/stat.h
configure:12292: /usr/bin/gcc -c -O2 -I/root/buildroot-2021.05.1/output/host/include  conftest.c >&5
In file included from /usr/include/x86_64-linux-gnu/sys/stat.h:25,
                 from conftest.c:78:
/usr/include/features.h:184:3: warning: #warning "_BSD_SOURCE and _SVID_SOURCE are deprecated, use _DEFAULT_SOURCE" [-Wcpp]
 # warning "_BSD_SOURCE and _SVID_SOURCE are deprecated, use _DEFAULT_SOURCE"
   ^~~~~~~
configure:12292: $? = 0
configure:12306: result: yes
configure:12381: updating cache ./config.cache
configure:12425: checking that generated files are newer than configure
configure:12431: result: done
configure:12463: creating ./config.status

## ---------------------- ##
## Running config.status. ##
## ---------------------- ##

This file was extended by gas config.status 2.35.2, which was
generated by GNU Autoconf 2.69.  Invocation command line was

  CONFIG_FILES    = 
  CONFIG_HEADERS  = 
  CONFIG_LINKS    = 
  CONFIG_COMMANDS = 
  $ ./config.status 

on racknerd-c383c8

config.status:1181: creating .gdbinit
config.status:1181: creating Makefile
config.status:1181: creating doc/Makefile
config.status:1181: creating po/Makefile.in
config.status:1181: creating config.h
config.status:1410: executing depfiles commands
config.status:1410: executing libtool commands
config.status:1410: executing default-1 commands
config.status:1410: executing default commands

## ---------------- ##
## Cache variables. ##
## ---------------- ##

ac_cv_build=x86_64-pc-linux-gnu
ac_cv_c_bigendian=no
ac_cv_c_compiler_gnu=yes
ac_cv_c_inline=inline
ac_cv_env_CC_set=set
ac_cv_env_CC_value=/usr/bin/gcc
ac_cv_env_CFLAGS_set=set
ac_cv_env_CFLAGS_value='-O2 -I/root/buildroot-2021.05.1/output/host/include'
ac_cv_env_CPPFLAGS_set=
ac_cv_env_CPPFLAGS_value=
ac_cv_env_CPP_set=
ac_cv_env_CPP_value=
ac_cv_env_LDFLAGS_set=set
ac_cv_env_LDFLAGS_value=' -L/root/buildroot-2021.05.1/output/host/lib -Wl,-rpath,/root/buildroot-2021.05.1/output/host/lib'
ac_cv_env_LIBS_set=
ac_cv_env_LIBS_value=
ac_cv_env_YACC_set=set
ac_cv_env_YACC_value='/root/buildroot-2021.05.1/output/build/host-binutils-2.35.2/missing bison -y'
ac_cv_env_YFLAGS_set=
ac_cv_env_YFLAGS_value=
ac_cv_env_build_alias_set=set
ac_cv_env_build_alias_value=x86_64-pc-linux-gnu
ac_cv_env_host_alias_set=set
ac_cv_env_host_alias_value=x86_64-pc-linux-gnu
ac_cv_env_target_alias_set=set
ac_cv_env_target_alias_value=x86_64-buildroot-linux-uclibc
ac_cv_func_alloca_works=yes
ac_cv_func_sbrk=yes
ac_cv_func_setlocale=yes
ac_cv_func_strsignal=yes
ac_cv_func_unlink=yes
ac_cv_have_decl_asprintf=yes
ac_cv_have_decl_free=yes
ac_cv_have_decl_getenv=yes
ac_cv_have_decl_malloc=yes
ac_cv_have_decl_mempcpy=yes
ac_cv_have_decl_realloc=yes
ac_cv_have_decl_stpcpy=yes
ac_cv_have_decl_strstr=yes
ac_cv_have_decl_vsnprintf=yes
ac_cv_header_dlfcn_h=yes
ac_cv_header_errno_h=yes
ac_cv_header_inttypes_h=yes
ac_cv_header_limits_h=yes
ac_cv_header_locale_h=yes
ac_cv_header_memory_h=yes
ac_cv_header_minix_config_h=no
ac_cv_header_stdc=yes
ac_cv_header_stdint_h=yes
ac_cv_header_stdlib_h=yes
ac_cv_header_string_h=yes
ac_cv_header_strings_h=yes
ac_cv_header_sys_stat_h=yes
ac_cv_header_sys_types_h=yes
ac_cv_header_time_h=yes
ac_cv_header_unistd_h=yes
ac_cv_header_windows_h=no
ac_cv_host=x86_64-pc-linux-gnu
ac_cv_objext=o
ac_cv_path_EGREP='/usr/bin/grep -E'
ac_cv_path_FGREP='/usr/bin/grep -F'
ac_cv_path_GMSGFMT=:
ac_cv_path_GREP=/usr/bin/grep
ac_cv_path_MSGFMT=:
ac_cv_path_MSGMERGE=:
ac_cv_path_SED=/usr/bin/sed
ac_cv_path_XGETTEXT=:
ac_cv_path_mkdir=/usr/bin/mkdir
ac_cv_prog_AR=/usr/bin/ar
ac_cv_prog_AWK=mawk
ac_cv_prog_CC=/usr/bin/gcc
ac_cv_prog_CPP='/usr/bin/gcc -E'
ac_cv_prog_LEX='/root/buildroot-2021.05.1/output/build/host-binutils-2.35.2/missing flex'
ac_cv_prog_OBJDUMP=objdump
ac_cv_prog_RANLIB=/usr/bin/ranlib
ac_cv_prog_YACC='/root/buildroot-2021.05.1/output/build/host-binutils-2.35.2/missing bison -y'
ac_cv_prog_ac_ct_STRIP=strip
ac_cv_prog_cc_c89=
ac_cv_prog_cc_g=yes
ac_cv_prog_make__usr_bin_make_set=yes
ac_cv_safe_to_define___extensions__=yes
ac_cv_search_dlsym=-ldl
ac_cv_search_strerror='none required'
ac_cv_sys_file_offset_bits=no
ac_cv_sys_largefile_CC=no
ac_cv_target=x86_64-buildroot-linux-uclibc
ac_cv_type_size_t=yes
ac_cv_working_alloca_h=yes
am_cv_CC_dependencies_compiler_type=none
am_cv_make_support_nested_variables=yes
am_cv_prog_cc_c_o=yes
am_cv_val_LC_MESSAGES=yes
gas_cv_assert_ok=yes
gas_cv_decl_getopt_unistd_h=yes
gas_cv_decl_needed_environ=no
gas_cv_decl_needed_errno=no
gas_cv_decl_needed_ffs=no
gas_cv_decl_needed_free=no
gas_cv_decl_needed_malloc=no
gas_cv_decl_needed_sbrk=no
gas_cv_decl_needed_strstr=no
gas_cv_have_sys_stat_type_member_st_mtim_tv_nsec=yes
gas_cv_have_sys_stat_type_member_st_mtim_tv_sec=yes
gas_cv_have_time_type_member_tm_gmtoff=yes
gcc_cv_header_string=yes
gcc_cv_prog_cmp_skip='cmp --ignore-initial=16 $$f1 $$f2'
lt_cv_deplibs_check_method=pass_all
lt_cv_file_magic_cmd='$MAGIC_CMD'
lt_cv_file_magic_test_file=
lt_cv_ld_reload_flag=-r
lt_cv_nm_interface='BSD nm'
lt_cv_objdir=.libs
lt_cv_path_LD=/usr/bin/ld
lt_cv_path_NM=/usr/bin/nm
lt_cv_prog_compiler_c_o=yes
lt_cv_prog_compiler_pic_works=yes
lt_cv_prog_compiler_rtti_exceptions=no
lt_cv_prog_compiler_static_works=yes
lt_cv_prog_gnu_ld=yes
lt_cv_shlibpath_overrides_runpath=yes
lt_cv_sys_global_symbol_pipe='sed -n -e '\''s/^.*[	 ]\([ABCDGIRSTW][ABCDGIRSTW]*\)[	 ][	 ]*\([_A-Za-z][_A-Za-z0-9]*\)$/\1 \2 \2/p'\'''
lt_cv_sys_global_symbol_to_c_name_address='sed -n -e '\''s/^: \([^ ]*\) $/  {\"\1\", (void *) 0},/p'\'' -e '\''s/^[ABCDGIRSTW]* \([^ ]*\) \([^ ]*\)$/  {"\2", (void *) \&\2},/p'\'''
lt_cv_sys_global_symbol_to_c_name_address_lib_prefix='sed -n -e '\''s/^: \([^ ]*\) $/  {\"\1\", (void *) 0},/p'\'' -e '\''s/^[ABCDGIRSTW]* \([^ ]*\) \(lib[^ ]*\)$/  {"\2", (void *) \&\2},/p'\'' -e '\''s/^[ABCDGIRSTW]* \([^ ]*\) \([^ ]*\)$/  {"lib\2", (void *) \&\2},/p'\'''
lt_cv_sys_global_symbol_to_cdecl='sed -n -e '\''s/^T .* \(.*\)$/extern int \1();/p'\'' -e '\''s/^[ABCDGIRSTW]* .* \(.*\)$/extern char \1;/p'\'''
lt_cv_sys_max_cmd_len=1572864

## ----------------- ##
## Output variables. ##
## ----------------- ##

ACLOCAL='${SHELL} /root/buildroot-2021.05.1/output/build/host-binutils-2.35.2/missing aclocal-1.15'
ALLOCA=''
AMDEPBACKSLASH=''
AMDEP_FALSE=''
AMDEP_TRUE='#'
AMTAR='$${TAR-tar}'
AM_BACKSLASH='\'
AM_DEFAULT_V='$(AM_DEFAULT_VERBOSITY)'
AM_DEFAULT_VERBOSITY='1'
AM_V='$(V)'
AR='/usr/bin/ar'
AUTOCONF='${SHELL} /root/buildroot-2021.05.1/output/build/host-binutils-2.35.2/missing autoconf'
AUTOHEADER='${SHELL} /root/buildroot-2021.05.1/output/build/host-binutils-2.35.2/missing autoheader'
AUTOMAKE='${SHELL} /root/buildroot-2021.05.1/output/build/host-binutils-2.35.2/missing automake-1.15'
AWK='mawk'
CATALOGS=''
CATOBJEXT=''
CC='/usr/bin/gcc'
CCDEPMODE='depmode=none'
CFLAGS='-O2 -I/root/buildroot-2021.05.1/output/host/include'
CPP='/usr/bin/gcc -E'
CPPFLAGS=''
CYGPATH_W='echo'
DATADIRNAME=''
DEFS='-DHAVE_CONFIG_H'
DEPDIR='.deps'
DSYMUTIL=''
DUMPBIN=''
ECHO_C=''
ECHO_N='-n'
ECHO_T=''
EGREP='/usr/bin/grep -E'
EXEEXT=''
FGREP='/usr/bin/grep -F'
GDBINIT='.gdbinit'
GENCAT=''
GENINSRC_NEVER_FALSE=''
GENINSRC_NEVER_TRUE='#'
GMSGFMT=':'
GREP='/usr/bin/grep'
INCINTL=''
INSTALL_DATA='/usr/bin/install -c -m 644'
INSTALL_PROGRAM='/usr/bin/install -c'
INSTALL_SCRIPT='/usr/bin/install -c'
INSTALL_STRIP_PROGRAM='$(install_sh) -c -s'
INSTOBJEXT=''
LD='/usr/bin/ld -m elf_x86_64'
LDFLAGS=' -L/root/buildroot-2021.05.1/output/host/lib -Wl,-rpath,/root/buildroot-2021.05.1/output/host/lib'
LEX='/root/buildroot-2021.05.1/output/build/host-binutils-2.35.2/missing flex'
LEXLIB=''
LEX_OUTPUT_ROOT=''
LIBINTL=''
LIBINTL_DEP=''
LIBM=''
LIBOBJS=''
LIBS='-ldl '
LIBTOOL='$(SHELL) $(top_builddir)/libtool'
LIPO=''
LN_S='ln -s'
LTLIBOBJS=''
MAINT='#'
MAINTAINER_MODE_FALSE=''
MAINTAINER_MODE_TRUE='#'
MAKEINFO='true --split-size=5000000'
MKDIR_P='/usr/bin/mkdir -p'
MKINSTALLDIRS='$(top_builddir)/../mkinstalldirs'
MSGFMT=':'
MSGMERGE=':'
NM='/usr/bin/nm'
NMEDIT=''
NO_WERROR=''
OBJDUMP='objdump'
OBJEXT='o'
OPCODES_LIB='../opcodes/libopcodes.la'
OTOOL64=''
OTOOL=''
PACKAGE='gas'
PACKAGE_BUGREPORT=''
PACKAGE_NAME='gas'
PACKAGE_STRING='gas 2.35.2'
PACKAGE_TARNAME='gas'
PACKAGE_URL=''
PACKAGE_VERSION='2.35.2'
PATH_SEPARATOR=':'
POSUB=''
RANLIB='/usr/bin/ranlib'
SED='/usr/bin/sed'
SET_MAKE=''
SHELL='/bin/bash'
STRIP='strip'
USE_NLS='no'
VERSION='2.35.2'
WARN_CFLAGS='-W -Wall -Wstrict-prototypes -Wmissing-prototypes -Wshadow -Wstack-usage=262144'
WARN_CFLAGS_FOR_BUILD='-W -Wall -Wstrict-prototypes -Wmissing-prototypes -Wshadow -Wstack-usage=262144'
WARN_WRITE_STRINGS='-Wwrite-strings'
XGETTEXT=':'
YACC='/root/buildroot-2021.05.1/output/build/host-binutils-2.35.2/missing bison -y'
YFLAGS=''
ac_ct_CC=''
ac_ct_DUMPBIN=''
am__EXEEXT_FALSE=''
am__EXEEXT_TRUE='#'
am__fastdepCC_FALSE=''
am__fastdepCC_TRUE='#'
am__include='include'
am__isrc=''
am__leading_dot='.'
am__nodep=''
am__quote=''
am__tar='$${TAR-tar} chof - "$$tardir"'
am__untar='$${TAR-tar} xf -'
atof='ieee'
bindir='${exec_prefix}/bin'
build='x86_64-pc-linux-gnu'
build_alias='x86_64-pc-linux-gnu'
build_cpu='x86_64'
build_os='linux-gnu'
build_vendor='pc'
cgen_cpu_prefix=''
datadir='${datarootdir}'
datarootdir='${prefix}/share'
do_compare='cmp --ignore-initial=16 $$f1 $$f2'
docdir='${datarootdir}/doc/${PACKAGE_TARNAME}'
dvidir='${docdir}'
exec_prefix='${prefix}'
extra_objects=''
host='x86_64-pc-linux-gnu'
host_alias='x86_64-pc-linux-gnu'
host_cpu='x86_64'
host_os='linux-gnu'
host_vendor='pc'
htmldir='${docdir}'
includedir='${prefix}/include'
infodir='${datarootdir}/info'
install_sh='${SHELL} /root/buildroot-2021.05.1/output/build/host-binutils-2.35.2/install-sh'
install_tooldir='install-exec-tooldir'
libdir='${exec_prefix}/lib'
libexecdir='${exec_prefix}/libexec'
localedir='${datarootdir}/locale'
localstatedir='/root/buildroot-2021.05.1/output/host/var'
mandir='${datarootdir}/man'
mkdir_p='$(MKDIR_P)'
obj_format='elf'
oldincludedir='/usr/include'
pdfdir='${docdir}'
prefix='/root/buildroot-2021.05.1/output/host'
program_transform_name='s&^&x86_64-buildroot-linux-uclibc-&'
psdir='${docdir}'
sbindir='${exec_prefix}/sbin'
sharedstatedir='${prefix}/com'
sysconfdir='/root/buildroot-2021.05.1/output/host/etc'
target='x86_64-buildroot-linux-uclibc'
target_alias='x86_64-buildroot-linux-uclibc'
target_cpu='x86_64'
target_cpu_type='i386'
target_os='linux-uclibc'
target_vendor='buildroot'
te_file='linux'
zlibdir='-L$(top_builddir)/../zlib'
zlibinc='-I$(top_srcdir)/../zlib'

## ----------- ##
## confdefs.h. ##
## ----------- ##

/* confdefs.h */
#define PACKAGE_NAME "gas"
#define PACKAGE_TARNAME "gas"
#define PACKAGE_VERSION "2.35.2"
#define PACKAGE_STRING "gas 2.35.2"
#define PACKAGE_BUGREPORT ""
#define PACKAGE_URL ""
#define PACKAGE "gas"
#define VERSION "2.35.2"
#define STDC_HEADERS 1
#define HAVE_SYS_TYPES_H 1
#define HAVE_SYS_STAT_H 1
#define HAVE_STDLIB_H 1
#define HAVE_STRING_H 1
#define HAVE_MEMORY_H 1
#define HAVE_STRINGS_H 1
#define HAVE_INTTYPES_H 1
#define HAVE_STDINT_H 1
#define HAVE_UNISTD_H 1
#define __EXTENSIONS__ 1
#define _ALL_SOURCE 1
#define _GNU_SOURCE 1
#define _POSIX_PTHREAD_SEMANTICS 1
#define _TANDEM_SOURCE 1
#define HAVE_DLFCN_H 1
#define LT_OBJDIR ".libs/"
#define HAVE_DLFCN_H 1
#define DEFAULT_ARCH "x86_64"
#define DEFAULT_GENERATE_X86_RELAX_RELOCATIONS 1
#define DEFAULT_GENERATE_ELF_STT_COMMON 0
#define DEFAULT_GENERATE_BUILD_NOTES 0
#define DEFAULT_X86_USED_NOTE 0
#define DEFAULT_RISCV_ATTR 0
#define DEFAULT_MIPS_FIX_LOONGSON3_LLSC 0
#define DEFAULT_FLAG_COMPRESS_DEBUG 1
#define EMULATIONS  &i386elf,
#define DEFAULT_EMULATION "i386elf"
#define TARGET_ALIAS "x86_64-buildroot-linux-uclibc"
#define TARGET_CANONICAL "x86_64-buildroot-linux-uclibc"
#define TARGET_CPU "x86_64"
#define TARGET_VENDOR "buildroot"
#define TARGET_OS "linux-uclibc"
#define HAVE_STRING_H 1
#define HAVE_STDLIB_H 1
#define HAVE_MEMORY_H 1
#define HAVE_STRINGS_H 1
#define HAVE_UNISTD_H 1
#define HAVE_ERRNO_H 1
#define HAVE_SYS_TYPES_H 1
#define HAVE_LIMITS_H 1
#define HAVE_LOCALE_H 1
#define HAVE_TIME_H 1
#define HAVE_SYS_STAT_H 1
#define STRING_WITH_STRINGS 1
#define CROSS_COMPILE 1
#define HAVE_ALLOCA_H 1
#define HAVE_ALLOCA 1
#define HAVE_UNLINK 1
#define HAVE_SBRK 1
#define HAVE_SETLOCALE 1
#define HAVE_STRSIGNAL 1
#define HAVE_LC_MESSAGES 1
#define HAVE_DECL_GETOPT 1
#define HAVE_DECL_FREE 1
#define HAVE_DECL_GETENV 1
#define HAVE_DECL_MALLOC 1
#define HAVE_DECL_MEMPCPY 1
#define HAVE_DECL_REALLOC 1
#define HAVE_DECL_STPCPY 1
#define HAVE_DECL_STRSTR 1
#define HAVE_DECL_VSNPRINTF 1
#define HAVE_DECL_ASPRINTF 1
#define HAVE_TM_GMTOFF 1
#define HAVE_ST_MTIM_TV_SEC 1
#define HAVE_ST_MTIM_TV_NSEC 1

configure: exit 0
