This file contains any messages produced by compilers while
running configure, to aid debugging if configure makes a mistake.

It was created by binutils configure 2.35.2, which was
generated by GNU Autoconf 2.69.  Invocation command line was

  $ /root/buildroot-2021.05.1/output/build/host-binutils-2.35.2/binutils/configure --srcdir=.././binutils --cache-file=./config.cache --with-gnu-as --with-gnu-ld --prefix=/root/buildroot-2021.05.1/output/host --sysconfdir=/root/buildroot-2021.05.1/output/host/etc --localstatedir=/root/buildroot-2021.05.1/output/host/var --enable-shared --disable-static --disable-gtk-doc --disable-gtk-doc-html --disable-doc --disable-docs --disable-documentation --disable-debug --with-xmlto=no --with-fop=no --disable-nls --disable-dependency-tracking --disable-multilib --disable-werror --disable-shared --enable-static --with-sysroot=/root/buildroot-2021.05.1/output/host/x86_64-buildroot-linux-uclibc/sysroot --enable-poison-system-directories --without-debuginfod --disable-sim --disable-gdb --program-transform-name=s&^&x86_64-buildroot-linux-uclibc-& --disable-option-checking --build=x86_64-pc-linux-gnu --host=x86_64-pc-linux-gnu --target=x86_64-buildroot-linux-uclibc

## --------- ##
## Platform. ##
## --------- ##

hostname = racknerd-c383c8
uname -m = x86_64
uname -r = 4.19.0-6-amd64
uname -s = Linux
uname -v = #1 SMP Debian 4.19.67-2+deb10u1 (2019-09-20)

/usr/bin/uname -p = unknown
/bin/uname -X     = unknown

/bin/arch              = x86_64
/usr/bin/arch -k       = unknown
/usr/convex/getsysinfo = unknown
/usr/bin/hostinfo      = unknown
/bin/machine           = unknown
/usr/bin/oslevel       = unknown
/bin/universe          = unknown

PATH: /root/buildroot-2021.05.1/output/host/bin
PATH: /root/buildroot-2021.05.1/output/host/sbin
PATH: /usr/local/sbin
PATH: /usr/local/bin
PATH: /usr/sbin
PATH: /usr/bin
PATH: /sbin
PATH: /bin


## ----------- ##
## Core tests. ##
## ----------- ##

configure:2502: creating cache ./config.cache
configure:2616: checking build system type
configure:2630: result: x86_64-pc-linux-gnu
configure:2650: checking host system type
configure:2663: result: x86_64-pc-linux-gnu
configure:2683: checking target system type
configure:2696: result: x86_64-buildroot-linux-uclibc
configure:2733: checking for x86_64-pc-linux-gnu-gcc
configure:2760: result: /usr/bin/gcc
configure:3029: checking for C compiler version
configure:3038: /usr/bin/gcc --version >&5
gcc (Debian 8.3.0-6) 8.3.0
Copyright (C) 2018 Free Software Foundation, Inc.
This is free software; see the source for copying conditions.  There is NO
warranty; not even for MERCHANTABILITY or FITNESS FOR A PARTICULAR PURPOSE.

configure:3049: $? = 0
configure:3038: /usr/bin/gcc -v >&5
Using built-in specs.
COLLECT_GCC=/usr/bin/gcc
COLLECT_LTO_WRAPPER=/usr/lib/gcc/x86_64-linux-gnu/8/lto-wrapper
OFFLOAD_TARGET_NAMES=nvptx-none
OFFLOAD_TARGET_DEFAULT=1
Target: x86_64-linux-gnu
Configured with: ../src/configure -v --with-pkgversion='Debian 8.3.0-6' --with-bugurl=file:///usr/share/doc/gcc-8/README.Bugs --enable-languages=c,ada,c++,go,brig,d,fortran,objc,obj-c++ --prefix=/usr --with-gcc-major-version-only --program-suffix=-8 --program-prefix=x86_64-linux-gnu- --enable-shared --enable-linker-build-id --libexecdir=/usr/lib --without-included-gettext --enable-threads=posix --libdir=/usr/lib --enable-nls --enable-bootstrap --enable-clocale=gnu --enable-libstdcxx-debug --enable-libstdcxx-time=yes --with-default-libstdcxx-abi=new --enable-gnu-unique-object --disable-vtable-verify --enable-libmpx --enable-plugin --enable-default-pie --with-system-zlib --with-target-system-zlib --enable-objc-gc=auto --enable-multiarch --disable-werror --with-arch-32=i686 --with-abi=m64 --with-multilib-list=m32,m64,mx32 --enable-multilib --with-tune=generic --enable-offload-targets=nvptx-none --without-cuda-driver --enable-checking=release --build=x86_64-linux-gnu --host=x86_64-linux-gnu --target=x86_64-linux-gnu
Thread model: posix
gcc version 8.3.0 (Debian 8.3.0-6) 
configure:3049: $? = 0
configure:3038: /usr/bin/gcc -V >&5
gcc: error: unrecognized command line option '-V'
gcc: fatal error: no input files
compilation terminated.
configure:3049: $? = 1
configure:3038: /usr/bin/gcc -qversion >&5
gcc: error: unrecognized command line option '-qversion'; did you mean '--version'?
gcc: fatal error: no input files
compilation terminated.
configure:3049: $? = 1
configure:3069: checking whether the C compiler works
configure:3091: /usr/bin/gcc -O2 -I/root/buildroot-2021.05.1/output/host/include   -L/root/buildroot-2021.05.1/output/host/lib -Wl,-rpath,/root/buildroot-2021.05.1/output/host/lib conftest.c  >&5
configure:3095: $? = 0
configure:3143: result: yes
configure:3146: checking for C compiler default output file name
configure:3148: result: a.out
configure:3154: checking for suffix of executables
configure:3161: /usr/bin/gcc -o conftest -O2 -I/root/buildroot-2021.05.1/output/host/include   -L/root/buildroot-2021.05.1/output/host/lib -Wl,-rpath,/root/buildroot-2021.05.1/output/host/lib conftest.c  >&5
configure:3165: $? = 0
configure:3187: result: 
configure:3209: checking whether we are cross compiling
configure:3217: /usr/bin/gcc -o conftest -O2 -I/root/buildroot-2021.05.1/output/host/include   -L/root/buildroot-2021.05.1/output/host/lib -Wl,-rpath,/root/buildroot-2021.05.1/output/host/lib conftest.c  >&5
configure:3221: $? = 0
configure:3228: ./conftest
configure:3232: $? = 0
configure:3220: result: no
configure:3225: checking for suffix of object files
configure:3247: /usr/bin/gcc -c -O2 -I/root/buildroot-2021.05.1/output/host/include  conftest.c >&5
configure:3251: $? = 0
configure:3272: result: o
configure:3276: checking whether we are using the GNU C compiler
configure:3295: /usr/bin/gcc -c -O2 -I/root/buildroot-2021.05.1/output/host/include  conftest.c >&5
configure:3295: $? = 0
configure:3304: result: yes
configure:3313: checking whether /usr/bin/gcc accepts -g
configure:3333: /usr/bin/gcc -c -g  conftest.c >&5
configure:3333: $? = 0
configure:3374: result: yes
configure:3391: checking for /usr/bin/gcc option to accept ISO C89
configure:3454: /usr/bin/gcc  -c -O2 -I/root/buildroot-2021.05.1/output/host/include  conftest.c >&5
configure:3454: $? = 0
configure:3467: result: none needed
configure:3492: checking whether /usr/bin/gcc understands -c and -o together
configure:3514: /usr/bin/gcc -c conftest.c -o conftest2.o
configure:3517: $? = 0
configure:3514: /usr/bin/gcc -c conftest.c -o conftest2.o
configure:3517: $? = 0
configure:3529: result: yes
configure:3547: checking for library containing strerror
configure:3578: /usr/bin/gcc -o conftest -O2 -I/root/buildroot-2021.05.1/output/host/include   -L/root/buildroot-2021.05.1/output/host/lib -Wl,-rpath,/root/buildroot-2021.05.1/output/host/lib conftest.c  >&5
configure:3578: $? = 0
configure:3595: result: none required
configure:3620: checking for a BSD-compatible install
configure:3688: result: /usr/bin/install -c
configure:3699: checking whether build environment is sane
configure:3754: result: yes
configure:3900: checking for a thread-safe mkdir -p
configure:3939: result: /usr/bin/mkdir -p
configure:3946: checking for gawk
configure:3973: result: mawk
configure:3984: checking whether /usr/bin/make sets $(MAKE)
configure:4006: result: yes
configure:4036: checking for style of include used by /usr/bin/make
configure:4064: result: GNU
configure:4098: checking whether /usr/bin/make supports nested variables
configure:4115: result: yes
configure:4200: checking dependency style of /usr/bin/gcc
configure:4311: result: none
configure:4378: checking for x86_64-pc-linux-gnu-gcc
configure:4405: result: /usr/bin/gcc
configure:4674: checking for C compiler version
configure:4683: /usr/bin/gcc --version >&5
gcc (Debian 8.3.0-6) 8.3.0
Copyright (C) 2018 Free Software Foundation, Inc.
This is free software; see the source for copying conditions.  There is NO
warranty; not even for MERCHANTABILITY or FITNESS FOR A PARTICULAR PURPOSE.

configure:4694: $? = 0
configure:4683: /usr/bin/gcc -v >&5
Using built-in specs.
COLLECT_GCC=/usr/bin/gcc
COLLECT_LTO_WRAPPER=/usr/lib/gcc/x86_64-linux-gnu/8/lto-wrapper
OFFLOAD_TARGET_NAMES=nvptx-none
OFFLOAD_TARGET_DEFAULT=1
Target: x86_64-linux-gnu
Configured with: ../src/configure -v --with-pkgversion='Debian 8.3.0-6' --with-bugurl=file:///usr/share/doc/gcc-8/README.Bugs --enable-languages=c,ada,c++,go,brig,d,fortran,objc,obj-c++ --prefix=/usr --with-gcc-major-version-only --program-suffix=-8 --program-prefix=x86_64-linux-gnu- --enable-shared --enable-linker-build-id --libexecdir=/usr/lib --without-included-gettext --enable-threads=posix --libdir=/usr/lib --enable-nls --enable-bootstrap --enable-clocale=gnu --enable-libstdcxx-debug --enable-libstdcxx-time=yes --with-default-libstdcxx-abi=new --enable-gnu-unique-object --disable-vtable-verify --enable-libmpx --enable-plugin --enable-default-pie --with-system-zlib --with-target-system-zlib --enable-objc-gc=auto --enable-multiarch --disable-werror --with-arch-32=i686 --with-abi=m64 --with-multilib-list=m32,m64,mx32 --enable-multilib --with-tune=generic --enable-offload-targets=nvptx-none --without-cuda-driver --enable-checking=release --build=x86_64-linux-gnu --host=x86_64-linux-gnu --target=x86_64-linux-gnu
Thread model: posix
gcc version 8.3.0 (Debian 8.3.0-6) 
configure:4694: $? = 0
configure:4683: /usr/bin/gcc -V >&5
gcc: error: unrecognized command line option '-V'
gcc: fatal error: no input files
compilation terminated.
configure:4694: $? = 1
configure:4683: /usr/bin/gcc -qversion >&5
gcc: error: unrecognized command line option '-qversion'; did you mean '--version'?
gcc: fatal error: no input files
compilation terminated.
configure:4694: $? = 1
configure:4698: checking whether we are using the GNU C compiler
configure:4726: result: yes
configure:4735: checking whether /usr/bin/gcc accepts -g
configure:4796: result: yes
configure:4813: checking for /usr/bin/gcc option to accept ISO C89
configure:4889: result: none needed
configure:4914: checking whether /usr/bin/gcc understands -c and -o together
configure:4951: result: yes
configure:4973: checking how to run the C preprocessor
configure:5004: /usr/bin/gcc -E  conftest.c
configure:5004: $? = 0
configure:5018: /usr/bin/gcc -E  conftest.c
conftest.c:11:10: fatal error: ac_nonexistent.h: No such file or directory
 #include <ac_nonexistent.h>
          ^~~~~~~~~~~~~~~~~~
compilation terminated.
configure:5018: $? = 1
configure: failed program was:
| /* confdefs.h */
| #define PACKAGE_NAME "binutils"
| #define PACKAGE_TARNAME "binutils"
| #define PACKAGE_VERSION "2.35.2"
| #define PACKAGE_STRING "binutils 2.35.2"
| #define PACKAGE_BUGREPORT ""
| #define PACKAGE_URL ""
| #define PACKAGE "binutils"
| #define VERSION "2.35.2"
| /* end confdefs.h.  */
| #include <ac_nonexistent.h>
configure:5043: result: /usr/bin/gcc -E
configure:5063: /usr/bin/gcc -E  conftest.c
configure:5063: $? = 0
configure:5077: /usr/bin/gcc -E  conftest.c
conftest.c:11:10: fatal error: ac_nonexistent.h: No such file or directory
 #include <ac_nonexistent.h>
          ^~~~~~~~~~~~~~~~~~
compilation terminated.
configure:5077: $? = 1
configure: failed program was:
| /* confdefs.h */
| #define PACKAGE_NAME "binutils"
| #define PACKAGE_TARNAME "binutils"
| #define PACKAGE_VERSION "2.35.2"
| #define PACKAGE_STRING "binutils 2.35.2"
| #define PACKAGE_BUGREPORT ""
| #define PACKAGE_URL ""
| #define PACKAGE "binutils"
| #define VERSION "2.35.2"
| /* end confdefs.h.  */
| #include <ac_nonexistent.h>
configure:5106: checking for grep that handles long lines and -e
configure:5164: result: /usr/bin/grep
configure:5169: checking for egrep
configure:5231: result: /usr/bin/grep -E
configure:5236: checking for ANSI C header files
configure:5256: /usr/bin/gcc -c -O2 -I/root/buildroot-2021.05.1/output/host/include  conftest.c >&5
configure:5256: $? = 0
configure:5329: /usr/bin/gcc -o conftest -O2 -I/root/buildroot-2021.05.1/output/host/include   -L/root/buildroot-2021.05.1/output/host/lib -Wl,-rpath,/root/buildroot-2021.05.1/output/host/lib conftest.c  >&5
configure:5329: $? = 0
configure:5329: ./conftest
configure:5329: $? = 0
configure:5340: result: yes
configure:5353: checking for sys/types.h
configure:5353: /usr/bin/gcc -c -O2 -I/root/buildroot-2021.05.1/output/host/include  conftest.c >&5
configure:5353: $? = 0
configure:5353: result: yes
configure:5353: checking for sys/stat.h
configure:5353: /usr/bin/gcc -c -O2 -I/root/buildroot-2021.05.1/output/host/include  conftest.c >&5
configure:5353: $? = 0
configure:5353: result: yes
configure:5353: checking for stdlib.h
configure:5353: /usr/bin/gcc -c -O2 -I/root/buildroot-2021.05.1/output/host/include  conftest.c >&5
configure:5353: $? = 0
configure:5353: result: yes
configure:5353: checking for string.h
configure:5353: /usr/bin/gcc -c -O2 -I/root/buildroot-2021.05.1/output/host/include  conftest.c >&5
configure:5353: $? = 0
configure:5353: result: yes
configure:5353: checking for memory.h
configure:5353: /usr/bin/gcc -c -O2 -I/root/buildroot-2021.05.1/output/host/include  conftest.c >&5
configure:5353: $? = 0
configure:5353: result: yes
configure:5353: checking for strings.h
configure:5353: /usr/bin/gcc -c -O2 -I/root/buildroot-2021.05.1/output/host/include  conftest.c >&5
configure:5353: $? = 0
configure:5353: result: yes
configure:5353: checking for inttypes.h
configure:5353: /usr/bin/gcc -c -O2 -I/root/buildroot-2021.05.1/output/host/include  conftest.c >&5
configure:5353: $? = 0
configure:5353: result: yes
configure:5353: checking for stdint.h
configure:5353: /usr/bin/gcc -c -O2 -I/root/buildroot-2021.05.1/output/host/include  conftest.c >&5
configure:5353: $? = 0
configure:5353: result: yes
configure:5353: checking for unistd.h
configure:5353: /usr/bin/gcc -c -O2 -I/root/buildroot-2021.05.1/output/host/include  conftest.c >&5
configure:5353: $? = 0
configure:5353: result: yes
configure:5366: checking minix/config.h usability
configure:5366: /usr/bin/gcc -c -O2 -I/root/buildroot-2021.05.1/output/host/include  conftest.c >&5
conftest.c:54:10: fatal error: minix/config.h: No such file or directory
 #include <minix/config.h>
          ^~~~~~~~~~~~~~~~
compilation terminated.
configure:5366: $? = 1
configure: failed program was:
| /* confdefs.h */
| #define PACKAGE_NAME "binutils"
| #define PACKAGE_TARNAME "binutils"
| #define PACKAGE_VERSION "2.35.2"
| #define PACKAGE_STRING "binutils 2.35.2"
| #define PACKAGE_BUGREPORT ""
| #define PACKAGE_URL ""
| #define PACKAGE "binutils"
| #define VERSION "2.35.2"
| #define STDC_HEADERS 1
| #define HAVE_SYS_TYPES_H 1
| #define HAVE_SYS_STAT_H 1
| #define HAVE_STDLIB_H 1
| #define HAVE_STRING_H 1
| #define HAVE_MEMORY_H 1
| #define HAVE_STRINGS_H 1
| #define HAVE_INTTYPES_H 1
| #define HAVE_STDINT_H 1
| #define HAVE_UNISTD_H 1
| /* end confdefs.h.  */
| #include <stdio.h>
| #ifdef HAVE_SYS_TYPES_H
| # include <sys/types.h>
| #endif
| #ifdef HAVE_SYS_STAT_H
| # include <sys/stat.h>
| #endif
| #ifdef STDC_HEADERS
| # include <stdlib.h>
| # include <stddef.h>
| #else
| # ifdef HAVE_STDLIB_H
| #  include <stdlib.h>
| # endif
| #endif
| #ifdef HAVE_STRING_H
| # if !defined STDC_HEADERS && defined HAVE_MEMORY_H
| #  include <memory.h>
| # endif
| # include <string.h>
| #endif
| #ifdef HAVE_STRINGS_H
| # include <strings.h>
| #endif
| #ifdef HAVE_INTTYPES_H
| # include <inttypes.h>
| #endif
| #ifdef HAVE_STDINT_H
| # include <stdint.h>
| #endif
| #ifdef HAVE_UNISTD_H
| # include <unistd.h>
| #endif
| #include <minix/config.h>
configure:5366: result: no
configure:5366: checking minix/config.h presence
configure:5366: /usr/bin/gcc -E  conftest.c
conftest.c:21:10: fatal error: minix/config.h: No such file or directory
 #include <minix/config.h>
          ^~~~~~~~~~~~~~~~
compilation terminated.
configure:5366: $? = 1
configure: failed program was:
| /* confdefs.h */
| #define PACKAGE_NAME "binutils"
| #define PACKAGE_TARNAME "binutils"
| #define PACKAGE_VERSION "2.35.2"
| #define PACKAGE_STRING "binutils 2.35.2"
| #define PACKAGE_BUGREPORT ""
| #define PACKAGE_URL ""
| #define PACKAGE "binutils"
| #define VERSION "2.35.2"
| #define STDC_HEADERS 1
| #define HAVE_SYS_TYPES_H 1
| #define HAVE_SYS_STAT_H 1
| #define HAVE_STDLIB_H 1
| #define HAVE_STRING_H 1
| #define HAVE_MEMORY_H 1
| #define HAVE_STRINGS_H 1
| #define HAVE_INTTYPES_H 1
| #define HAVE_STDINT_H 1
| #define HAVE_UNISTD_H 1
| /* end confdefs.h.  */
| #include <minix/config.h>
configure:5366: result: no
configure:5366: checking for minix/config.h
configure:5366: result: no
configure:5387: checking whether it is safe to define __EXTENSIONS__
configure:5405: /usr/bin/gcc -c -O2 -I/root/buildroot-2021.05.1/output/host/include  conftest.c >&5
configure:5405: $? = 0
configure:5412: result: yes
configure:5475: checking how to print strings
configure:5502: result: printf
configure:5523: checking for a sed that does not truncate output
configure:5587: result: /usr/bin/sed
configure:5605: checking for fgrep
configure:5667: result: /usr/bin/grep -F
configure:5702: checking for ld used by /usr/bin/gcc
configure:5769: result: /usr/bin/ld
configure:5776: checking if the linker (/usr/bin/ld) is GNU ld
configure:5791: result: yes
configure:5803: checking for BSD- or MS-compatible name lister (nm)
configure:5852: result: /usr/bin/nm
configure:5982: checking the name lister (/usr/bin/nm) interface
configure:5989: /usr/bin/gcc -c -O2 -I/root/buildroot-2021.05.1/output/host/include  conftest.c >&5
configure:5992: /usr/bin/nm "conftest.o"
configure:5995: output
0000000000000000 B some_variable
configure:5996: result: BSD nm
configure:5999: checking whether ln -s works
configure:6003: result: yes
configure:6011: checking the maximum length of command line arguments
configure:6136: result: 1572864
configure:6153: checking whether the shell understands some XSI constructs
configure:6162: result: yes
configure:6166: checking whether the shell understands "+="
configure:6170: result: yes
configure:6205: checking for /usr/bin/ld option to reload object files
configure:6212: result: -r
configure:6241: checking for x86_64-pc-linux-gnu-objdump
configure:6268: result: objdump
configure:6340: checking how to recognize dependent libraries
configure:6541: result: pass_all
configure:6561: checking for x86_64-pc-linux-gnu-ar
configure:6588: result: /usr/bin/ar
configure:6666: checking for x86_64-pc-linux-gnu-strip
configure:6696: result: no
configure:6706: checking for strip
configure:6722: found /usr/bin/strip
configure:6733: result: strip
configure:6765: checking for x86_64-pc-linux-gnu-ranlib
configure:6792: result: /usr/bin/ranlib
configure:6934: checking command to parse /usr/bin/nm output from /usr/bin/gcc object
configure:7052: /usr/bin/gcc -c -O2 -I/root/buildroot-2021.05.1/output/host/include  conftest.c >&5
configure:7055: $? = 0
configure:7059: /usr/bin/nm conftest.o \| sed -n -e 's/^.*[ ]\([ABCDGIRSTW][ABCDGIRSTW]*\)[ ][ ]*\([_A-Za-z][_A-Za-z0-9]*\)$/\1 \2 \2/p' \> conftest.nm
configure:7062: $? = 0
configure:7116: /usr/bin/gcc -o conftest -O2 -I/root/buildroot-2021.05.1/output/host/include   -L/root/buildroot-2021.05.1/output/host/lib -Wl,-rpath,/root/buildroot-2021.05.1/output/host/lib conftest.c conftstm.o >&5
configure:7119: $? = 0
configure:7157: result: ok
configure:7252: /usr/bin/gcc -c -O2 -I/root/buildroot-2021.05.1/output/host/include  conftest.c >&5
configure:7255: $? = 0
configure:8005: checking for dlfcn.h
configure:8005: /usr/bin/gcc -c -O2 -I/root/buildroot-2021.05.1/output/host/include  conftest.c >&5
configure:8005: $? = 0
configure:8005: result: yes
configure:8192: checking for objdir
configure:8207: result: .libs
configure:8478: checking if /usr/bin/gcc supports -fno-rtti -fno-exceptions
configure:8496: /usr/bin/gcc -c -O2 -I/root/buildroot-2021.05.1/output/host/include  -fno-rtti -fno-exceptions conftest.c >&5
cc1: warning: command line option '-fno-rtti' is valid for C++/ObjC++ but not for C
configure:8500: $? = 0
configure:8513: result: no
configure:8533: checking for /usr/bin/gcc option to produce PIC
configure:8819: result: -fPIC -DPIC
configure:8831: checking if /usr/bin/gcc PIC flag -fPIC -DPIC works
configure:8849: /usr/bin/gcc -c -O2 -I/root/buildroot-2021.05.1/output/host/include  -fPIC -DPIC -DPIC conftest.c >&5
configure:8853: $? = 0
configure:8866: result: yes
configure:8890: checking if /usr/bin/gcc static flag -static works
configure:8918: result: yes
configure:8933: checking if /usr/bin/gcc supports -c -o file.o
configure:8954: /usr/bin/gcc -c -O2 -I/root/buildroot-2021.05.1/output/host/include  -o out/conftest2.o conftest.c >&5
configure:8958: $? = 0
configure:8980: result: yes
configure:8988: checking if /usr/bin/gcc supports -c -o file.o
configure:9035: result: yes
configure:9068: checking whether the /usr/bin/gcc linker (/usr/bin/ld -m elf_x86_64) supports shared libraries
configure:10139: result: yes
configure:10384: checking dynamic linker characteristics
configure:10835: /usr/bin/gcc -o conftest -O2 -I/root/buildroot-2021.05.1/output/host/include   -L/root/buildroot-2021.05.1/output/host/lib -Wl,-rpath,/root/buildroot-2021.05.1/output/host/lib -Wl,-rpath -Wl,/foo conftest.c  >&5
configure:10835: $? = 0
configure:11057: result: GNU/Linux ld.so
configure:11164: checking how to hardcode library paths into programs
configure:11189: result: immediate
configure:11729: checking whether stripping libraries is possible
configure:11734: result: yes
configure:11769: checking if libtool supports shared libraries
configure:11771: result: yes
configure:11774: checking whether to build shared libraries
configure:11795: result: no
configure:11798: checking whether to build static libraries
configure:11802: result: yes
configure:8997: checking for dlfcn.h
configure:8997: result: yes
configure:9010: checking for windows.h
configure:9010: /usr/bin/gcc -c -O2 -I/root/buildroot-2021.05.1/output/host/include  conftest.c >&5
conftest.c:63:10: fatal error: windows.h: No such file or directory
 #include <windows.h>
          ^~~~~~~~~~~
compilation terminated.
configure:9010: $? = 1
configure: failed program was:
| /* confdefs.h */
| #define PACKAGE_NAME "binutils"
| #define PACKAGE_TARNAME "binutils"
| #define PACKAGE_VERSION "2.35.2"
| #define PACKAGE_STRING "binutils 2.35.2"
| #define PACKAGE_BUGREPORT ""
| #define PACKAGE_URL ""
| #define PACKAGE "binutils"
| #define VERSION "2.35.2"
| #define STDC_HEADERS 1
| #define HAVE_SYS_TYPES_H 1
| #define HAVE_SYS_STAT_H 1
| #define HAVE_STDLIB_H 1
| #define HAVE_STRING_H 1
| #define HAVE_MEMORY_H 1
| #define HAVE_STRINGS_H 1
| #define HAVE_INTTYPES_H 1
| #define HAVE_STDINT_H 1
| #define HAVE_UNISTD_H 1
| #define __EXTENSIONS__ 1
| #define _ALL_SOURCE 1
| #define _GNU_SOURCE 1
| #define _POSIX_PTHREAD_SEMANTICS 1
| #define _TANDEM_SOURCE 1
| #define HAVE_DLFCN_H 1
| #define LT_OBJDIR ".libs/"
| #define HAVE_DLFCN_H 1
| /* end confdefs.h.  */
| #include <stdio.h>
| #ifdef HAVE_SYS_TYPES_H
| # include <sys/types.h>
| #endif
| #ifdef HAVE_SYS_STAT_H
| # include <sys/stat.h>
| #endif
| #ifdef STDC_HEADERS
| # include <stdlib.h>
| # include <stddef.h>
| #else
| # ifdef HAVE_STDLIB_H
| #  include <stdlib.h>
| # endif
| #endif
| #ifdef HAVE_STRING_H
| # if !defined STDC_HEADERS && defined HAVE_MEMORY_H
| #  include <memory.h>
| # endif
| # include <string.h>
| #endif
| #ifdef HAVE_STRINGS_H
| # include <strings.h>
| #endif
| #ifdef HAVE_INTTYPES_H
| # include <inttypes.h>
| #endif
| #ifdef HAVE_STDINT_H
| # include <stdint.h>
| #endif
| #ifdef HAVE_UNISTD_H
| # include <unistd.h>
| #endif
| 
| #include <windows.h>
configure:9010: result: no
configure:9037: checking for library containing dlsym
configure:9068: /usr/bin/gcc -o conftest -O2 -I/root/buildroot-2021.05.1/output/host/include   -L/root/buildroot-2021.05.1/output/host/lib -Wl,-rpath,/root/buildroot-2021.05.1/output/host/lib conftest.c  >&5
/usr/bin/ld: /tmp/ccUC8MDY.o: in function `main':
conftest.c:(.text.startup+0x7): undefined reference to `dlsym'
collect2: error: ld returned 1 exit status
configure:9068: $? = 1
configure: failed program was:
| /* confdefs.h */
| #define PACKAGE_NAME "binutils"
| #define PACKAGE_TARNAME "binutils"
| #define PACKAGE_VERSION "2.35.2"
| #define PACKAGE_STRING "binutils 2.35.2"
| #define PACKAGE_BUGREPORT ""
| #define PACKAGE_URL ""
| #define PACKAGE "binutils"
| #define VERSION "2.35.2"
| #define STDC_HEADERS 1
| #define HAVE_SYS_TYPES_H 1
| #define HAVE_SYS_STAT_H 1
| #define HAVE_STDLIB_H 1
| #define HAVE_STRING_H 1
| #define HAVE_MEMORY_H 1
| #define HAVE_STRINGS_H 1
| #define HAVE_INTTYPES_H 1
| #define HAVE_STDINT_H 1
| #define HAVE_UNISTD_H 1
| #define __EXTENSIONS__ 1
| #define _ALL_SOURCE 1
| #define _GNU_SOURCE 1
| #define _POSIX_PTHREAD_SEMANTICS 1
| #define _TANDEM_SOURCE 1
| #define HAVE_DLFCN_H 1
| #define LT_OBJDIR ".libs/"
| #define HAVE_DLFCN_H 1
| /* end confdefs.h.  */
| 
| /* Override any GCC internal prototype to avoid an error.
|    Use char because int might match the return type of a GCC
|    builtin and then its argument prototype would still apply.  */
| #ifdef __cplusplus
| extern "C"
| #endif
| char dlsym ();
| int
| main ()
| {
| return dlsym ();
|   ;
|   return 0;
| }
configure:9068: /usr/bin/gcc -o conftest -O2 -I/root/buildroot-2021.05.1/output/host/include   -L/root/buildroot-2021.05.1/output/host/lib -Wl,-rpath,/root/buildroot-2021.05.1/output/host/lib conftest.c -ldl   >&5
configure:9068: $? = 0
configure:9085: result: -ldl
configure:9116: checking for special C compiler options needed for large files
configure:9161: result: no
configure:9167: checking for _FILE_OFFSET_BITS value needed for large files
configure:9192: /usr/bin/gcc -c -O2 -I/root/buildroot-2021.05.1/output/host/include  conftest.c >&5
configure:9192: $? = 0
configure:9224: result: no
configure:9363: checking whether to use debuginfod
configure:9365: result: no
configure:9369: WARNING: debuginfod support disabled; some features may be unavailable.
configure:9639: checking for bison
configure:9666: result: /root/buildroot-2021.05.1/output/build/host-binutils-2.35.2/missing bison -y
configure:9682: checking for flex
configure:9709: result: /root/buildroot-2021.05.1/output/build/host-binutils-2.35.2/missing flex
configure:9856: checking whether NLS is requested
configure:9859: result: no
configure:9927: checking whether NLS is requested
configure:9936: result: no
configure:9974: checking for msgfmt
configure:10008: result: no
configure:10014: checking for gmsgfmt
configure:10045: result: :
configure:10085: checking for xgettext
configure:10119: result: no
configure:10156: checking for msgmerge
configure:10189: result: no
configure:10223: checking whether to enable maintainer-specific portions of Makefiles
configure:10232: result: no
configure:10277: checking for x86_64-pc-linux-gnu-ranlib
configure:10304: result: /usr/bin/ranlib
configure:10417: checking size of long
configure:10422: /usr/bin/gcc -o conftest -O2 -I/root/buildroot-2021.05.1/output/host/include   -L/root/buildroot-2021.05.1/output/host/lib -Wl,-rpath,/root/buildroot-2021.05.1/output/host/lib conftest.c -ldl  >&5
configure:10422: $? = 0
configure:10422: ./conftest
configure:10422: $? = 0
configure:10436: result: 8
configure:10446: checking for long long
configure:10446: /usr/bin/gcc -c -O2 -I/root/buildroot-2021.05.1/output/host/include  conftest.c >&5
configure:10446: $? = 0
configure:10446: /usr/bin/gcc -c -O2 -I/root/buildroot-2021.05.1/output/host/include  conftest.c >&5
conftest.c: In function 'main':
conftest.c:70:24: error: expected expression before ')' token
 if (sizeof ((long long)))
                        ^
configure:10446: $? = 1
configure: failed program was:
| /* confdefs.h */
| #define PACKAGE_NAME "binutils"
| #define PACKAGE_TARNAME "binutils"
| #define PACKAGE_VERSION "2.35.2"
| #define PACKAGE_STRING "binutils 2.35.2"
| #define PACKAGE_BUGREPORT ""
| #define PACKAGE_URL ""
| #define PACKAGE "binutils"
| #define VERSION "2.35.2"
| #define STDC_HEADERS 1
| #define HAVE_SYS_TYPES_H 1
| #define HAVE_SYS_STAT_H 1
| #define HAVE_STDLIB_H 1
| #define HAVE_STRING_H 1
| #define HAVE_MEMORY_H 1
| #define HAVE_STRINGS_H 1
| #define HAVE_INTTYPES_H 1
| #define HAVE_STDINT_H 1
| #define HAVE_UNISTD_H 1
| #define __EXTENSIONS__ 1
| #define _ALL_SOURCE 1
| #define _GNU_SOURCE 1
| #define _POSIX_PTHREAD_SEMANTICS 1
| #define _TANDEM_SOURCE 1
| #define HAVE_DLFCN_H 1
| #define LT_OBJDIR ".libs/"
| #define HAVE_DLFCN_H 1
| #define DEFAULT_AR_DETERMINISTIC 0
| #define DEFAULT_STRINGS_ALL 1
| #define ENABLE_LIBCTF 1
| #define EXECUTABLE_SUFFIX ""
| #define SIZEOF_LONG 8
| /* end confdefs.h.  */
| #include <stdio.h>
| #ifdef HAVE_SYS_TYPES_H
| # include <sys/types.h>
| #endif
| #ifdef HAVE_SYS_STAT_H
| # include <sys/stat.h>
| #endif
| #ifdef STDC_HEADERS
| # include <stdlib.h>
| # include <stddef.h>
| #else
| # ifdef HAVE_STDLIB_H
| #  include <stdlib.h>
| # endif
| #endif
| #ifdef HAVE_STRING_H
| # if !defined STDC_HEADERS && defined HAVE_MEMORY_H
| #  include <memory.h>
| # endif
| # include <string.h>
| #endif
| #ifdef HAVE_STRINGS_H
| # include <strings.h>
| #endif
| #ifdef HAVE_INTTYPES_H
| # include <inttypes.h>
| #endif
| #ifdef HAVE_STDINT_H
| # include <stdint.h>
| #endif
| #ifdef HAVE_UNISTD_H
| # include <unistd.h>
| #endif
| int
| main ()
| {
| if (sizeof ((long long)))
| 	    return 0;
|   ;
|   return 0;
| }
configure:10446: result: yes
configure:10457: checking size of long long
configure:10462: /usr/bin/gcc -o conftest -O2 -I/root/buildroot-2021.05.1/output/host/include   -L/root/buildroot-2021.05.1/output/host/lib -Wl,-rpath,/root/buildroot-2021.05.1/output/host/lib conftest.c -ldl  >&5
configure:10462: $? = 0
configure:10462: ./conftest
configure:10462: $? = 0
configure:10476: result: 8
configure:10492: checking for string.h
configure:10492: result: yes
configure:10492: checking for strings.h
configure:10492: result: yes
configure:10492: checking for stdlib.h
configure:10492: result: yes
configure:10492: checking for unistd.h
configure:10492: result: yes
configure:10492: checking fcntl.h usability
configure:10492: /usr/bin/gcc -c -O2 -I/root/buildroot-2021.05.1/output/host/include  conftest.c >&5
configure:10492: $? = 0
configure:10492: result: yes
configure:10492: checking fcntl.h presence
configure:10492: /usr/bin/gcc -E  conftest.c
configure:10492: $? = 0
configure:10492: result: yes
configure:10492: checking for fcntl.h
configure:10492: result: yes
configure:10492: checking sys/file.h usability
configure:10492: /usr/bin/gcc -c -O2 -I/root/buildroot-2021.05.1/output/host/include  conftest.c >&5
configure:10492: $? = 0
configure:10492: result: yes
configure:10492: checking sys/file.h presence
configure:10492: /usr/bin/gcc -E  conftest.c
configure:10492: $? = 0
configure:10492: result: yes
configure:10492: checking for sys/file.h
configure:10492: result: yes
configure:10492: checking limits.h usability
configure:10492: /usr/bin/gcc -c -O2 -I/root/buildroot-2021.05.1/output/host/include  conftest.c >&5
configure:10492: $? = 0
configure:10492: result: yes
configure:10492: checking limits.h presence
configure:10492: /usr/bin/gcc -E  conftest.c
configure:10492: $? = 0
configure:10492: result: yes
configure:10492: checking for limits.h
configure:10492: result: yes
configure:10492: checking locale.h usability
configure:10492: /usr/bin/gcc -c -O2 -I/root/buildroot-2021.05.1/output/host/include  conftest.c >&5
configure:10492: $? = 0
configure:10492: result: yes
configure:10492: checking locale.h presence
configure:10492: /usr/bin/gcc -E  conftest.c
configure:10492: $? = 0
configure:10492: result: yes
configure:10492: checking for locale.h
configure:10492: result: yes
configure:10492: checking sys/param.h usability
configure:10492: /usr/bin/gcc -c -O2 -I/root/buildroot-2021.05.1/output/host/include  conftest.c >&5
configure:10492: $? = 0
configure:10492: result: yes
configure:10492: checking sys/param.h presence
configure:10492: /usr/bin/gcc -E  conftest.c
configure:10492: $? = 0
configure:10492: result: yes
configure:10492: checking for sys/param.h
configure:10492: result: yes
configure:10492: checking wchar.h usability
configure:10492: /usr/bin/gcc -c -O2 -I/root/buildroot-2021.05.1/output/host/include  conftest.c >&5
configure:10492: $? = 0
configure:10492: result: yes
configure:10492: checking wchar.h presence
configure:10492: /usr/bin/gcc -E  conftest.c
configure:10492: $? = 0
configure:10492: result: yes
configure:10492: checking for wchar.h
configure:10492: result: yes
configure:10502: checking for sys/wait.h that is POSIX.1 compatible
configure:10528: /usr/bin/gcc -c -O2 -I/root/buildroot-2021.05.1/output/host/include  conftest.c >&5
configure:10528: $? = 0
configure:10535: result: yes
configure:10543: checking whether string.h and strings.h may both be included
configure:10560: /usr/bin/gcc -c -O2 -I/root/buildroot-2021.05.1/output/host/include  conftest.c >&5
configure:10560: $? = 0
configure:10567: result: yes
configure:10575: checking for size_t
configure:10575: /usr/bin/gcc -c -O2 -I/root/buildroot-2021.05.1/output/host/include  conftest.c >&5
configure:10575: $? = 0
configure:10575: /usr/bin/gcc -c -O2 -I/root/buildroot-2021.05.1/output/host/include  conftest.c >&5
conftest.c: In function 'main':
conftest.c:84:21: error: expected expression before ')' token
 if (sizeof ((size_t)))
                     ^
configure:10575: $? = 1
configure: failed program was:
| /* confdefs.h */
| #define PACKAGE_NAME "binutils"
| #define PACKAGE_TARNAME "binutils"
| #define PACKAGE_VERSION "2.35.2"
| #define PACKAGE_STRING "binutils 2.35.2"
| #define PACKAGE_BUGREPORT ""
| #define PACKAGE_URL ""
| #define PACKAGE "binutils"
| #define VERSION "2.35.2"
| #define STDC_HEADERS 1
| #define HAVE_SYS_TYPES_H 1
| #define HAVE_SYS_STAT_H 1
| #define HAVE_STDLIB_H 1
| #define HAVE_STRING_H 1
| #define HAVE_MEMORY_H 1
| #define HAVE_STRINGS_H 1
| #define HAVE_INTTYPES_H 1
| #define HAVE_STDINT_H 1
| #define HAVE_UNISTD_H 1
| #define __EXTENSIONS__ 1
| #define _ALL_SOURCE 1
| #define _GNU_SOURCE 1
| #define _POSIX_PTHREAD_SEMANTICS 1
| #define _TANDEM_SOURCE 1
| #define HAVE_DLFCN_H 1
| #define LT_OBJDIR ".libs/"
| #define HAVE_DLFCN_H 1
| #define DEFAULT_AR_DETERMINISTIC 0
| #define DEFAULT_STRINGS_ALL 1
| #define ENABLE_LIBCTF 1
| #define EXECUTABLE_SUFFIX ""
| #define SIZEOF_LONG 8
| #define HAVE_LONG_LONG 1
| #define SIZEOF_LONG_LONG 8
| #define HAVE_STRING_H 1
| #define HAVE_STRINGS_H 1
| #define HAVE_STDLIB_H 1
| #define HAVE_UNISTD_H 1
| #define HAVE_FCNTL_H 1
| #define HAVE_SYS_FILE_H 1
| #define HAVE_LIMITS_H 1
| #define HAVE_LOCALE_H 1
| #define HAVE_SYS_PARAM_H 1
| #define HAVE_WCHAR_H 1
| #define HAVE_SYS_WAIT_H 1
| #define STRING_WITH_STRINGS 1
| /* end confdefs.h.  */
| #include <stdio.h>
| #ifdef HAVE_SYS_TYPES_H
| # include <sys/types.h>
| #endif
| #ifdef HAVE_SYS_STAT_H
| # include <sys/stat.h>
| #endif
| #ifdef STDC_HEADERS
| # include <stdlib.h>
| # include <stddef.h>
| #else
| # ifdef HAVE_STDLIB_H
| #  include <stdlib.h>
| # endif
| #endif
| #ifdef HAVE_STRING_H
| # if !defined STDC_HEADERS && defined HAVE_MEMORY_H
| #  include <memory.h>
| # endif
| # include <string.h>
| #endif
| #ifdef HAVE_STRINGS_H
| # include <strings.h>
| #endif
| #ifdef HAVE_INTTYPES_H
| # include <inttypes.h>
| #endif
| #ifdef HAVE_STDINT_H
| # include <stdint.h>
| #endif
| #ifdef HAVE_UNISTD_H
| # include <unistd.h>
| #endif
| int
| main ()
| {
| if (sizeof ((size_t)))
| 	    return 0;
|   ;
|   return 0;
| }
configure:10575: result: yes
configure:10588: checking for working alloca.h
configure:10605: /usr/bin/gcc -o conftest -O2 -I/root/buildroot-2021.05.1/output/host/include   -L/root/buildroot-2021.05.1/output/host/lib -Wl,-rpath,/root/buildroot-2021.05.1/output/host/lib conftest.c -ldl  >&5
configure:10605: $? = 0
configure:10613: result: yes
configure:10621: checking for alloca
configure:10658: /usr/bin/gcc -o conftest -O2 -I/root/buildroot-2021.05.1/output/host/include   -L/root/buildroot-2021.05.1/output/host/lib -Wl,-rpath,/root/buildroot-2021.05.1/output/host/lib conftest.c -ldl  >&5
configure:10658: $? = 0
configure:10666: result: yes
configure:10778: checking for stdlib.h
configure:10778: result: yes
configure:10778: checking for unistd.h
configure:10778: result: yes
configure:10778: checking for sys/param.h
configure:10778: result: yes
configure:10798: checking for getpagesize
configure:10798: /usr/bin/gcc -o conftest -O2 -I/root/buildroot-2021.05.1/output/host/include   -L/root/buildroot-2021.05.1/output/host/lib -Wl,-rpath,/root/buildroot-2021.05.1/output/host/lib conftest.c -ldl  >&5
configure:10798: $? = 0
configure:10798: result: yes
configure:10807: checking for working mmap
configure:10954: /usr/bin/gcc -o conftest -O2 -I/root/buildroot-2021.05.1/output/host/include   -L/root/buildroot-2021.05.1/output/host/lib -Wl,-rpath,/root/buildroot-2021.05.1/output/host/lib conftest.c -ldl  >&5
configure:10954: $? = 0
configure:10954: ./conftest
configure:10954: $? = 0
configure:10964: result: yes
configure:10976: checking for sbrk
configure:10976: /usr/bin/gcc -o conftest -O2 -I/root/buildroot-2021.05.1/output/host/include   -L/root/buildroot-2021.05.1/output/host/lib -Wl,-rpath,/root/buildroot-2021.05.1/output/host/lib conftest.c -ldl  >&5
configure:10976: $? = 0
configure:10976: result: yes
configure:10976: checking for utimes
configure:10976: /usr/bin/gcc -o conftest -O2 -I/root/buildroot-2021.05.1/output/host/include   -L/root/buildroot-2021.05.1/output/host/lib -Wl,-rpath,/root/buildroot-2021.05.1/output/host/lib conftest.c -ldl  >&5
configure:10976: $? = 0
configure:10976: result: yes
configure:10976: checking for setmode
configure:10976: /usr/bin/gcc -o conftest -O2 -I/root/buildroot-2021.05.1/output/host/include   -L/root/buildroot-2021.05.1/output/host/lib -Wl,-rpath,/root/buildroot-2021.05.1/output/host/lib conftest.c -ldl  >&5
/usr/bin/ld: /tmp/cc8d24Ow.o: in function `main':
conftest.c:(.text.startup+0x7): undefined reference to `setmode'
collect2: error: ld returned 1 exit status
configure:10976: $? = 1
configure: failed program was:
| /* confdefs.h */
| #define PACKAGE_NAME "binutils"
| #define PACKAGE_TARNAME "binutils"
| #define PACKAGE_VERSION "2.35.2"
| #define PACKAGE_STRING "binutils 2.35.2"
| #define PACKAGE_BUGREPORT ""
| #define PACKAGE_URL ""
| #define PACKAGE "binutils"
| #define VERSION "2.35.2"
| #define STDC_HEADERS 1
| #define HAVE_SYS_TYPES_H 1
| #define HAVE_SYS_STAT_H 1
| #define HAVE_STDLIB_H 1
| #define HAVE_STRING_H 1
| #define HAVE_MEMORY_H 1
| #define HAVE_STRINGS_H 1
| #define HAVE_INTTYPES_H 1
| #define HAVE_STDINT_H 1
| #define HAVE_UNISTD_H 1
| #define __EXTENSIONS__ 1
| #define _ALL_SOURCE 1
| #define _GNU_SOURCE 1
| #define _POSIX_PTHREAD_SEMANTICS 1
| #define _TANDEM_SOURCE 1
| #define HAVE_DLFCN_H 1
| #define LT_OBJDIR ".libs/"
| #define HAVE_DLFCN_H 1
| #define DEFAULT_AR_DETERMINISTIC 0
| #define DEFAULT_STRINGS_ALL 1
| #define ENABLE_LIBCTF 1
| #define EXECUTABLE_SUFFIX ""
| #define SIZEOF_LONG 8
| #define HAVE_LONG_LONG 1
| #define SIZEOF_LONG_LONG 8
| #define HAVE_STRING_H 1
| #define HAVE_STRINGS_H 1
| #define HAVE_STDLIB_H 1
| #define HAVE_UNISTD_H 1
| #define HAVE_FCNTL_H 1
| #define HAVE_SYS_FILE_H 1
| #define HAVE_LIMITS_H 1
| #define HAVE_LOCALE_H 1
| #define HAVE_SYS_PARAM_H 1
| #define HAVE_WCHAR_H 1
| #define HAVE_SYS_WAIT_H 1
| #define STRING_WITH_STRINGS 1
| #define HAVE_ALLOCA_H 1
| #define HAVE_ALLOCA 1
| #define HAVE_STDLIB_H 1
| #define HAVE_UNISTD_H 1
| #define HAVE_SYS_PARAM_H 1
| #define HAVE_GETPAGESIZE 1
| #define HAVE_MMAP 1
| #define HAVE_SBRK 1
| #define HAVE_UTIMES 1
| /* end confdefs.h.  */
| /* Define setmode to an innocuous variant, in case <limits.h> declares setmode.
|    For example, HP-UX 11i <limits.h> declares gettimeofday.  */
| #define setmode innocuous_setmode
| 
| /* System header to define __stub macros and hopefully few prototypes,
|     which can conflict with char setmode (); below.
|     Prefer <limits.h> to <assert.h> if __STDC__ is defined, since
|     <limits.h> exists even on freestanding compilers.  */
| 
| #ifdef __STDC__
| # include <limits.h>
| #else
| # include <assert.h>
| #endif
| 
| #undef setmode
| 
| /* Override any GCC internal prototype to avoid an error.
|    Use char because int might match the return type of a GCC
|    builtin and then its argument prototype would still apply.  */
| #ifdef __cplusplus
| extern "C"
| #endif
| char setmode ();
| /* The GNU C library defines this for functions which it implements
|     to always fail with ENOSYS.  Some functions are actually named
|     something starting with __ and the normal name is an alias.  */
| #if defined __stub_setmode || defined __stub___setmode
| choke me
| #endif
| 
| int
| main ()
| {
| return setmode ();
|   ;
|   return 0;
| }
configure:10976: result: no
configure:10976: checking for getc_unlocked
configure:10976: /usr/bin/gcc -o conftest -O2 -I/root/buildroot-2021.05.1/output/host/include   -L/root/buildroot-2021.05.1/output/host/lib -Wl,-rpath,/root/buildroot-2021.05.1/output/host/lib conftest.c -ldl  >&5
configure:10976: $? = 0
configure:10976: result: yes
configure:10976: checking for strcoll
configure:10976: /usr/bin/gcc -o conftest -O2 -I/root/buildroot-2021.05.1/output/host/include   -L/root/buildroot-2021.05.1/output/host/lib -Wl,-rpath,/root/buildroot-2021.05.1/output/host/lib conftest.c -ldl  >&5
configure:10976: $? = 0
configure:10976: result: yes
configure:10976: checking for setlocale
configure:10976: /usr/bin/gcc -o conftest -O2 -I/root/buildroot-2021.05.1/output/host/include   -L/root/buildroot-2021.05.1/output/host/lib -Wl,-rpath,/root/buildroot-2021.05.1/output/host/lib conftest.c -ldl  >&5
configure:10976: $? = 0
configure:10976: result: yes
configure:10985: checking for mkstemp
configure:10985: /usr/bin/gcc -o conftest -O2 -I/root/buildroot-2021.05.1/output/host/include   -L/root/buildroot-2021.05.1/output/host/lib -Wl,-rpath,/root/buildroot-2021.05.1/output/host/lib conftest.c -ldl  >&5
configure:10985: $? = 0
configure:10985: result: yes
configure:10992: checking for mkdtemp
configure:10992: /usr/bin/gcc -o conftest -O2 -I/root/buildroot-2021.05.1/output/host/include   -L/root/buildroot-2021.05.1/output/host/lib -Wl,-rpath,/root/buildroot-2021.05.1/output/host/lib conftest.c -ldl  >&5
configure:10992: $? = 0
configure:10992: result: yes
configure:10999: checking for mbstate_t
configure:11012: /usr/bin/gcc -c -O2 -I/root/buildroot-2021.05.1/output/host/include  conftest.c >&5
configure:11012: $? = 0
configure:11018: result: yes
configure:11027: checking for library containing frexp
configure:11058: /usr/bin/gcc -o conftest -O2 -I/root/buildroot-2021.05.1/output/host/include   -L/root/buildroot-2021.05.1/output/host/lib -Wl,-rpath,/root/buildroot-2021.05.1/output/host/lib conftest.c -ldl  >&5
conftest.c:70:6: warning: conflicting types for built-in function 'frexp' [-Wbuiltin-declaration-mismatch]
 char frexp ();
      ^~~~~
configure:11058: $? = 0
configure:11075: result: none required
configure:11085: checking for LC_MESSAGES
configure:11101: /usr/bin/gcc -o conftest -O2 -I/root/buildroot-2021.05.1/output/host/include   -L/root/buildroot-2021.05.1/output/host/lib -Wl,-rpath,/root/buildroot-2021.05.1/output/host/lib conftest.c -ldl  >&5
configure:11101: $? = 0
configure:11109: result: yes
configure:11118: checking for time_t in time.h
configure:11134: /usr/bin/gcc -c -O2 -I/root/buildroot-2021.05.1/output/host/include  conftest.c >&5
configure:11134: $? = 0
configure:11142: result: yes
configure:11150: checking for time_t in sys/types.h
configure:11166: /usr/bin/gcc -c -O2 -I/root/buildroot-2021.05.1/output/host/include  conftest.c >&5
configure:11166: $? = 0
configure:11174: result: yes
configure:11182: checking for a known getopt prototype in unistd.h
configure:11198: /usr/bin/gcc -c -O2 -I/root/buildroot-2021.05.1/output/host/include  conftest.c >&5
configure:11198: $? = 0
configure:11206: result: yes
configure:11216: checking for utime.h
configure:11236: /usr/bin/gcc -c -O2 -I/root/buildroot-2021.05.1/output/host/include  conftest.c >&5
configure:11236: $? = 0
configure:11244: result: yes
configure:11252: checking whether asprintf is declared
configure:11252: /usr/bin/gcc -c -O2 -I/root/buildroot-2021.05.1/output/host/include  conftest.c >&5
configure:11252: $? = 0
configure:11252: result: yes
configure:11262: checking whether environ is declared
configure:11262: /usr/bin/gcc -c -O2 -I/root/buildroot-2021.05.1/output/host/include  conftest.c >&5
configure:11262: $? = 0
configure:11262: result: yes
configure:11272: checking whether fprintf is declared
configure:11272: /usr/bin/gcc -c -O2 -I/root/buildroot-2021.05.1/output/host/include  conftest.c >&5
configure:11272: $? = 0
configure:11272: result: yes
configure:11282: checking whether getc_unlocked is declared
configure:11282: /usr/bin/gcc -c -O2 -I/root/buildroot-2021.05.1/output/host/include  conftest.c >&5
configure:11282: $? = 0
configure:11282: result: yes
configure:11292: checking whether getenv is declared
configure:11292: /usr/bin/gcc -c -O2 -I/root/buildroot-2021.05.1/output/host/include  conftest.c >&5
configure:11292: $? = 0
configure:11292: result: yes
configure:11302: checking whether sbrk is declared
configure:11302: /usr/bin/gcc -c -O2 -I/root/buildroot-2021.05.1/output/host/include  conftest.c >&5
configure:11302: $? = 0
configure:11302: result: yes
configure:11312: checking whether snprintf is declared
configure:11312: /usr/bin/gcc -c -O2 -I/root/buildroot-2021.05.1/output/host/include  conftest.c >&5
configure:11312: $? = 0
configure:11312: result: yes
configure:11322: checking whether stpcpy is declared
configure:11322: /usr/bin/gcc -c -O2 -I/root/buildroot-2021.05.1/output/host/include  conftest.c >&5
configure:11322: $? = 0
configure:11322: result: yes
configure:11332: checking whether strnlen is declared
configure:11332: /usr/bin/gcc -c -O2 -I/root/buildroot-2021.05.1/output/host/include  conftest.c >&5
configure:11332: $? = 0
configure:11332: result: yes
configure:11342: checking whether strstr is declared
configure:11342: /usr/bin/gcc -c -O2 -I/root/buildroot-2021.05.1/output/host/include  conftest.c >&5
configure:11342: $? = 0
configure:11342: result: yes
configure:11352: checking whether vsnprintf is declared
configure:11352: /usr/bin/gcc -c -O2 -I/root/buildroot-2021.05.1/output/host/include  conftest.c >&5
configure:11352: $? = 0
configure:11352: result: yes
configure:11409: checking iconv.h usability
configure:11409: /usr/bin/gcc -c -O2 -I/root/buildroot-2021.05.1/output/host/include  conftest.c >&5
configure:11409: $? = 0
configure:11409: result: yes
configure:11409: checking iconv.h presence
configure:11409: /usr/bin/gcc -E  conftest.c
configure:11409: $? = 0
configure:11409: result: yes
configure:11409: checking for iconv.h
configure:11409: result: yes
configure:11455: checking for ld used by GCC
configure:11518: result: /usr/bin/ld -m elf_x86_64
configure:11525: checking if the linker (/usr/bin/ld -m elf_x86_64) is GNU ld
GNU ld (GNU Binutils for Debian) 2.31.1
configure:11537: result: yes
configure:11543: checking for shared library run path origin
configure:11556: result: done
configure:11976: checking for iconv
configure:12000: /usr/bin/gcc -o conftest -O2 -I/root/buildroot-2021.05.1/output/host/include    -L/root/buildroot-2021.05.1/output/host/lib -Wl,-rpath,/root/buildroot-2021.05.1/output/host/lib conftest.c -ldl  >&5
configure:12000: $? = 0
configure:12074: result: yes
configure:12117: checking for iconv declaration
configure:12146: /usr/bin/gcc -c -O2 -I/root/buildroot-2021.05.1/output/host/include  conftest.c >&5
configure:12146: $? = 0
configure:12157: result: 
         extern size_t iconv (iconv_t cd, char * *inbuf, size_t *inbytesleft, char * *outbuf, size_t *outbytesleft);
configure:12476: updating cache ./config.cache
configure:12520: checking that generated files are newer than configure
configure:12526: result: done
configure:12561: creating ./config.status

## ---------------------- ##
## Running config.status. ##
## ---------------------- ##

This file was extended by binutils config.status 2.35.2, which was
generated by GNU Autoconf 2.69.  Invocation command line was

  CONFIG_FILES    = 
  CONFIG_HEADERS  = 
  CONFIG_LINKS    = 
  CONFIG_COMMANDS = 
  $ ./config.status 

on racknerd-c383c8

config.status:1190: creating Makefile
config.status:1190: creating doc/Makefile
config.status:1190: creating po/Makefile.in
config.status:1190: creating config.h
config.status:1419: executing depfiles commands
config.status:1419: executing libtool commands
config.status:1419: executing default-1 commands

## ---------------- ##
## Cache variables. ##
## ---------------- ##

ac_cv_build=x86_64-pc-linux-gnu
ac_cv_c_compiler_gnu=yes
ac_cv_env_CC_set=set
ac_cv_env_CC_value=/usr/bin/gcc
ac_cv_env_CFLAGS_set=set
ac_cv_env_CFLAGS_value='-O2 -I/root/buildroot-2021.05.1/output/host/include'
ac_cv_env_CPPFLAGS_set=
ac_cv_env_CPPFLAGS_value=
ac_cv_env_CPP_set=
ac_cv_env_CPP_value=
ac_cv_env_LDFLAGS_set=set
ac_cv_env_LDFLAGS_value=' -L/root/buildroot-2021.05.1/output/host/lib -Wl,-rpath,/root/buildroot-2021.05.1/output/host/lib'
ac_cv_env_LIBS_set=
ac_cv_env_LIBS_value=
ac_cv_env_YACC_set=set
ac_cv_env_YACC_value='/root/buildroot-2021.05.1/output/build/host-binutils-2.35.2/missing bison -y'
ac_cv_env_YFLAGS_set=
ac_cv_env_YFLAGS_value=
ac_cv_env_build_alias_set=set
ac_cv_env_build_alias_value=x86_64-pc-linux-gnu
ac_cv_env_host_alias_set=set
ac_cv_env_host_alias_value=x86_64-pc-linux-gnu
ac_cv_env_target_alias_set=set
ac_cv_env_target_alias_value=x86_64-buildroot-linux-uclibc
ac_cv_func_alloca_works=yes
ac_cv_func_getc_unlocked=yes
ac_cv_func_getpagesize=yes
ac_cv_func_mkdtemp=yes
ac_cv_func_mkstemp=yes
ac_cv_func_mmap_fixed_mapped=yes
ac_cv_func_sbrk=yes
ac_cv_func_setlocale=yes
ac_cv_func_setmode=no
ac_cv_func_strcoll=yes
ac_cv_func_utimes=yes
ac_cv_have_decl_asprintf=yes
ac_cv_have_decl_environ=yes
ac_cv_have_decl_fprintf=yes
ac_cv_have_decl_getc_unlocked=yes
ac_cv_have_decl_getenv=yes
ac_cv_have_decl_sbrk=yes
ac_cv_have_decl_snprintf=yes
ac_cv_have_decl_stpcpy=yes
ac_cv_have_decl_strnlen=yes
ac_cv_have_decl_strstr=yes
ac_cv_have_decl_vsnprintf=yes
ac_cv_header_dlfcn_h=yes
ac_cv_header_fcntl_h=yes
ac_cv_header_iconv_h=yes
ac_cv_header_inttypes_h=yes
ac_cv_header_limits_h=yes
ac_cv_header_locale_h=yes
ac_cv_header_memory_h=yes
ac_cv_header_minix_config_h=no
ac_cv_header_stdc=yes
ac_cv_header_stdint_h=yes
ac_cv_header_stdlib_h=yes
ac_cv_header_string_h=yes
ac_cv_header_strings_h=yes
ac_cv_header_sys_file_h=yes
ac_cv_header_sys_param_h=yes
ac_cv_header_sys_stat_h=yes
ac_cv_header_sys_types_h=yes
ac_cv_header_sys_wait_h=yes
ac_cv_header_unistd_h=yes
ac_cv_header_wchar_h=yes
ac_cv_header_windows_h=no
ac_cv_host=x86_64-pc-linux-gnu
ac_cv_objext=o
ac_cv_path_EGREP='/usr/bin/grep -E'
ac_cv_path_FGREP='/usr/bin/grep -F'
ac_cv_path_GMSGFMT=:
ac_cv_path_GREP=/usr/bin/grep
ac_cv_path_MSGFMT=:
ac_cv_path_MSGMERGE=:
ac_cv_path_SED=/usr/bin/sed
ac_cv_path_XGETTEXT=:
ac_cv_path_mkdir=/usr/bin/mkdir
ac_cv_prog_AR=/usr/bin/ar
ac_cv_prog_AWK=mawk
ac_cv_prog_CC=/usr/bin/gcc
ac_cv_prog_CPP='/usr/bin/gcc -E'
ac_cv_prog_LEX='/root/buildroot-2021.05.1/output/build/host-binutils-2.35.2/missing flex'
ac_cv_prog_OBJDUMP=objdump
ac_cv_prog_RANLIB=/usr/bin/ranlib
ac_cv_prog_YACC='/root/buildroot-2021.05.1/output/build/host-binutils-2.35.2/missing bison -y'
ac_cv_prog_ac_ct_STRIP=strip
ac_cv_prog_cc_c89=
ac_cv_prog_cc_g=yes
ac_cv_prog_make__usr_bin_make_set=yes
ac_cv_safe_to_define___extensions__=yes
ac_cv_search_dlsym=-ldl
ac_cv_search_frexp='none required'
ac_cv_search_strerror='none required'
ac_cv_sizeof_long=8
ac_cv_sizeof_long_long=8
ac_cv_sys_file_offset_bits=no
ac_cv_sys_largefile_CC=no
ac_cv_target=x86_64-buildroot-linux-uclibc
ac_cv_type_long_long=yes
ac_cv_type_size_t=yes
ac_cv_working_alloca_h=yes
acl_cv_hardcode_direct=no
acl_cv_hardcode_libdir_flag_spec='${wl}-rpath ${wl}$libdir'
acl_cv_hardcode_libdir_separator=
acl_cv_hardcode_minus_L=no
acl_cv_libext=a
acl_cv_path_LD='/usr/bin/ld -m elf_x86_64'
acl_cv_prog_gnu_ld=yes
acl_cv_rpath=done
acl_cv_shlibext=so
acl_cv_wl=-Wl,
am_cv_CC_dependencies_compiler_type=none
am_cv_func_iconv=yes
am_cv_lib_iconv=no
am_cv_make_support_nested_variables=yes
am_cv_prog_cc_c_o=yes
am_cv_proto_iconv='extern size_t iconv (iconv_t cd, char * *inbuf, size_t *inbytesleft, char * *outbuf, size_t *outbytesleft);'
am_cv_proto_iconv_arg1=
am_cv_val_LC_MESSAGES=yes
bu_cv_decl_getopt_unistd_h=yes
bu_cv_decl_time_t_time_h=yes
bu_cv_decl_time_t_types_h=yes
bu_cv_header_utime_h=yes
gcc_cv_header_string=yes
lt_cv_deplibs_check_method=pass_all
lt_cv_file_magic_cmd='$MAGIC_CMD'
lt_cv_file_magic_test_file=
lt_cv_ld_reload_flag=-r
lt_cv_nm_interface='BSD nm'
lt_cv_objdir=.libs
lt_cv_path_LD=/usr/bin/ld
lt_cv_path_NM=/usr/bin/nm
lt_cv_prog_compiler_c_o=yes
lt_cv_prog_compiler_pic_works=yes
lt_cv_prog_compiler_rtti_exceptions=no
lt_cv_prog_compiler_static_works=yes
lt_cv_prog_gnu_ld=yes
lt_cv_shlibpath_overrides_runpath=yes
lt_cv_sys_global_symbol_pipe='sed -n -e '\''s/^.*[	 ]\([ABCDGIRSTW][ABCDGIRSTW]*\)[	 ][	 ]*\([_A-Za-z][_A-Za-z0-9]*\)$/\1 \2 \2/p'\'''
lt_cv_sys_global_symbol_to_c_name_address='sed -n -e '\''s/^: \([^ ]*\) $/  {\"\1\", (void *) 0},/p'\'' -e '\''s/^[ABCDGIRSTW]* \([^ ]*\) \([^ ]*\)$/  {"\2", (void *) \&\2},/p'\'''
lt_cv_sys_global_symbol_to_c_name_address_lib_prefix='sed -n -e '\''s/^: \([^ ]*\) $/  {\"\1\", (void *) 0},/p'\'' -e '\''s/^[ABCDGIRSTW]* \([^ ]*\) \(lib[^ ]*\)$/  {"\2", (void *) \&\2},/p'\'' -e '\''s/^[ABCDGIRSTW]* \([^ ]*\) \([^ ]*\)$/  {"lib\2", (void *) \&\2},/p'\'''
lt_cv_sys_global_symbol_to_cdecl='sed -n -e '\''s/^T .* \(.*\)$/extern int \1();/p'\'' -e '\''s/^[ABCDGIRSTW]* .* \(.*\)$/extern char \1;/p'\'''
lt_cv_sys_max_cmd_len=1572864

## ----------------- ##
## Output variables. ##
## ----------------- ##

ACLOCAL='${SHELL} /root/buildroot-2021.05.1/output/build/host-binutils-2.35.2/missing aclocal-1.15'
ALLOCA=''
AMDEPBACKSLASH=''
AMDEP_FALSE=''
AMDEP_TRUE='#'
AMTAR='$${TAR-tar}'
AM_BACKSLASH='\'
AM_DEFAULT_V='$(AM_DEFAULT_VERBOSITY)'
AM_DEFAULT_VERBOSITY='1'
AM_V='$(V)'
AR='/usr/bin/ar'
AUTOCONF='${SHELL} /root/buildroot-2021.05.1/output/build/host-binutils-2.35.2/missing autoconf'
AUTOHEADER='${SHELL} /root/buildroot-2021.05.1/output/build/host-binutils-2.35.2/missing autoheader'
AUTOMAKE='${SHELL} /root/buildroot-2021.05.1/output/build/host-binutils-2.35.2/missing automake-1.15'
AWK='mawk'
BUILD_DLLTOOL=''
BUILD_DLLWRAP=''
BUILD_INSTALL_MISC=''
BUILD_MISC=''
BUILD_SRCONV=''
BUILD_WINDMC=''
BUILD_WINDRES=''
CATALOGS=''
CATOBJEXT=''
CC='/usr/bin/gcc'
CCDEPMODE='depmode=none'
CC_FOR_BUILD='/usr/bin/gcc'
CFLAGS='-O2 -I/root/buildroot-2021.05.1/output/host/include'
CPP='/usr/bin/gcc -E'
CPPFLAGS=''
CYGPATH_W='echo'
DATADIRNAME=''
DEFS='-DHAVE_CONFIG_H'
DEMANGLER_NAME='c++filt'
DEPDIR='.deps'
DLLTOOL_DEFS=' '
DSYMUTIL=''
DUMPBIN=''
ECHO_C=''
ECHO_N='-n'
ECHO_T=''
EGREP='/usr/bin/grep -E'
EMULATION='vanilla'
EMULATION_VECTOR='bin_vanilla_emulation'
ENABLE_LIBCTF_FALSE='#'
ENABLE_LIBCTF_TRUE=''
EXEEXT=''
EXEEXT_FOR_BUILD='$(EXEEXT)'
FGREP='/usr/bin/grep -F'
GENCAT=''
GENINSRC_NEVER_FALSE=''
GENINSRC_NEVER_TRUE='#'
GMSGFMT=':'
GREP='/usr/bin/grep'
HDEFINES=''
INCINTL=''
INSTALL_DATA='/usr/bin/install -c -m 644'
INSTALL_PROGRAM='/usr/bin/install -c'
INSTALL_SCRIPT='/usr/bin/install -c'
INSTALL_STRIP_PROGRAM='$(install_sh) -c -s'
INSTOBJEXT=''
LD='/usr/bin/ld -m elf_x86_64'
LDFLAGS=' -L/root/buildroot-2021.05.1/output/host/lib -Wl,-rpath,/root/buildroot-2021.05.1/output/host/lib'
LEX='/root/buildroot-2021.05.1/output/build/host-binutils-2.35.2/missing flex'
LEXLIB=''
LEX_OUTPUT_ROOT=''
LIBDEBUGINFOD=''
LIBICONV=''
LIBINTL=''
LIBINTL_DEP=''
LIBOBJS=''
LIBS='-ldl '
LIBTOOL='$(SHELL) $(top_builddir)/libtool'
LIPO=''
LN_S='ln -s'
LTLIBICONV=''
LTLIBOBJS=''
MAINT='#'
MAINTAINER_MODE_FALSE=''
MAINTAINER_MODE_TRUE='#'
MAKEINFO='true --split-size=5000000'
MKDIR_P='/usr/bin/mkdir -p'
MKINSTALLDIRS='$(top_builddir)/./../mkinstalldirs'
MSGFMT=':'
MSGMERGE=':'
NM='/usr/bin/nm'
NMEDIT=''
NO_WERROR=''
OBJDUMP='objdump'
OBJDUMP_DEFS=' -DOBJDUMP_PRIVATE_VECTORS=""'
OBJDUMP_PRIVATE_OFILES=''
OBJEXT='o'
OTOOL64=''
OTOOL=''
PACKAGE='binutils'
PACKAGE_BUGREPORT=''
PACKAGE_NAME='binutils'
PACKAGE_STRING='binutils 2.35.2'
PACKAGE_TARNAME='binutils'
PACKAGE_URL=''
PACKAGE_VERSION='2.35.2'
PATH_SEPARATOR=':'
POSUB=''
RANLIB='/usr/bin/ranlib'
SED='/usr/bin/sed'
SET_MAKE=''
SHELL='/bin/bash'
STRIP='strip'
USE_NLS='no'
VERSION='2.35.2'
WARN_CFLAGS='-W -Wall -Wstrict-prototypes -Wmissing-prototypes -Wshadow -Wstack-usage=262144'
WARN_CFLAGS_FOR_BUILD='-W -Wall -Wstrict-prototypes -Wmissing-prototypes -Wshadow -Wstack-usage=262144'
WARN_WRITE_STRINGS='-Wwrite-strings'
XGETTEXT=':'
YACC='/root/buildroot-2021.05.1/output/build/host-binutils-2.35.2/missing bison -y'
YFLAGS=''
ac_ct_CC=''
ac_ct_DUMPBIN=''
am__EXEEXT_FALSE=''
am__EXEEXT_TRUE='#'
am__fastdepCC_FALSE=''
am__fastdepCC_TRUE='#'
am__include='include'
am__isrc=''
am__leading_dot='.'
am__nodep=''
am__quote=''
am__tar='$${TAR-tar} chof - "$$tardir"'
am__untar='$${TAR-tar} xf -'
bindir='${exec_prefix}/bin'
build='x86_64-pc-linux-gnu'
build_alias='x86_64-pc-linux-gnu'
build_cpu='x86_64'
build_os='linux-gnu'
build_vendor='pc'
datadir='${datarootdir}'
datarootdir='${prefix}/share'
docdir='${datarootdir}/doc/${PACKAGE_TARNAME}'
dvidir='${docdir}'
exec_prefix='${prefix}'
host='x86_64-pc-linux-gnu'
host_alias='x86_64-pc-linux-gnu'
host_cpu='x86_64'
host_os='linux-gnu'
host_vendor='pc'
htmldir='${docdir}'
includedir='${prefix}/include'
infodir='${datarootdir}/info'
install_sh='${SHELL} /root/buildroot-2021.05.1/output/build/host-binutils-2.35.2/install-sh'
libdir='${exec_prefix}/lib'
libexecdir='${exec_prefix}/libexec'
localedir='${datarootdir}/locale'
localstatedir='/root/buildroot-2021.05.1/output/host/var'
mandir='${datarootdir}/man'
mkdir_p='$(MKDIR_P)'
oldincludedir='/usr/include'
pdfdir='${docdir}'
prefix='/root/buildroot-2021.05.1/output/host'
program_transform_name='s&^&x86_64-buildroot-linux-uclibc-&'
psdir='${docdir}'
sbindir='${exec_prefix}/sbin'
sharedstatedir='${prefix}/com'
sysconfdir='/root/buildroot-2021.05.1/output/host/etc'
target='x86_64-buildroot-linux-uclibc'
target_alias='x86_64-buildroot-linux-uclibc'
target_cpu='x86_64'
target_os='linux-uclibc'
target_vendor='buildroot'
zlibdir='-L$(top_builddir)/../zlib'
zlibinc='-I$(top_srcdir)/../zlib'

## ----------- ##
## confdefs.h. ##
## ----------- ##

/* confdefs.h */
#define PACKAGE_NAME "binutils"
#define PACKAGE_TARNAME "binutils"
#define PACKAGE_VERSION "2.35.2"
#define PACKAGE_STRING "binutils 2.35.2"
#define PACKAGE_BUGREPORT ""
#define PACKAGE_URL ""
#define PACKAGE "binutils"
#define VERSION "2.35.2"
#define STDC_HEADERS 1
#define HAVE_SYS_TYPES_H 1
#define HAVE_SYS_STAT_H 1
#define HAVE_STDLIB_H 1
#define HAVE_STRING_H 1
#define HAVE_MEMORY_H 1
#define HAVE_STRINGS_H 1
#define HAVE_INTTYPES_H 1
#define HAVE_STDINT_H 1
#define HAVE_UNISTD_H 1
#define __EXTENSIONS__ 1
#define _ALL_SOURCE 1
#define _GNU_SOURCE 1
#define _POSIX_PTHREAD_SEMANTICS 1
#define _TANDEM_SOURCE 1
#define HAVE_DLFCN_H 1
#define LT_OBJDIR ".libs/"
#define HAVE_DLFCN_H 1
#define DEFAULT_AR_DETERMINISTIC 0
#define DEFAULT_STRINGS_ALL 1
#define ENABLE_LIBCTF 1
#define EXECUTABLE_SUFFIX ""
#define SIZEOF_LONG 8
#define HAVE_LONG_LONG 1
#define SIZEOF_LONG_LONG 8
#define HAVE_STRING_H 1
#define HAVE_STRINGS_H 1
#define HAVE_STDLIB_H 1
#define HAVE_UNISTD_H 1
#define HAVE_FCNTL_H 1
#define HAVE_SYS_FILE_H 1
#define HAVE_LIMITS_H 1
#define HAVE_LOCALE_H 1
#define HAVE_SYS_PARAM_H 1
#define HAVE_WCHAR_H 1
#define HAVE_SYS_WAIT_H 1
#define STRING_WITH_STRINGS 1
#define HAVE_ALLOCA_H 1
#define HAVE_ALLOCA 1
#define HAVE_STDLIB_H 1
#define HAVE_UNISTD_H 1
#define HAVE_SYS_PARAM_H 1
#define HAVE_GETPAGESIZE 1
#define HAVE_MMAP 1
#define HAVE_SBRK 1
#define HAVE_UTIMES 1
#define HAVE_GETC_UNLOCKED 1
#define HAVE_STRCOLL 1
#define HAVE_SETLOCALE 1
#define HAVE_MKSTEMP 1
#define HAVE_MKDTEMP 1
#define HAVE_MBSTATE_T 1
#define HAVE_LC_MESSAGES 1
#define HAVE_TIME_T_IN_TIME_H 1
#define HAVE_TIME_T_IN_TYPES_H 1
#define HAVE_DECL_GETOPT 1
#define HAVE_GOOD_UTIME_H 1
#define HAVE_DECL_ASPRINTF 1
#define HAVE_DECL_ENVIRON 1
#define HAVE_DECL_FPRINTF 1
#define HAVE_DECL_GETC_UNLOCKED 1
#define HAVE_DECL_GETENV 1
#define HAVE_DECL_SBRK 1
#define HAVE_DECL_SNPRINTF 1
#define HAVE_DECL_STPCPY 1
#define HAVE_DECL_STRNLEN 1
#define HAVE_DECL_STRSTR 1
#define HAVE_DECL_VSNPRINTF 1
#define HAVE_ICONV 1
#define ICONV_CONST 
#define TARGET "x86_64-buildroot-linux-uclibc"
#define TARGET_PREPENDS_UNDERSCORE 0

configure: exit 0
