This file contains any messages produced by compilers while
running configure, to aid debugging if configure makes a mistake.

It was created by libffi configure 3.3, which was
generated by GNU Autoconf 2.69.  Invocation command line was

  $ .././configure --srcdir=.. --enable-builddir=x86_64-pc-linux-gnu --prefix=/root/buildroot-2021.05.1/output/host --sysconfdir=/root/buildroot-2021.05.1/output/host/etc --localstatedir=/root/buildroot-2021.05.1/output/host/var --enable-shared --disable-static --disable-gtk-doc --disable-gtk-doc-html --disable-doc --disable-docs --disable-documentation --disable-debug --with-xmlto=no --with-fop=no --disable-nls --disable-dependency-tracking CPP=/usr/bin/cpp CPPFLAGS=-I/root/buildroot-2021.05.1/output/host/include

## --------- ##
## Platform. ##
## --------- ##

hostname = racknerd-c383c8
uname -m = x86_64
uname -r = 4.19.0-6-amd64
uname -s = Linux
uname -v = #1 SMP Debian 4.19.67-2+deb10u1 (2019-09-20)

/usr/bin/uname -p = unknown
/bin/uname -X     = unknown

/bin/arch              = x86_64
/usr/bin/arch -k       = unknown
/usr/convex/getsysinfo = unknown
/usr/bin/hostinfo      = unknown
/bin/machine           = unknown
/usr/bin/oslevel       = unknown
/bin/universe          = unknown

PATH: /root/buildroot-2021.05.1/output/host/bin
PATH: /root/buildroot-2021.05.1/output/host/sbin
PATH: /usr/local/sbin
PATH: /usr/local/bin
PATH: /usr/sbin
PATH: /usr/bin
PATH: /sbin
PATH: /bin


## ----------- ##
## Core tests. ##
## ----------- ##

configure:2688: checking build system type
configure:2702: result: x86_64-pc-linux-gnu
configure:2722: checking host system type
configure:2735: result: x86_64-pc-linux-gnu
configure:2755: checking target system type
configure:2768: result: x86_64-pc-linux-gnu
configure:2865: checking for gsed
configure:2896: result: sed
configure:2924: checking for a BSD-compatible install
configure:2992: result: /usr/bin/install -c
configure:3003: checking whether build environment is sane
configure:3058: result: yes
configure:3204: checking for a thread-safe mkdir -p
configure:3243: result: /usr/bin/mkdir -p
configure:3250: checking for gawk
configure:3280: result: no
configure:3250: checking for mawk
configure:3266: found /usr/bin/mawk
configure:3277: result: mawk
configure:3288: checking whether make sets $(MAKE)
configure:3310: result: yes
configure:3339: checking whether make supports nested variables
configure:3356: result: yes
configure:3541: checking for gcc
configure:3568: result: /usr/bin/gcc
configure:3797: checking for C compiler version
configure:3806: /usr/bin/gcc --version >&5
gcc (Debian 8.3.0-6) 8.3.0
Copyright (C) 2018 Free Software Foundation, Inc.
This is free software; see the source for copying conditions.  There is NO
warranty; not even for MERCHANTABILITY or FITNESS FOR A PARTICULAR PURPOSE.

configure:3817: $? = 0
configure:3806: /usr/bin/gcc -v >&5
Using built-in specs.
COLLECT_GCC=/usr/bin/gcc
COLLECT_LTO_WRAPPER=/usr/lib/gcc/x86_64-linux-gnu/8/lto-wrapper
OFFLOAD_TARGET_NAMES=nvptx-none
OFFLOAD_TARGET_DEFAULT=1
Target: x86_64-linux-gnu
Configured with: ../src/configure -v --with-pkgversion='Debian 8.3.0-6' --with-bugurl=file:///usr/share/doc/gcc-8/README.Bugs --enable-languages=c,ada,c++,go,brig,d,fortran,objc,obj-c++ --prefix=/usr --with-gcc-major-version-only --program-suffix=-8 --program-prefix=x86_64-linux-gnu- --enable-shared --enable-linker-build-id --libexecdir=/usr/lib --without-included-gettext --enable-threads=posix --libdir=/usr/lib --enable-nls --enable-bootstrap --enable-clocale=gnu --enable-libstdcxx-debug --enable-libstdcxx-time=yes --with-default-libstdcxx-abi=new --enable-gnu-unique-object --disable-vtable-verify --enable-libmpx --enable-plugin --enable-default-pie --with-system-zlib --with-target-system-zlib --enable-objc-gc=auto --enable-multiarch --disable-werror --with-arch-32=i686 --with-abi=m64 --with-multilib-list=m32,m64,mx32 --enable-multilib --with-tune=generic --enable-offload-targets=nvptx-none --without-cuda-driver --enable-checking=release --build=x86_64-linux-gnu --host=x86_64-linux-gnu --target=x86_64-linux-gnu
Thread model: posix
gcc version 8.3.0 (Debian 8.3.0-6) 
configure:3817: $? = 0
configure:3806: /usr/bin/gcc -V >&5
gcc: error: unrecognized command line option '-V'
gcc: fatal error: no input files
compilation terminated.
configure:3817: $? = 1
configure:3806: /usr/bin/gcc -qversion >&5
gcc: error: unrecognized command line option '-qversion'; did you mean '--version'?
gcc: fatal error: no input files
compilation terminated.
configure:3817: $? = 1
configure:3837: checking whether the C compiler works
configure:3859: /usr/bin/gcc -O2 -I/root/buildroot-2021.05.1/output/host/include -I/root/buildroot-2021.05.1/output/host/include -L/root/buildroot-2021.05.1/output/host/lib -Wl,-rpath,/root/buildroot-2021.05.1/output/host/lib conftest.c  >&5
configure:3863: $? = 0
configure:3911: result: yes
configure:3914: checking for C compiler default output file name
configure:3916: result: a.out
configure:3922: checking for suffix of executables
configure:3929: /usr/bin/gcc -o conftest -O2 -I/root/buildroot-2021.05.1/output/host/include -I/root/buildroot-2021.05.1/output/host/include -L/root/buildroot-2021.05.1/output/host/lib -Wl,-rpath,/root/buildroot-2021.05.1/output/host/lib conftest.c  >&5
configure:3933: $? = 0
configure:3955: result: 
configure:3977: checking whether we are cross compiling
configure:3985: /usr/bin/gcc -o conftest -O2 -I/root/buildroot-2021.05.1/output/host/include -I/root/buildroot-2021.05.1/output/host/include -L/root/buildroot-2021.05.1/output/host/lib -Wl,-rpath,/root/buildroot-2021.05.1/output/host/lib conftest.c  >&5
configure:3989: $? = 0
configure:3996: ./conftest
configure:4000: $? = 0
configure:3988: result: no
configure:3993: checking for suffix of object files
configure:4015: /usr/bin/gcc -c -O2 -I/root/buildroot-2021.05.1/output/host/include -I/root/buildroot-2021.05.1/output/host/include conftest.c >&5
configure:4019: $? = 0
configure:4040: result: o
configure:4044: checking whether we are using the GNU C compiler
configure:4063: /usr/bin/gcc -c -O2 -I/root/buildroot-2021.05.1/output/host/include -I/root/buildroot-2021.05.1/output/host/include conftest.c >&5
configure:4063: $? = 0
configure:4072: result: yes
configure:4081: checking whether /usr/bin/gcc accepts -g
configure:4101: /usr/bin/gcc -c -g -I/root/buildroot-2021.05.1/output/host/include conftest.c >&5
configure:4101: $? = 0
configure:4142: result: yes
configure:4159: checking for /usr/bin/gcc option to accept ISO C89
configure:4222: /usr/bin/gcc  -c -O2 -I/root/buildroot-2021.05.1/output/host/include -I/root/buildroot-2021.05.1/output/host/include conftest.c >&5
configure:4222: $? = 0
configure:4235: result: none needed
configure:4260: checking whether /usr/bin/gcc understands -c and -o together
configure:4282: /usr/bin/gcc -c conftest.c -o conftest2.o
configure:4285: $? = 0
configure:4282: /usr/bin/gcc -c conftest.c -o conftest2.o
configure:4285: $? = 0
configure:4297: result: yes
configure:4325: checking for style of include used by make
configure:4353: result: GNU
configure:4379: checking dependency style of /usr/bin/gcc
configure:4490: result: none
configure:4617: checking for C++ compiler version
configure:4626: /usr/bin/g++ --version >&5
g++ (Debian 8.3.0-6) 8.3.0
Copyright (C) 2018 Free Software Foundation, Inc.
This is free software; see the source for copying conditions.  There is NO
warranty; not even for MERCHANTABILITY or FITNESS FOR A PARTICULAR PURPOSE.

configure:4637: $? = 0
configure:4626: /usr/bin/g++ -v >&5
Using built-in specs.
COLLECT_GCC=/usr/bin/g++
COLLECT_LTO_WRAPPER=/usr/lib/gcc/x86_64-linux-gnu/8/lto-wrapper
OFFLOAD_TARGET_NAMES=nvptx-none
OFFLOAD_TARGET_DEFAULT=1
Target: x86_64-linux-gnu
Configured with: ../src/configure -v --with-pkgversion='Debian 8.3.0-6' --with-bugurl=file:///usr/share/doc/gcc-8/README.Bugs --enable-languages=c,ada,c++,go,brig,d,fortran,objc,obj-c++ --prefix=/usr --with-gcc-major-version-only --program-suffix=-8 --program-prefix=x86_64-linux-gnu- --enable-shared --enable-linker-build-id --libexecdir=/usr/lib --without-included-gettext --enable-threads=posix --libdir=/usr/lib --enable-nls --enable-bootstrap --enable-clocale=gnu --enable-libstdcxx-debug --enable-libstdcxx-time=yes --with-default-libstdcxx-abi=new --enable-gnu-unique-object --disable-vtable-verify --enable-libmpx --enable-plugin --enable-default-pie --with-system-zlib --with-target-system-zlib --enable-objc-gc=auto --enable-multiarch --disable-werror --with-arch-32=i686 --with-abi=m64 --with-multilib-list=m32,m64,mx32 --enable-multilib --with-tune=generic --enable-offload-targets=nvptx-none --without-cuda-driver --enable-checking=release --build=x86_64-linux-gnu --host=x86_64-linux-gnu --target=x86_64-linux-gnu
Thread model: posix
gcc version 8.3.0 (Debian 8.3.0-6) 
configure:4637: $? = 0
configure:4626: /usr/bin/g++ -V >&5
g++: error: unrecognized command line option '-V'
g++: fatal error: no input files
compilation terminated.
configure:4637: $? = 1
configure:4626: /usr/bin/g++ -qversion >&5
g++: error: unrecognized command line option '-qversion'; did you mean '--version'?
g++: fatal error: no input files
compilation terminated.
configure:4637: $? = 1
configure:4641: checking whether we are using the GNU C++ compiler
configure:4660: /usr/bin/g++ -c -O2 -I/root/buildroot-2021.05.1/output/host/include -I/root/buildroot-2021.05.1/output/host/include conftest.cpp >&5
configure:4660: $? = 0
configure:4669: result: yes
configure:4678: checking whether /usr/bin/g++ accepts -g
configure:4698: /usr/bin/g++ -c -g -I/root/buildroot-2021.05.1/output/host/include conftest.cpp >&5
configure:4698: $? = 0
configure:4739: result: yes
configure:4764: checking dependency style of /usr/bin/g++
configure:4875: result: none
configure:4905: checking dependency style of /usr/bin/gcc
configure:5014: result: none
configure:5076: checking how to print strings
configure:5103: result: printf
configure:5124: checking for a sed that does not truncate output
configure:5188: result: /usr/bin/sed
configure:5206: checking for grep that handles long lines and -e
configure:5264: result: /usr/bin/grep
configure:5269: checking for egrep
configure:5331: result: /usr/bin/grep -E
configure:5336: checking for fgrep
configure:5398: result: /usr/bin/grep -F
configure:5433: checking for ld used by /usr/bin/gcc
configure:5500: result: /usr/bin/ld
configure:5507: checking if the linker (/usr/bin/ld) is GNU ld
configure:5522: result: yes
configure:5534: checking for BSD- or MS-compatible name lister (nm)
configure:5588: result: /usr/bin/nm
configure:5718: checking the name lister (/usr/bin/nm) interface
configure:5725: /usr/bin/gcc -c -O2 -I/root/buildroot-2021.05.1/output/host/include -I/root/buildroot-2021.05.1/output/host/include conftest.c >&5
configure:5728: /usr/bin/nm "conftest.o"
configure:5731: output
0000000000000000 B some_variable
configure:5732: result: BSD nm
configure:5735: checking whether ln -s works
configure:5739: result: yes
configure:5747: checking the maximum length of command line arguments
configure:5878: result: 1572864
configure:5926: checking how to convert x86_64-pc-linux-gnu file names to x86_64-pc-linux-gnu format
configure:5966: result: func_convert_file_noop
configure:5973: checking how to convert x86_64-pc-linux-gnu file names to toolchain format
configure:5993: result: func_convert_file_noop
configure:6000: checking for /usr/bin/ld option to reload object files
configure:6007: result: -r
configure:6081: checking for objdump
configure:6097: found /usr/bin/objdump
configure:6108: result: objdump
configure:6140: checking how to recognize dependent libraries
configure:6340: result: pass_all
configure:6425: checking for dlltool
configure:6455: result: no
configure:6485: checking how to associate runtime and link libraries
configure:6512: result: printf %s\n
configure:6637: checking for archiver @FILE support
configure:6654: /usr/bin/gcc -c -O2 -I/root/buildroot-2021.05.1/output/host/include -I/root/buildroot-2021.05.1/output/host/include conftest.c >&5
configure:6654: $? = 0
configure:6657: /usr/bin/ar cru libconftest.a @conftest.lst >&5
/usr/bin/ar: `u' modifier ignored since `D' is the default (see `U')
configure:6660: $? = 0
configure:6665: /usr/bin/ar cru libconftest.a @conftest.lst >&5
/usr/bin/ar: `u' modifier ignored since `D' is the default (see `U')
/usr/bin/ar: conftest.o: No such file or directory
configure:6668: $? = 1
configure:6667: result: @
configure:6725: checking for strip
configure:6741: found /usr/bin/strip
configure:6752: result: strip
configure:6824: checking for ranlib
configure:6851: result: /usr/bin/ranlib
configure:6953: checking command to parse /usr/bin/nm output from /usr/bin/gcc object
configure:7106: /usr/bin/gcc -c -O2 -I/root/buildroot-2021.05.1/output/host/include -I/root/buildroot-2021.05.1/output/host/include conftest.c >&5
configure:7109: $? = 0
configure:7113: /usr/bin/nm conftest.o \| sed -n -e 's/^.*[ ]\([ABCDGIRSTW][ABCDGIRSTW]*\)[ ][ ]*\([_A-Za-z][_A-Za-z0-9]*\)$/\1 \2 \2/p' | sed '/ __gnu_lto/d' \> conftest.nm
configure:7116: $? = 0
configure:7182: /usr/bin/gcc -o conftest -O2 -I/root/buildroot-2021.05.1/output/host/include -I/root/buildroot-2021.05.1/output/host/include -L/root/buildroot-2021.05.1/output/host/lib -Wl,-rpath,/root/buildroot-2021.05.1/output/host/lib conftest.c conftstm.o >&5
configure:7185: $? = 0
configure:7223: result: ok
configure:7270: checking for sysroot
configure:7300: result: no
configure:7307: checking for a working dd
configure:7345: result: /usr/bin/dd
configure:7349: checking how to truncate binary pipes
configure:7364: result: /usr/bin/dd bs=4096 count=1
configure:7500: /usr/bin/gcc -c -O2 -I/root/buildroot-2021.05.1/output/host/include -I/root/buildroot-2021.05.1/output/host/include conftest.c >&5
configure:7503: $? = 0
configure:7693: checking for mt
configure:7709: found /usr/bin/mt
configure:7720: result: mt
configure:7743: checking if mt is a manifest tool
configure:7749: mt '-?'
configure:7757: result: no
configure:8434: checking how to run the C preprocessor
configure:8504: result: /usr/bin/cpp
configure:8524: /usr/bin/cpp -I/root/buildroot-2021.05.1/output/host/include conftest.c
configure:8524: $? = 0
configure:8538: /usr/bin/cpp -I/root/buildroot-2021.05.1/output/host/include conftest.c
conftest.c:11:10: fatal error: ac_nonexistent.h: No such file or directory
 #include <ac_nonexistent.h>
          ^~~~~~~~~~~~~~~~~~
compilation terminated.
configure:8538: $? = 1
configure: failed program was:
| /* confdefs.h */
| #define PACKAGE_NAME "libffi"
| #define PACKAGE_TARNAME "libffi"
| #define PACKAGE_VERSION "3.3"
| #define PACKAGE_STRING "libffi 3.3"
| #define PACKAGE_BUGREPORT "http://github.com/libffi/libffi/issues"
| #define PACKAGE_URL ""
| #define PACKAGE "libffi"
| #define VERSION "3.3"
| /* end confdefs.h.  */
| #include <ac_nonexistent.h>
configure:8567: checking for ANSI C header files
configure:8587: /usr/bin/gcc -c -O2 -I/root/buildroot-2021.05.1/output/host/include -I/root/buildroot-2021.05.1/output/host/include conftest.c >&5
configure:8587: $? = 0
configure:8660: /usr/bin/gcc -o conftest -O2 -I/root/buildroot-2021.05.1/output/host/include -I/root/buildroot-2021.05.1/output/host/include -L/root/buildroot-2021.05.1/output/host/lib -Wl,-rpath,/root/buildroot-2021.05.1/output/host/lib conftest.c  >&5
configure:8660: $? = 0
configure:8660: ./conftest
configure:8660: $? = 0
configure:8671: result: yes
configure:8684: checking for sys/types.h
configure:8684: /usr/bin/gcc -c -O2 -I/root/buildroot-2021.05.1/output/host/include -I/root/buildroot-2021.05.1/output/host/include conftest.c >&5
configure:8684: $? = 0
configure:8684: result: yes
configure:8684: checking for sys/stat.h
configure:8684: /usr/bin/gcc -c -O2 -I/root/buildroot-2021.05.1/output/host/include -I/root/buildroot-2021.05.1/output/host/include conftest.c >&5
configure:8684: $? = 0
configure:8684: result: yes
configure:8684: checking for stdlib.h
configure:8684: /usr/bin/gcc -c -O2 -I/root/buildroot-2021.05.1/output/host/include -I/root/buildroot-2021.05.1/output/host/include conftest.c >&5
configure:8684: $? = 0
configure:8684: result: yes
configure:8684: checking for string.h
configure:8684: /usr/bin/gcc -c -O2 -I/root/buildroot-2021.05.1/output/host/include -I/root/buildroot-2021.05.1/output/host/include conftest.c >&5
configure:8684: $? = 0
configure:8684: result: yes
configure:8684: checking for memory.h
configure:8684: /usr/bin/gcc -c -O2 -I/root/buildroot-2021.05.1/output/host/include -I/root/buildroot-2021.05.1/output/host/include conftest.c >&5
configure:8684: $? = 0
configure:8684: result: yes
configure:8684: checking for strings.h
configure:8684: /usr/bin/gcc -c -O2 -I/root/buildroot-2021.05.1/output/host/include -I/root/buildroot-2021.05.1/output/host/include conftest.c >&5
configure:8684: $? = 0
configure:8684: result: yes
configure:8684: checking for inttypes.h
configure:8684: /usr/bin/gcc -c -O2 -I/root/buildroot-2021.05.1/output/host/include -I/root/buildroot-2021.05.1/output/host/include conftest.c >&5
configure:8684: $? = 0
configure:8684: result: yes
configure:8684: checking for stdint.h
configure:8684: /usr/bin/gcc -c -O2 -I/root/buildroot-2021.05.1/output/host/include -I/root/buildroot-2021.05.1/output/host/include conftest.c >&5
configure:8684: $? = 0
configure:8684: result: yes
configure:8684: checking for unistd.h
configure:8684: /usr/bin/gcc -c -O2 -I/root/buildroot-2021.05.1/output/host/include -I/root/buildroot-2021.05.1/output/host/include conftest.c >&5
configure:8684: $? = 0
configure:8684: result: yes
configure:8698: checking for dlfcn.h
configure:8698: /usr/bin/gcc -c -O2 -I/root/buildroot-2021.05.1/output/host/include -I/root/buildroot-2021.05.1/output/host/include conftest.c >&5
configure:8698: $? = 0
configure:8698: result: yes
configure:8965: checking for objdir
configure:8980: result: .libs
configure:9244: checking if /usr/bin/gcc supports -fno-rtti -fno-exceptions
configure:9262: /usr/bin/gcc -c -O2 -I/root/buildroot-2021.05.1/output/host/include -I/root/buildroot-2021.05.1/output/host/include -fno-rtti -fno-exceptions conftest.c >&5
cc1: warning: command line option '-fno-rtti' is valid for C++/ObjC++ but not for C
configure:9266: $? = 0
configure:9279: result: no
configure:9637: checking for /usr/bin/gcc option to produce PIC
configure:9644: result: -fPIC -DPIC
configure:9652: checking if /usr/bin/gcc PIC flag -fPIC -DPIC works
configure:9670: /usr/bin/gcc -c -O2 -I/root/buildroot-2021.05.1/output/host/include -I/root/buildroot-2021.05.1/output/host/include -fPIC -DPIC -DPIC conftest.c >&5
configure:9674: $? = 0
configure:9687: result: yes
configure:9716: checking if /usr/bin/gcc static flag -static works
configure:9744: result: yes
configure:9759: checking if /usr/bin/gcc supports -c -o file.o
configure:9780: /usr/bin/gcc -c -O2 -I/root/buildroot-2021.05.1/output/host/include -I/root/buildroot-2021.05.1/output/host/include -o out/conftest2.o conftest.c >&5
configure:9784: $? = 0
configure:9806: result: yes
configure:9814: checking if /usr/bin/gcc supports -c -o file.o
configure:9861: result: yes
configure:9894: checking whether the /usr/bin/gcc linker (/usr/bin/ld -m elf_x86_64) supports shared libraries
configure:11153: result: yes
configure:11190: checking whether -lc should be explicitly linked in
configure:11198: /usr/bin/gcc -c -O2 -I/root/buildroot-2021.05.1/output/host/include -I/root/buildroot-2021.05.1/output/host/include conftest.c >&5
configure:11201: $? = 0
configure:11216: /usr/bin/gcc -shared  -fPIC -DPIC conftest.o  -v -Wl,-soname -Wl,conftest -o conftest 2\>\&1 \| /usr/bin/grep  -lc  \>/dev/null 2\>\&1
configure:11219: $? = 0
configure:11233: result: no
configure:11393: checking dynamic linker characteristics
configure:11974: /usr/bin/gcc -o conftest -O2 -I/root/buildroot-2021.05.1/output/host/include -I/root/buildroot-2021.05.1/output/host/include -L/root/buildroot-2021.05.1/output/host/lib -Wl,-rpath,/root/buildroot-2021.05.1/output/host/lib -Wl,-rpath -Wl,/foo conftest.c  >&5
configure:11974: $? = 0
configure:12211: result: GNU/Linux ld.so
configure:12333: checking how to hardcode library paths into programs
configure:12358: result: immediate
configure:12906: checking whether stripping libraries is possible
configure:12911: result: yes
configure:12946: checking if libtool supports shared libraries
configure:12948: result: yes
configure:12951: checking whether to build shared libraries
configure:12976: result: yes
configure:12979: checking whether to build static libraries
configure:12983: result: no
configure:9798: checking how to run the C++ preprocessor
configure:9825: /usr/bin/g++ -E -I/root/buildroot-2021.05.1/output/host/include conftest.cpp
configure:9825: $? = 0
configure:9839: /usr/bin/g++ -E -I/root/buildroot-2021.05.1/output/host/include conftest.cpp
conftest.cpp:23:10: fatal error: ac_nonexistent.h: No such file or directory
 #include <ac_nonexistent.h>
          ^~~~~~~~~~~~~~~~~~
compilation terminated.
configure:9839: $? = 1
configure: failed program was:
| /* confdefs.h */
| #define PACKAGE_NAME "libffi"
| #define PACKAGE_TARNAME "libffi"
| #define PACKAGE_VERSION "3.3"
| #define PACKAGE_STRING "libffi 3.3"
| #define PACKAGE_BUGREPORT "http://github.com/libffi/libffi/issues"
| #define PACKAGE_URL ""
| #define PACKAGE "libffi"
| #define VERSION "3.3"
| #define STDC_HEADERS 1
| #define HAVE_SYS_TYPES_H 1
| #define HAVE_SYS_STAT_H 1
| #define HAVE_STDLIB_H 1
| #define HAVE_STRING_H 1
| #define HAVE_MEMORY_H 1
| #define HAVE_STRINGS_H 1
| #define HAVE_INTTYPES_H 1
| #define HAVE_STDINT_H 1
| #define HAVE_UNISTD_H 1
| #define HAVE_DLFCN_H 1
| #define LT_OBJDIR ".libs/"
| /* end confdefs.h.  */
| #include <ac_nonexistent.h>
configure:9864: result: /usr/bin/g++ -E
configure:9884: /usr/bin/g++ -E -I/root/buildroot-2021.05.1/output/host/include conftest.cpp
configure:9884: $? = 0
configure:9898: /usr/bin/g++ -E -I/root/buildroot-2021.05.1/output/host/include conftest.cpp
conftest.cpp:23:10: fatal error: ac_nonexistent.h: No such file or directory
 #include <ac_nonexistent.h>
          ^~~~~~~~~~~~~~~~~~
compilation terminated.
configure:9898: $? = 1
configure: failed program was:
| /* confdefs.h */
| #define PACKAGE_NAME "libffi"
| #define PACKAGE_TARNAME "libffi"
| #define PACKAGE_VERSION "3.3"
| #define PACKAGE_STRING "libffi 3.3"
| #define PACKAGE_BUGREPORT "http://github.com/libffi/libffi/issues"
| #define PACKAGE_URL ""
| #define PACKAGE "libffi"
| #define VERSION "3.3"
| #define STDC_HEADERS 1
| #define HAVE_SYS_TYPES_H 1
| #define HAVE_SYS_STAT_H 1
| #define HAVE_STDLIB_H 1
| #define HAVE_STRING_H 1
| #define HAVE_MEMORY_H 1
| #define HAVE_STRINGS_H 1
| #define HAVE_INTTYPES_H 1
| #define HAVE_STDINT_H 1
| #define HAVE_UNISTD_H 1
| #define HAVE_DLFCN_H 1
| #define LT_OBJDIR ".libs/"
| /* end confdefs.h.  */
| #include <ac_nonexistent.h>
configure:10060: checking for ld used by /usr/bin/g++
configure:10127: result: /usr/bin/ld -m elf_x86_64
configure:10134: checking if the linker (/usr/bin/ld -m elf_x86_64) is GNU ld
configure:10149: result: yes
configure:10204: checking whether the /usr/bin/g++ linker (/usr/bin/ld -m elf_x86_64) supports shared libraries
configure:11277: result: yes
configure:11313: /usr/bin/g++ -c -O2 -I/root/buildroot-2021.05.1/output/host/include -I/root/buildroot-2021.05.1/output/host/include conftest.cpp >&5
configure:11316: $? = 0
configure:11797: checking for /usr/bin/g++ option to produce PIC
configure:11804: result: -fPIC -DPIC
configure:11812: checking if /usr/bin/g++ PIC flag -fPIC -DPIC works
configure:11830: /usr/bin/g++ -c -O2 -I/root/buildroot-2021.05.1/output/host/include -I/root/buildroot-2021.05.1/output/host/include -fPIC -DPIC -DPIC conftest.cpp >&5
configure:11834: $? = 0
configure:11847: result: yes
configure:11870: checking if /usr/bin/g++ static flag -static works
configure:11898: result: yes
configure:11910: checking if /usr/bin/g++ supports -c -o file.o
configure:11931: /usr/bin/g++ -c -O2 -I/root/buildroot-2021.05.1/output/host/include -I/root/buildroot-2021.05.1/output/host/include -o out/conftest2.o conftest.cpp >&5
configure:11935: $? = 0
configure:11957: result: yes
configure:11962: checking if /usr/bin/g++ supports -c -o file.o
configure:12009: result: yes
configure:12039: checking whether the /usr/bin/g++ linker (/usr/bin/ld -m elf_x86_64) supports shared libraries
configure:12079: result: yes
configure:12220: checking dynamic linker characteristics
configure:12965: result: GNU/Linux ld.so
configure:13030: checking how to hardcode library paths into programs
configure:13055: result: immediate
configure:11969: checking size of size_t
configure:11974: /usr/bin/gcc -o conftest -O2 -I/root/buildroot-2021.05.1/output/host/include -I/root/buildroot-2021.05.1/output/host/include -L/root/buildroot-2021.05.1/output/host/lib -Wl,-rpath,/root/buildroot-2021.05.1/output/host/lib conftest.c  >&5
configure:11974: $? = 0
configure:11974: ./conftest
configure:11974: $? = 0
configure:11988: result: 8
configure:11999: checking for C compiler vendor
configure:12047: /usr/bin/gcc -c -O2 -I/root/buildroot-2021.05.1/output/host/include -I/root/buildroot-2021.05.1/output/host/include conftest.c >&5
conftest.c: In function 'main':
conftest.c:30:9: error: 'thisisanerror' undeclared (first use in this function)
         thisisanerror;
         ^~~~~~~~~~~~~
conftest.c:30:9: note: each undeclared identifier is reported only once for each function it appears in
configure:12047: $? = 1
configure: failed program was:
| /* confdefs.h */
| #define PACKAGE_NAME "libffi"
| #define PACKAGE_TARNAME "libffi"
| #define PACKAGE_VERSION "3.3"
| #define PACKAGE_STRING "libffi 3.3"
| #define PACKAGE_BUGREPORT "http://github.com/libffi/libffi/issues"
| #define PACKAGE_URL ""
| #define PACKAGE "libffi"
| #define VERSION "3.3"
| #define STDC_HEADERS 1
| #define HAVE_SYS_TYPES_H 1
| #define HAVE_SYS_STAT_H 1
| #define HAVE_STDLIB_H 1
| #define HAVE_STRING_H 1
| #define HAVE_MEMORY_H 1
| #define HAVE_STRINGS_H 1
| #define HAVE_INTTYPES_H 1
| #define HAVE_STDINT_H 1
| #define HAVE_UNISTD_H 1
| #define HAVE_DLFCN_H 1
| #define LT_OBJDIR ".libs/"
| #define SIZEOF_SIZE_T 8
| /* end confdefs.h.  */
| 
| int
| main ()
| {
| 
|       #if !(defined(__ICC) || defined(__ECC) || defined(__INTEL_COMPILER))
|         thisisanerror;
|       #endif
| 
|   ;
|   return 0;
| }
configure:12047: /usr/bin/gcc -c -O2 -I/root/buildroot-2021.05.1/output/host/include -I/root/buildroot-2021.05.1/output/host/include conftest.c >&5
conftest.c: In function 'main':
conftest.c:30:9: error: 'thisisanerror' undeclared (first use in this function)
         thisisanerror;
         ^~~~~~~~~~~~~
conftest.c:30:9: note: each undeclared identifier is reported only once for each function it appears in
configure:12047: $? = 1
configure: failed program was:
| /* confdefs.h */
| #define PACKAGE_NAME "libffi"
| #define PACKAGE_TARNAME "libffi"
| #define PACKAGE_VERSION "3.3"
| #define PACKAGE_STRING "libffi 3.3"
| #define PACKAGE_BUGREPORT "http://github.com/libffi/libffi/issues"
| #define PACKAGE_URL ""
| #define PACKAGE "libffi"
| #define VERSION "3.3"
| #define STDC_HEADERS 1
| #define HAVE_SYS_TYPES_H 1
| #define HAVE_SYS_STAT_H 1
| #define HAVE_STDLIB_H 1
| #define HAVE_STRING_H 1
| #define HAVE_MEMORY_H 1
| #define HAVE_STRINGS_H 1
| #define HAVE_INTTYPES_H 1
| #define HAVE_STDINT_H 1
| #define HAVE_UNISTD_H 1
| #define HAVE_DLFCN_H 1
| #define LT_OBJDIR ".libs/"
| #define SIZEOF_SIZE_T 8
| /* end confdefs.h.  */
| 
| int
| main ()
| {
| 
|       #if !(defined(__xlc__) || defined(__xlC__) || defined(__IBMC__) || defined(__IBMCPP__))
|         thisisanerror;
|       #endif
| 
|   ;
|   return 0;
| }
configure:12047: /usr/bin/gcc -c -O2 -I/root/buildroot-2021.05.1/output/host/include -I/root/buildroot-2021.05.1/output/host/include conftest.c >&5
conftest.c: In function 'main':
conftest.c:30:9: error: 'thisisanerror' undeclared (first use in this function)
         thisisanerror;
         ^~~~~~~~~~~~~
conftest.c:30:9: note: each undeclared identifier is reported only once for each function it appears in
configure:12047: $? = 1
configure: failed program was:
| /* confdefs.h */
| #define PACKAGE_NAME "libffi"
| #define PACKAGE_TARNAME "libffi"
| #define PACKAGE_VERSION "3.3"
| #define PACKAGE_STRING "libffi 3.3"
| #define PACKAGE_BUGREPORT "http://github.com/libffi/libffi/issues"
| #define PACKAGE_URL ""
| #define PACKAGE "libffi"
| #define VERSION "3.3"
| #define STDC_HEADERS 1
| #define HAVE_SYS_TYPES_H 1
| #define HAVE_SYS_STAT_H 1
| #define HAVE_STDLIB_H 1
| #define HAVE_STRING_H 1
| #define HAVE_MEMORY_H 1
| #define HAVE_STRINGS_H 1
| #define HAVE_INTTYPES_H 1
| #define HAVE_STDINT_H 1
| #define HAVE_UNISTD_H 1
| #define HAVE_DLFCN_H 1
| #define LT_OBJDIR ".libs/"
| #define SIZEOF_SIZE_T 8
| /* end confdefs.h.  */
| 
| int
| main ()
| {
| 
|       #if !(defined(__PATHCC__) || defined(__PATHSCALE__))
|         thisisanerror;
|       #endif
| 
|   ;
|   return 0;
| }
configure:12047: /usr/bin/gcc -c -O2 -I/root/buildroot-2021.05.1/output/host/include -I/root/buildroot-2021.05.1/output/host/include conftest.c >&5
conftest.c: In function 'main':
conftest.c:30:9: error: 'thisisanerror' undeclared (first use in this function)
         thisisanerror;
         ^~~~~~~~~~~~~
conftest.c:30:9: note: each undeclared identifier is reported only once for each function it appears in
configure:12047: $? = 1
configure: failed program was:
| /* confdefs.h */
| #define PACKAGE_NAME "libffi"
| #define PACKAGE_TARNAME "libffi"
| #define PACKAGE_VERSION "3.3"
| #define PACKAGE_STRING "libffi 3.3"
| #define PACKAGE_BUGREPORT "http://github.com/libffi/libffi/issues"
| #define PACKAGE_URL ""
| #define PACKAGE "libffi"
| #define VERSION "3.3"
| #define STDC_HEADERS 1
| #define HAVE_SYS_TYPES_H 1
| #define HAVE_SYS_STAT_H 1
| #define HAVE_STDLIB_H 1
| #define HAVE_STRING_H 1
| #define HAVE_MEMORY_H 1
| #define HAVE_STRINGS_H 1
| #define HAVE_INTTYPES_H 1
| #define HAVE_STDINT_H 1
| #define HAVE_UNISTD_H 1
| #define HAVE_DLFCN_H 1
| #define LT_OBJDIR ".libs/"
| #define SIZEOF_SIZE_T 8
| /* end confdefs.h.  */
| 
| int
| main ()
| {
| 
|       #if !(defined(__clang__))
|         thisisanerror;
|       #endif
| 
|   ;
|   return 0;
| }
configure:12047: /usr/bin/gcc -c -O2 -I/root/buildroot-2021.05.1/output/host/include -I/root/buildroot-2021.05.1/output/host/include conftest.c >&5
conftest.c: In function 'main':
conftest.c:30:9: error: 'thisisanerror' undeclared (first use in this function)
         thisisanerror;
         ^~~~~~~~~~~~~
conftest.c:30:9: note: each undeclared identifier is reported only once for each function it appears in
configure:12047: $? = 1
configure: failed program was:
| /* confdefs.h */
| #define PACKAGE_NAME "libffi"
| #define PACKAGE_TARNAME "libffi"
| #define PACKAGE_VERSION "3.3"
| #define PACKAGE_STRING "libffi 3.3"
| #define PACKAGE_BUGREPORT "http://github.com/libffi/libffi/issues"
| #define PACKAGE_URL ""
| #define PACKAGE "libffi"
| #define VERSION "3.3"
| #define STDC_HEADERS 1
| #define HAVE_SYS_TYPES_H 1
| #define HAVE_SYS_STAT_H 1
| #define HAVE_STDLIB_H 1
| #define HAVE_STRING_H 1
| #define HAVE_MEMORY_H 1
| #define HAVE_STRINGS_H 1
| #define HAVE_INTTYPES_H 1
| #define HAVE_STDINT_H 1
| #define HAVE_UNISTD_H 1
| #define HAVE_DLFCN_H 1
| #define LT_OBJDIR ".libs/"
| #define SIZEOF_SIZE_T 8
| /* end confdefs.h.  */
| 
| int
| main ()
| {
| 
|       #if !(defined(_CRAYC))
|         thisisanerror;
|       #endif
| 
|   ;
|   return 0;
| }
configure:12047: /usr/bin/gcc -c -O2 -I/root/buildroot-2021.05.1/output/host/include -I/root/buildroot-2021.05.1/output/host/include conftest.c >&5
conftest.c: In function 'main':
conftest.c:30:9: error: 'thisisanerror' undeclared (first use in this function)
         thisisanerror;
         ^~~~~~~~~~~~~
conftest.c:30:9: note: each undeclared identifier is reported only once for each function it appears in
configure:12047: $? = 1
configure: failed program was:
| /* confdefs.h */
| #define PACKAGE_NAME "libffi"
| #define PACKAGE_TARNAME "libffi"
| #define PACKAGE_VERSION "3.3"
| #define PACKAGE_STRING "libffi 3.3"
| #define PACKAGE_BUGREPORT "http://github.com/libffi/libffi/issues"
| #define PACKAGE_URL ""
| #define PACKAGE "libffi"
| #define VERSION "3.3"
| #define STDC_HEADERS 1
| #define HAVE_SYS_TYPES_H 1
| #define HAVE_SYS_STAT_H 1
| #define HAVE_STDLIB_H 1
| #define HAVE_STRING_H 1
| #define HAVE_MEMORY_H 1
| #define HAVE_STRINGS_H 1
| #define HAVE_INTTYPES_H 1
| #define HAVE_STDINT_H 1
| #define HAVE_UNISTD_H 1
| #define HAVE_DLFCN_H 1
| #define LT_OBJDIR ".libs/"
| #define SIZEOF_SIZE_T 8
| /* end confdefs.h.  */
| 
| int
| main ()
| {
| 
|       #if !(defined(__FUJITSU))
|         thisisanerror;
|       #endif
| 
|   ;
|   return 0;
| }
configure:12047: /usr/bin/gcc -c -O2 -I/root/buildroot-2021.05.1/output/host/include -I/root/buildroot-2021.05.1/output/host/include conftest.c >&5
conftest.c: In function 'main':
conftest.c:29:38: error: operator "defined" requires an identifier
       #if !(defined(SDCC) || defined())
                                      ^
conftest.c:30:9: error: 'thisisanerror' undeclared (first use in this function)
         thisisanerror;
         ^~~~~~~~~~~~~
conftest.c:30:9: note: each undeclared identifier is reported only once for each function it appears in
configure:12047: $? = 1
configure: failed program was:
| /* confdefs.h */
| #define PACKAGE_NAME "libffi"
| #define PACKAGE_TARNAME "libffi"
| #define PACKAGE_VERSION "3.3"
| #define PACKAGE_STRING "libffi 3.3"
| #define PACKAGE_BUGREPORT "http://github.com/libffi/libffi/issues"
| #define PACKAGE_URL ""
| #define PACKAGE "libffi"
| #define VERSION "3.3"
| #define STDC_HEADERS 1
| #define HAVE_SYS_TYPES_H 1
| #define HAVE_SYS_STAT_H 1
| #define HAVE_STDLIB_H 1
| #define HAVE_STRING_H 1
| #define HAVE_MEMORY_H 1
| #define HAVE_STRINGS_H 1
| #define HAVE_INTTYPES_H 1
| #define HAVE_STDINT_H 1
| #define HAVE_UNISTD_H 1
| #define HAVE_DLFCN_H 1
| #define LT_OBJDIR ".libs/"
| #define SIZEOF_SIZE_T 8
| /* end confdefs.h.  */
| 
| int
| main ()
| {
| 
|       #if !(defined(SDCC) || defined())
|         thisisanerror;
|       #endif
| 
|   ;
|   return 0;
| }
configure:12047: /usr/bin/gcc -c -O2 -I/root/buildroot-2021.05.1/output/host/include -I/root/buildroot-2021.05.1/output/host/include conftest.c >&5
conftest.c: In function 'main':
conftest.c:30:9: error: 'thisisanerror' undeclared (first use in this function)
         thisisanerror;
         ^~~~~~~~~~~~~
conftest.c:30:9: note: each undeclared identifier is reported only once for each function it appears in
configure:12047: $? = 1
configure: failed program was:
| /* confdefs.h */
| #define PACKAGE_NAME "libffi"
| #define PACKAGE_TARNAME "libffi"
| #define PACKAGE_VERSION "3.3"
| #define PACKAGE_STRING "libffi 3.3"
| #define PACKAGE_BUGREPORT "http://github.com/libffi/libffi/issues"
| #define PACKAGE_URL ""
| #define PACKAGE "libffi"
| #define VERSION "3.3"
| #define STDC_HEADERS 1
| #define HAVE_SYS_TYPES_H 1
| #define HAVE_SYS_STAT_H 1
| #define HAVE_STDLIB_H 1
| #define HAVE_STRING_H 1
| #define HAVE_MEMORY_H 1
| #define HAVE_STRINGS_H 1
| #define HAVE_INTTYPES_H 1
| #define HAVE_STDINT_H 1
| #define HAVE_UNISTD_H 1
| #define HAVE_DLFCN_H 1
| #define LT_OBJDIR ".libs/"
| #define SIZEOF_SIZE_T 8
| /* end confdefs.h.  */
| 
| int
| main ()
| {
| 
|       #if !(defined(__SDCC))
|         thisisanerror;
|       #endif
| 
|   ;
|   return 0;
| }
configure:12047: /usr/bin/gcc -c -O2 -I/root/buildroot-2021.05.1/output/host/include -I/root/buildroot-2021.05.1/output/host/include conftest.c >&5
configure:12047: $? = 0
configure:12055: result: gnu
configure:12900: checking CFLAGS for maximum warnings
configure:12920: /usr/bin/gcc -c -O2 -I/root/buildroot-2021.05.1/output/host/include -warn all  -warn all -I/root/buildroot-2021.05.1/output/host/include conftest.c >&5
gcc: error: all: No such file or directory
gcc: error: all: No such file or directory
gcc: error: unrecognized command line option '-warn'; did you mean '--warn-'?
gcc: error: unrecognized command line option '-warn'; did you mean '--warn-'?
configure:12920: $? = 1
configure: failed program was:
| /* confdefs.h */
| #define PACKAGE_NAME "libffi"
| #define PACKAGE_TARNAME "libffi"
| #define PACKAGE_VERSION "3.3"
| #define PACKAGE_STRING "libffi 3.3"
| #define PACKAGE_BUGREPORT "http://github.com/libffi/libffi/issues"
| #define PACKAGE_URL ""
| #define PACKAGE "libffi"
| #define VERSION "3.3"
| #define STDC_HEADERS 1
| #define HAVE_SYS_TYPES_H 1
| #define HAVE_SYS_STAT_H 1
| #define HAVE_STDLIB_H 1
| #define HAVE_STRING_H 1
| #define HAVE_MEMORY_H 1
| #define HAVE_STRINGS_H 1
| #define HAVE_INTTYPES_H 1
| #define HAVE_STDINT_H 1
| #define HAVE_UNISTD_H 1
| #define HAVE_DLFCN_H 1
| #define LT_OBJDIR ".libs/"
| #define SIZEOF_SIZE_T 8
| /* end confdefs.h.  */
| 
| int
| main ()
| {
| 
|   ;
|   return 0;
| }
configure:12920: /usr/bin/gcc -c -O2 -I/root/buildroot-2021.05.1/output/host/include -pedantic  -Wall -I/root/buildroot-2021.05.1/output/host/include conftest.c >&5
configure:12920: $? = 0
configure:12928: result: -Wall
configure:12948: : CFLAGS="$CFLAGS"
configure:12951: $? = 0
configure:12988: checking whether to enable maintainer-specific portions of Makefiles
configure:12997: result: no
configure:13013: checking sys/mman.h usability
configure:13013: /usr/bin/gcc -c -O2 -I/root/buildroot-2021.05.1/output/host/include -Wall -fexceptions -I/root/buildroot-2021.05.1/output/host/include conftest.c >&5
configure:13013: $? = 0
configure:13013: result: yes
configure:13013: checking sys/mman.h presence
configure:13013: /usr/bin/cpp -I/root/buildroot-2021.05.1/output/host/include conftest.c
configure:13013: $? = 0
configure:13013: result: yes
configure:13013: checking for sys/mman.h
configure:13013: result: yes
configure:13026: checking for mmap
configure:13026: /usr/bin/gcc -o conftest -O2 -I/root/buildroot-2021.05.1/output/host/include -Wall -fexceptions -I/root/buildroot-2021.05.1/output/host/include -L/root/buildroot-2021.05.1/output/host/lib -Wl,-rpath,/root/buildroot-2021.05.1/output/host/lib conftest.c  >&5
configure:13026: $? = 0
configure:13026: result: yes
configure:13026: checking for mkostemp
configure:13026: /usr/bin/gcc -o conftest -O2 -I/root/buildroot-2021.05.1/output/host/include -Wall -fexceptions -I/root/buildroot-2021.05.1/output/host/include -L/root/buildroot-2021.05.1/output/host/lib -Wl,-rpath,/root/buildroot-2021.05.1/output/host/lib conftest.c  >&5
configure:13026: $? = 0
configure:13026: result: yes
configure:13036: checking for sys/mman.h
configure:13036: result: yes
configure:13044: checking for mmap
configure:13044: result: yes
configure:13057: checking whether read-only mmap of a plain file works
configure:13074: result: yes
configure:13076: checking whether mmap from /dev/zero works
configure:13098: result: yes
configure:13102: checking for MAP_ANON(YMOUS)
configure:13125: /usr/bin/gcc -c -O2 -I/root/buildroot-2021.05.1/output/host/include -Wall -fexceptions -I/root/buildroot-2021.05.1/output/host/include conftest.c >&5
conftest.c: In function 'main':
conftest.c:38:5: warning: unused variable 'n' [-Wunused-variable]
 int n = MAP_ANONYMOUS;
     ^
configure:13125: $? = 0
configure:13132: result: yes
configure:13138: checking whether mmap with MAP_ANON(YMOUS) works
configure:13155: result: yes
configure:13198: checking for ANSI C header files
configure:13302: result: yes
configure:13312: checking for memcpy
configure:13312: /usr/bin/gcc -o conftest -O2 -I/root/buildroot-2021.05.1/output/host/include -Wall -fexceptions -I/root/buildroot-2021.05.1/output/host/include -L/root/buildroot-2021.05.1/output/host/lib -Wl,-rpath,/root/buildroot-2021.05.1/output/host/lib conftest.c  >&5
conftest.c:54:6: warning: conflicting types for built-in function 'memcpy' [-Wbuiltin-declaration-mismatch]
 char memcpy ();
      ^~~~~~
configure:13312: $? = 0
configure:13312: result: yes
configure:13321: checking for size_t
configure:13321: /usr/bin/gcc -c -O2 -I/root/buildroot-2021.05.1/output/host/include -Wall -fexceptions -I/root/buildroot-2021.05.1/output/host/include conftest.c >&5
configure:13321: $? = 0
configure:13321: /usr/bin/gcc -c -O2 -I/root/buildroot-2021.05.1/output/host/include -Wall -fexceptions -I/root/buildroot-2021.05.1/output/host/include conftest.c >&5
conftest.c: In function 'main':
conftest.c:68:21: error: expected expression before ')' token
 if (sizeof ((size_t)))
                     ^
configure:13321: $? = 1
configure: failed program was:
| /* confdefs.h */
| #define PACKAGE_NAME "libffi"
| #define PACKAGE_TARNAME "libffi"
| #define PACKAGE_VERSION "3.3"
| #define PACKAGE_STRING "libffi 3.3"
| #define PACKAGE_BUGREPORT "http://github.com/libffi/libffi/issues"
| #define PACKAGE_URL ""
| #define PACKAGE "libffi"
| #define VERSION "3.3"
| #define STDC_HEADERS 1
| #define HAVE_SYS_TYPES_H 1
| #define HAVE_SYS_STAT_H 1
| #define HAVE_STDLIB_H 1
| #define HAVE_STRING_H 1
| #define HAVE_MEMORY_H 1
| #define HAVE_STRINGS_H 1
| #define HAVE_INTTYPES_H 1
| #define HAVE_STDINT_H 1
| #define HAVE_UNISTD_H 1
| #define HAVE_DLFCN_H 1
| #define LT_OBJDIR ".libs/"
| #define SIZEOF_SIZE_T 8
| #define HAVE_SYS_MMAN_H 1
| #define HAVE_MMAP 1
| #define HAVE_MKOSTEMP 1
| #define HAVE_MMAP_FILE 1
| #define HAVE_MMAP_DEV_ZERO 1
| #define HAVE_MMAP_ANON 1
| #define STDC_HEADERS 1
| #define HAVE_MEMCPY 1
| /* end confdefs.h.  */
| #include <stdio.h>
| #ifdef HAVE_SYS_TYPES_H
| # include <sys/types.h>
| #endif
| #ifdef HAVE_SYS_STAT_H
| # include <sys/stat.h>
| #endif
| #ifdef STDC_HEADERS
| # include <stdlib.h>
| # include <stddef.h>
| #else
| # ifdef HAVE_STDLIB_H
| #  include <stdlib.h>
| # endif
| #endif
| #ifdef HAVE_STRING_H
| # if !defined STDC_HEADERS && defined HAVE_MEMORY_H
| #  include <memory.h>
| # endif
| # include <string.h>
| #endif
| #ifdef HAVE_STRINGS_H
| # include <strings.h>
| #endif
| #ifdef HAVE_INTTYPES_H
| # include <inttypes.h>
| #endif
| #ifdef HAVE_STDINT_H
| # include <stdint.h>
| #endif
| #ifdef HAVE_UNISTD_H
| # include <unistd.h>
| #endif
| int
| main ()
| {
| if (sizeof ((size_t)))
| 	    return 0;
|   ;
|   return 0;
| }
configure:13321: result: yes
configure:13334: checking for working alloca.h
configure:13351: /usr/bin/gcc -o conftest -O2 -I/root/buildroot-2021.05.1/output/host/include -Wall -fexceptions -I/root/buildroot-2021.05.1/output/host/include -L/root/buildroot-2021.05.1/output/host/lib -Wl,-rpath,/root/buildroot-2021.05.1/output/host/lib conftest.c  >&5
configure:13351: $? = 0
configure:13359: result: yes
configure:13367: checking for alloca
configure:13404: /usr/bin/gcc -o conftest -O2 -I/root/buildroot-2021.05.1/output/host/include -Wall -fexceptions -I/root/buildroot-2021.05.1/output/host/include -L/root/buildroot-2021.05.1/output/host/lib -Wl,-rpath,/root/buildroot-2021.05.1/output/host/lib conftest.c  >&5
configure:13404: $? = 0
configure:13412: result: yes
configure:13523: checking size of double
configure:13528: /usr/bin/gcc -o conftest -O2 -I/root/buildroot-2021.05.1/output/host/include -Wall -fexceptions -I/root/buildroot-2021.05.1/output/host/include -L/root/buildroot-2021.05.1/output/host/lib -Wl,-rpath,/root/buildroot-2021.05.1/output/host/lib conftest.c  >&5
configure:13528: $? = 0
configure:13528: ./conftest
configure:13528: $? = 0
configure:13542: result: 8
configure:13556: checking size of long double
configure:13561: /usr/bin/gcc -o conftest -O2 -I/root/buildroot-2021.05.1/output/host/include -Wall -fexceptions -I/root/buildroot-2021.05.1/output/host/include -L/root/buildroot-2021.05.1/output/host/lib -Wl,-rpath,/root/buildroot-2021.05.1/output/host/lib conftest.c  >&5
configure:13561: $? = 0
configure:13561: ./conftest
configure:13561: $? = 0
configure:13575: result: 16
configure:13608: checking whether byte ordering is bigendian
configure:13623: /usr/bin/gcc -c -O2 -I/root/buildroot-2021.05.1/output/host/include -Wall -fexceptions -I/root/buildroot-2021.05.1/output/host/include conftest.c >&5
conftest.c:38:9: error: unknown type name 'not'
         not a universal capable compiler
         ^~~
conftest.c:38:15: error: expected '=', ',', ';', 'asm' or '__attribute__' before 'universal'
         not a universal capable compiler
               ^~~~~~~~~
conftest.c:38:15: error: unknown type name 'universal'
configure:13623: $? = 1
configure: failed program was:
| /* confdefs.h */
| #define PACKAGE_NAME "libffi"
| #define PACKAGE_TARNAME "libffi"
| #define PACKAGE_VERSION "3.3"
| #define PACKAGE_STRING "libffi 3.3"
| #define PACKAGE_BUGREPORT "http://github.com/libffi/libffi/issues"
| #define PACKAGE_URL ""
| #define PACKAGE "libffi"
| #define VERSION "3.3"
| #define STDC_HEADERS 1
| #define HAVE_SYS_TYPES_H 1
| #define HAVE_SYS_STAT_H 1
| #define HAVE_STDLIB_H 1
| #define HAVE_STRING_H 1
| #define HAVE_MEMORY_H 1
| #define HAVE_STRINGS_H 1
| #define HAVE_INTTYPES_H 1
| #define HAVE_STDINT_H 1
| #define HAVE_UNISTD_H 1
| #define HAVE_DLFCN_H 1
| #define LT_OBJDIR ".libs/"
| #define SIZEOF_SIZE_T 8
| #define HAVE_SYS_MMAN_H 1
| #define HAVE_MMAP 1
| #define HAVE_MKOSTEMP 1
| #define HAVE_MMAP_FILE 1
| #define HAVE_MMAP_DEV_ZERO 1
| #define HAVE_MMAP_ANON 1
| #define STDC_HEADERS 1
| #define HAVE_MEMCPY 1
| #define HAVE_ALLOCA_H 1
| #define HAVE_ALLOCA 1
| #define SIZEOF_DOUBLE 8
| #define SIZEOF_LONG_DOUBLE 16
| #define HAVE_LONG_DOUBLE 1
| /* end confdefs.h.  */
| #ifndef __APPLE_CC__
| 	       not a universal capable compiler
| 	     #endif
| 	     typedef int dummy;
| 
configure:13668: /usr/bin/gcc -c -O2 -I/root/buildroot-2021.05.1/output/host/include -Wall -fexceptions -I/root/buildroot-2021.05.1/output/host/include conftest.c >&5
configure:13668: $? = 0
configure:13686: /usr/bin/gcc -c -O2 -I/root/buildroot-2021.05.1/output/host/include -Wall -fexceptions -I/root/buildroot-2021.05.1/output/host/include conftest.c >&5
conftest.c: In function 'main':
conftest.c:44:4: error: unknown type name 'not'; did you mean 'ino_t'?
    not big endian
    ^~~
    ino_t
conftest.c:44:12: error: expected '=', ',', ';', 'asm' or '__attribute__' before 'endian'
    not big endian
            ^~~~~~
configure:13686: $? = 1
configure: failed program was:
| /* confdefs.h */
| #define PACKAGE_NAME "libffi"
| #define PACKAGE_TARNAME "libffi"
| #define PACKAGE_VERSION "3.3"
| #define PACKAGE_STRING "libffi 3.3"
| #define PACKAGE_BUGREPORT "http://github.com/libffi/libffi/issues"
| #define PACKAGE_URL ""
| #define PACKAGE "libffi"
| #define VERSION "3.3"
| #define STDC_HEADERS 1
| #define HAVE_SYS_TYPES_H 1
| #define HAVE_SYS_STAT_H 1
| #define HAVE_STDLIB_H 1
| #define HAVE_STRING_H 1
| #define HAVE_MEMORY_H 1
| #define HAVE_STRINGS_H 1
| #define HAVE_INTTYPES_H 1
| #define HAVE_STDINT_H 1
| #define HAVE_UNISTD_H 1
| #define HAVE_DLFCN_H 1
| #define LT_OBJDIR ".libs/"
| #define SIZEOF_SIZE_T 8
| #define HAVE_SYS_MMAN_H 1
| #define HAVE_MMAP 1
| #define HAVE_MKOSTEMP 1
| #define HAVE_MMAP_FILE 1
| #define HAVE_MMAP_DEV_ZERO 1
| #define HAVE_MMAP_ANON 1
| #define STDC_HEADERS 1
| #define HAVE_MEMCPY 1
| #define HAVE_ALLOCA_H 1
| #define HAVE_ALLOCA 1
| #define SIZEOF_DOUBLE 8
| #define SIZEOF_LONG_DOUBLE 16
| #define HAVE_LONG_DOUBLE 1
| /* end confdefs.h.  */
| #include <sys/types.h>
| 		#include <sys/param.h>
| 
| int
| main ()
| {
| #if BYTE_ORDER != BIG_ENDIAN
| 		 not big endian
| 		#endif
| 
|   ;
|   return 0;
| }
configure:13814: result: no
configure:13833: checking assembler .cfi pseudo-op support
configure:13851: /usr/bin/gcc -c -O2 -I/root/buildroot-2021.05.1/output/host/include -Wall -fexceptions -I/root/buildroot-2021.05.1/output/host/include conftest.c >&5
configure:13851: $? = 0
configure:13859: result: yes
configure:13946: checking assembler supports pc related relocs
configure:13959: result: yes
configure:14005: checking for _ prefix in compiled symbols
configure:14015: /usr/bin/gcc -c -O2 -I/root/buildroot-2021.05.1/output/host/include -Wall -fexceptions -I/root/buildroot-2021.05.1/output/host/include conftest.c >&5
conftest.c: In function 'main':
conftest.c:2:12: warning: statement with no effect [-Wunused-value]
 int main(){nm_test_func;return 0;}
            ^~~~~~~~~~~~
configure:14018: $? = 0
configure:14022: /usr/bin/nm conftest.o \| sed -n -e 's/^.*[	 ]\([ABCDGIRSTW][ABCDGIRSTW]*\)[	 ][	 ]*\([_A-Za-z][_A-Za-z0-9]*\)$/\1 \2 \2/p' | sed '/ __gnu_lto/d' \> conftest.nm
configure:14025: $? = 0
configure:14047: result: no
configure:14110: checking toolchain supports unwind section type
configure:14139: result: yes
configure:14149: checking whether .eh_frame section should be read-only
configure:14171: result: yes
configure:14186: checking for __attribute__((visibility("hidden")))
configure:14195: /usr/bin/gcc -Werror -S conftest.c -o conftest.s 1>&5
configure:14198: $? = 0
configure:14207: result: yes
configure:14346: checking for ld used by /usr/bin/gcc
configure:14413: result: /usr/bin/ld
configure:14420: checking if the linker (/usr/bin/ld) is GNU ld
configure:14435: result: yes
configure:14609: checking for shared libgcc
configure:14624: /usr/bin/gcc -o conftest  -lgcc_s -I/root/buildroot-2021.05.1/output/host/include -L/root/buildroot-2021.05.1/output/host/lib -Wl,-rpath,/root/buildroot-2021.05.1/output/host/lib conftest.c  >&5
configure:14624: $? = 0
configure:14662: result: yes
configure:14748: versioning on shared library symbols is gnu
configure:14861: checking that generated files are newer than configure
configure:14867: result: done
configure:14935: creating ./config.status

## ---------------------- ##
## Running config.status. ##
## ---------------------- ##

This file was extended by libffi config.status 3.3, which was
generated by GNU Autoconf 2.69.  Invocation command line was

  CONFIG_FILES    = 
  CONFIG_HEADERS  = 
  CONFIG_LINKS    = 
  CONFIG_COMMANDS = 
  $ ./config.status 

on racknerd-c383c8

config.status:1223: creating include/Makefile
config.status:1223: creating include/ffi.h
config.status:1223: creating Makefile
config.status:1223: creating testsuite/Makefile
config.status:1223: creating man/Makefile
config.status:1223: creating doc/Makefile
config.status:1223: creating libffi.pc
config.status:1223: creating fficonfig.h
config.status:1437: executing buildir commands
config.status:1467: create top_srcdir/Makefile guessed from local Makefile
config.status:1582: build in x86_64-pc-linux-gnu (HOST=)
config.status:1437: executing depfiles commands
config.status:1437: executing libtool commands
config.status:1437: executing include commands
config.status:1437: executing src commands
configure:17506: WARNING: unrecognized options: --disable-gtk-doc, --disable-gtk-doc-html, --disable-doc, --disable-documentation, --with-xmlto, --with-fop, --disable-nls

## ---------------- ##
## Cache variables. ##
## ---------------- ##

ac_cv_build=x86_64-pc-linux-gnu
ac_cv_c_bigendian=no
ac_cv_c_compiler_gnu=yes
ac_cv_cflags_warn_all=-Wall
ac_cv_cxx_compiler_gnu=yes
ac_cv_decl_map_anon=yes
ac_cv_env_CCASFLAGS_set=
ac_cv_env_CCASFLAGS_value=
ac_cv_env_CCAS_set=
ac_cv_env_CCAS_value=
ac_cv_env_CPPFLAGS_set=set
ac_cv_env_CPPFLAGS_value=-I/root/buildroot-2021.05.1/output/host/include
ac_cv_env_CPP_set=set
ac_cv_env_CPP_value=/usr/bin/cpp
ac_cv_env_CXXCPP_set=
ac_cv_env_CXXCPP_value=
ac_cv_env_LT_SYS_LIBRARY_PATH_set=
ac_cv_env_LT_SYS_LIBRARY_PATH_value=
ac_cv_env_build_alias_set=
ac_cv_env_build_alias_value=
ac_cv_env_host_alias_set=
ac_cv_env_host_alias_value=
ac_cv_env_target_alias_set=
ac_cv_env_target_alias_value=
ac_cv_func_alloca_works=yes
ac_cv_func_memcpy=yes
ac_cv_func_mkostemp=yes
ac_cv_func_mmap=yes
ac_cv_func_mmap_anon=yes
ac_cv_func_mmap_dev_zero=yes
ac_cv_func_mmap_file=yes
ac_cv_header_dlfcn_h=yes
ac_cv_header_inttypes_h=yes
ac_cv_header_memory_h=yes
ac_cv_header_stdc=yes
ac_cv_header_stdint_h=yes
ac_cv_header_stdlib_h=yes
ac_cv_header_string_h=yes
ac_cv_header_strings_h=yes
ac_cv_header_sys_mman_h=yes
ac_cv_header_sys_stat_h=yes
ac_cv_header_sys_types_h=yes
ac_cv_header_unistd_h=yes
ac_cv_host=x86_64-pc-linux-gnu
ac_cv_objext=o
ac_cv_path_EGREP='/usr/bin/grep -E'
ac_cv_path_FGREP='/usr/bin/grep -F'
ac_cv_path_GREP=/usr/bin/grep
ac_cv_path_SED=/usr/bin/sed
ac_cv_path_ax_enable_builddir_sed=sed
ac_cv_path_install='/usr/bin/install -c'
ac_cv_path_lt_DD=/usr/bin/dd
ac_cv_path_mkdir=/usr/bin/mkdir
ac_cv_prog_AWK=mawk
ac_cv_prog_CPP=/usr/bin/cpp
ac_cv_prog_CXXCPP='/usr/bin/g++ -E'
ac_cv_prog_ac_ct_CC=/usr/bin/gcc
ac_cv_prog_ac_ct_MANIFEST_TOOL=mt
ac_cv_prog_ac_ct_OBJDUMP=objdump
ac_cv_prog_ac_ct_RANLIB=/usr/bin/ranlib
ac_cv_prog_ac_ct_STRIP=strip
ac_cv_prog_cc_c89=
ac_cv_prog_cc_g=yes
ac_cv_prog_cxx_g=yes
ac_cv_prog_make_make_set=yes
ac_cv_sizeof_double=8
ac_cv_sizeof_long_double=16
ac_cv_sizeof_size_t=8
ac_cv_target=x86_64-pc-linux-gnu
ac_cv_type_size_t=yes
ac_cv_working_alloca_h=yes
am_cv_CCAS_dependencies_compiler_type=none
am_cv_CC_dependencies_compiler_type=none
am_cv_CXX_dependencies_compiler_type=none
am_cv_make_support_nested_variables=yes
am_cv_prog_cc_c_o=yes
ax_cv_c_compiler_vendor=gnu
gcc_cv_as_cfi_pseudo_op=yes
libffi_cv_as_x86_64_unwind_section_type=yes
libffi_cv_as_x86_pcrel=yes
libffi_cv_hidden_visibility_attribute=yes
libffi_cv_ro_eh_frame=yes
lt_cv_ar_at_file=@
lt_cv_archive_cmds_need_lc=no
lt_cv_deplibs_check_method=pass_all
lt_cv_file_magic_cmd='$MAGIC_CMD'
lt_cv_file_magic_test_file=
lt_cv_ld_reload_flag=-r
lt_cv_nm_interface='BSD nm'
lt_cv_objdir=.libs
lt_cv_path_LD=/usr/bin/ld
lt_cv_path_LDCXX='/usr/bin/ld -m elf_x86_64'
lt_cv_path_NM=/usr/bin/nm
lt_cv_path_mainfest_tool=no
lt_cv_prog_compiler_c_o=yes
lt_cv_prog_compiler_c_o_CXX=yes
lt_cv_prog_compiler_pic='-fPIC -DPIC'
lt_cv_prog_compiler_pic_CXX='-fPIC -DPIC'
lt_cv_prog_compiler_pic_works=yes
lt_cv_prog_compiler_pic_works_CXX=yes
lt_cv_prog_compiler_rtti_exceptions=no
lt_cv_prog_compiler_static_works=yes
lt_cv_prog_compiler_static_works_CXX=yes
lt_cv_prog_gnu_ld=yes
lt_cv_prog_gnu_ldcxx=yes
lt_cv_sharedlib_from_linklib_cmd='printf %s\n'
lt_cv_shlibpath_overrides_runpath=yes
lt_cv_sys_global_symbol_pipe='sed -n -e '\''s/^.*[	 ]\([ABCDGIRSTW][ABCDGIRSTW]*\)[	 ][	 ]*\([_A-Za-z][_A-Za-z0-9]*\)$/\1 \2 \2/p'\'' | sed '\''/ __gnu_lto/d'\'''
lt_cv_sys_global_symbol_to_c_name_address='sed -n -e '\''s/^: \(.*\) .*$/  {"\1", (void *) 0},/p'\'' -e '\''s/^[ABCDGIRSTW][ABCDGIRSTW]* .* \(.*\)$/  {"\1", (void *) \&\1},/p'\'''
lt_cv_sys_global_symbol_to_c_name_address_lib_prefix='sed -n -e '\''s/^: \(.*\) .*$/  {"\1", (void *) 0},/p'\'' -e '\''s/^[ABCDGIRSTW][ABCDGIRSTW]* .* \(lib.*\)$/  {"\1", (void *) \&\1},/p'\'' -e '\''s/^[ABCDGIRSTW][ABCDGIRSTW]* .* \(.*\)$/  {"lib\1", (void *) \&\1},/p'\'''
lt_cv_sys_global_symbol_to_cdecl='sed -n -e '\''s/^T .* \(.*\)$/extern int \1();/p'\'' -e '\''s/^[ABCDGIRSTW][ABCDGIRSTW]* .* \(.*\)$/extern char \1;/p'\'''
lt_cv_sys_global_symbol_to_import=
lt_cv_sys_max_cmd_len=1572864
lt_cv_sys_symbol_underscore=no
lt_cv_to_host_file_cmd=func_convert_file_noop
lt_cv_to_tool_file_cmd=func_convert_file_noop
lt_cv_truncate_bin='/usr/bin/dd bs=4096 count=1'

## ----------------- ##
## Output variables. ##
## ----------------- ##

ACLOCAL='${SHELL} /root/buildroot-2021.05.1/output/build/host-libffi-3.3/missing aclocal-1.15'
ALLOCA=''
AMDEPBACKSLASH=''
AMDEP_FALSE=''
AMDEP_TRUE='#'
AMTAR='$${TAR-tar}'
AM_BACKSLASH='\'
AM_DEFAULT_V='$(AM_DEFAULT_VERBOSITY)'
AM_DEFAULT_VERBOSITY='1'
AM_LTLDFLAGS=''
AM_RUNTESTFLAGS=''
AM_V='$(V)'
AR='/usr/bin/ar'
AUTOCONF='${SHELL} /root/buildroot-2021.05.1/output/build/host-libffi-3.3/missing autoconf'
AUTOHEADER='${SHELL} /root/buildroot-2021.05.1/output/build/host-libffi-3.3/missing autoheader'
AUTOMAKE='${SHELL} /root/buildroot-2021.05.1/output/build/host-libffi-3.3/missing automake-1.15'
AWK='mawk'
BUILD_DOCS_FALSE=''
BUILD_DOCS_TRUE='#'
CC='/usr/bin/gcc'
CCAS='/usr/bin/gcc'
CCASDEPMODE='depmode=none'
CCASFLAGS='-O2 -I/root/buildroot-2021.05.1/output/host/include'
CCDEPMODE='depmode=none'
CFLAGS='-O2 -I/root/buildroot-2021.05.1/output/host/include -Wall -fexceptions'
CPP='/usr/bin/cpp'
CPPFLAGS='-I/root/buildroot-2021.05.1/output/host/include'
CXX='/usr/bin/g++'
CXXCPP='/usr/bin/g++ -E'
CXXDEPMODE='depmode=none'
CXXFLAGS='-O2 -I/root/buildroot-2021.05.1/output/host/include'
CYGPATH_W='echo'
DEFS='-DHAVE_CONFIG_H'
DEPDIR='.deps'
DLLTOOL='false'
DSYMUTIL=''
DUMPBIN=''
ECHO_C=''
ECHO_N='-n'
ECHO_T=''
EGREP='/usr/bin/grep -E'
EXEEXT=''
FFI_DEBUG_FALSE=''
FFI_DEBUG_TRUE='#'
FFI_EXEC_TRAMPOLINE_TABLE='0'
FFI_EXEC_TRAMPOLINE_TABLE_FALSE=''
FFI_EXEC_TRAMPOLINE_TABLE_TRUE='#'
FGREP='/usr/bin/grep -F'
GREP='/usr/bin/grep'
HAVE_LONG_DOUBLE='1'
HAVE_LONG_DOUBLE_VARIANT='0'
INSTALL_DATA='${INSTALL} -m 644'
INSTALL_PROGRAM='${INSTALL}'
INSTALL_SCRIPT='${INSTALL}'
INSTALL_STRIP_PROGRAM='$(install_sh) -c -s'
LD='/usr/bin/ld'
LDFLAGS='-L/root/buildroot-2021.05.1/output/host/lib -Wl,-rpath,/root/buildroot-2021.05.1/output/host/lib'
LIBFFI_BUILD_VERSIONED_SHLIB_FALSE='#'
LIBFFI_BUILD_VERSIONED_SHLIB_GNU_FALSE='#'
LIBFFI_BUILD_VERSIONED_SHLIB_GNU_TRUE=''
LIBFFI_BUILD_VERSIONED_SHLIB_SUN_FALSE=''
LIBFFI_BUILD_VERSIONED_SHLIB_SUN_TRUE='#'
LIBFFI_BUILD_VERSIONED_SHLIB_TRUE=''
LIBOBJS=''
LIBS=''
LIBTOOL='$(SHELL) $(top_builddir)/libtool'
LIPO=''
LN_S='ln -s'
LTLIBOBJS=''
LT_SYS_LIBRARY_PATH=''
MAINT='#'
MAINTAINER_MODE_FALSE=''
MAINTAINER_MODE_TRUE='#'
MAKEINFO='${SHELL} /root/buildroot-2021.05.1/output/build/host-libffi-3.3/missing makeinfo'
MANIFEST_TOOL=':'
MKDIR_P='/usr/bin/mkdir -p'
NM='/usr/bin/nm'
NMEDIT=''
OBJDUMP='objdump'
OBJEXT='o'
OPT_LDFLAGS='-Wl,-O1 '
OTOOL64=''
OTOOL=''
PACKAGE='libffi'
PACKAGE_BUGREPORT='http://github.com/libffi/libffi/issues'
PACKAGE_NAME='libffi'
PACKAGE_STRING='libffi 3.3'
PACKAGE_TARNAME='libffi'
PACKAGE_URL=''
PACKAGE_VERSION='3.3'
PATH_SEPARATOR=':'
PRTDIAG=''
RANLIB='/usr/bin/ranlib'
SECTION_LDFLAGS=''
SED='/usr/bin/sed'
SET_MAKE=''
SHELL='/bin/bash'
STRIP='strip'
TARGET='X86_64'
TARGETDIR='x86'
TARGET_OBJ=' src/x86/ffi64.lo src/x86/unix64.lo src/x86/ffiw64.lo src/x86/win64.lo'
TESTSUBDIR_FALSE='#'
TESTSUBDIR_TRUE=''
VERSION='3.3'
ac_ct_AR=''
ac_ct_CC='/usr/bin/gcc'
ac_ct_CXX=''
ac_ct_DUMPBIN=''
am__EXEEXT_FALSE=''
am__EXEEXT_TRUE='#'
am__fastdepCCAS_FALSE=''
am__fastdepCCAS_TRUE='#'
am__fastdepCC_FALSE=''
am__fastdepCC_TRUE='#'
am__fastdepCXX_FALSE=''
am__fastdepCXX_TRUE='#'
am__include='include'
am__isrc=' -I$(srcdir)'
am__leading_dot='.'
am__nodep=''
am__quote=''
am__tar='$${TAR-tar} chof - "$$tardir"'
am__untar='$${TAR-tar} xf -'
ax_enable_builddir_sed='sed'
bindir='${exec_prefix}/bin'
build='x86_64-pc-linux-gnu'
build_alias=''
build_cpu='x86_64'
build_os='linux-gnu'
build_vendor='pc'
datadir='${datarootdir}'
datarootdir='${prefix}/share'
docdir='${datarootdir}/doc/${PACKAGE_TARNAME}'
dvidir='${docdir}'
exec_prefix='${prefix}'
host='x86_64-pc-linux-gnu'
host_alias=''
host_cpu='x86_64'
host_os='linux-gnu'
host_vendor='pc'
htmldir='${docdir}'
includedir='${prefix}/include'
infodir='${datarootdir}/info'
install_sh='${SHELL} /root/buildroot-2021.05.1/output/build/host-libffi-3.3/install-sh'
libdir='${exec_prefix}/lib'
libexecdir='${exec_prefix}/libexec'
localedir='${datarootdir}/locale'
localstatedir='/root/buildroot-2021.05.1/output/host/var'
mandir='${datarootdir}/man'
mkdir_p='$(MKDIR_P)'
oldincludedir='/usr/include'
pdfdir='${docdir}'
prefix='/root/buildroot-2021.05.1/output/host'
program_transform_name='s,x,x,'
psdir='${docdir}'
sbindir='${exec_prefix}/sbin'
sharedstatedir='${prefix}/com'
sys_symbol_underscore='no'
sysconfdir='/root/buildroot-2021.05.1/output/host/etc'
target='x86_64-pc-linux-gnu'
target_alias=''
target_cpu='x86_64'
target_os='linux-gnu'
target_vendor='pc'
toolexecdir='${libdir}/gcc-lib/$(target_alias)'
toolexeclibdir='${libdir}/../lib'

## ----------- ##
## confdefs.h. ##
## ----------- ##

/* confdefs.h */
#define PACKAGE_NAME "libffi"
#define PACKAGE_TARNAME "libffi"
#define PACKAGE_VERSION "3.3"
#define PACKAGE_STRING "libffi 3.3"
#define PACKAGE_BUGREPORT "http://github.com/libffi/libffi/issues"
#define PACKAGE_URL ""
#define PACKAGE "libffi"
#define VERSION "3.3"
#define STDC_HEADERS 1
#define HAVE_SYS_TYPES_H 1
#define HAVE_SYS_STAT_H 1
#define HAVE_STDLIB_H 1
#define HAVE_STRING_H 1
#define HAVE_MEMORY_H 1
#define HAVE_STRINGS_H 1
#define HAVE_INTTYPES_H 1
#define HAVE_STDINT_H 1
#define HAVE_UNISTD_H 1
#define HAVE_DLFCN_H 1
#define LT_OBJDIR ".libs/"
#define SIZEOF_SIZE_T 8
#define HAVE_SYS_MMAN_H 1
#define HAVE_MMAP 1
#define HAVE_MKOSTEMP 1
#define HAVE_MMAP_FILE 1
#define HAVE_MMAP_DEV_ZERO 1
#define HAVE_MMAP_ANON 1
#define STDC_HEADERS 1
#define HAVE_MEMCPY 1
#define HAVE_ALLOCA_H 1
#define HAVE_ALLOCA 1
#define SIZEOF_DOUBLE 8
#define SIZEOF_LONG_DOUBLE 16
#define HAVE_LONG_DOUBLE 1
#define HAVE_AS_CFI_PSEUDO_OP 1
#define HAVE_AS_X86_PCREL 1
#define HAVE_AS_X86_64_UNWIND_SECTION_TYPE 1
#define HAVE_RO_EH_FRAME 1
#define EH_FRAME_FLAGS "a"
#define HAVE_HIDDEN_VISIBILITY_ATTRIBUTE 1
#define LIBFFI_GNU_SYMBOL_VERSIONING 1

configure: exit 0

## ---------------- ##
## Cache variables. ##
## ---------------- ##

ac_cv_build=x86_64-pc-linux-gnu
ac_cv_env_CCASFLAGS_set=
ac_cv_env_CCASFLAGS_value=
ac_cv_env_CCAS_set=
ac_cv_env_CCAS_value=
ac_cv_env_CPPFLAGS_set=set
ac_cv_env_CPPFLAGS_value=-I/root/buildroot-2021.05.1/output/host/include
ac_cv_env_CPP_set=set
ac_cv_env_CPP_value=/usr/bin/cpp
ac_cv_env_CXXCPP_set=
ac_cv_env_CXXCPP_value=
ac_cv_env_LT_SYS_LIBRARY_PATH_set=
ac_cv_env_LT_SYS_LIBRARY_PATH_value=
ac_cv_env_build_alias_set=
ac_cv_env_build_alias_value=
ac_cv_env_host_alias_set=
ac_cv_env_host_alias_value=
ac_cv_env_target_alias_set=
ac_cv_env_target_alias_value=
ac_cv_host=x86_64-pc-linux-gnu
ac_cv_target=x86_64-pc-linux-gnu

## ----------------- ##
## Output variables. ##
## ----------------- ##

ACLOCAL=''
ALLOCA=''
AMDEPBACKSLASH=''
AMDEP_FALSE=''
AMDEP_TRUE=''
AMTAR=''
AM_BACKSLASH=''
AM_DEFAULT_V=''
AM_DEFAULT_VERBOSITY=''
AM_LTLDFLAGS=''
AM_RUNTESTFLAGS=''
AM_V=''
AR='/usr/bin/ar'
AUTOCONF=''
AUTOHEADER=''
AUTOMAKE=''
AWK=''
BUILD_DOCS_FALSE=''
BUILD_DOCS_TRUE=''
CC='/usr/bin/gcc'
CCAS=''
CCASDEPMODE=''
CCASFLAGS=''
CCDEPMODE=''
CFLAGS='-O2 -I/root/buildroot-2021.05.1/output/host/include'
CPP='/usr/bin/cpp'
CPPFLAGS='-I/root/buildroot-2021.05.1/output/host/include'
CXX='/usr/bin/g++'
CXXCPP=''
CXXDEPMODE=''
CXXFLAGS='-O2 -I/root/buildroot-2021.05.1/output/host/include'
CYGPATH_W=''
DEFS=''
DEPDIR=''
DLLTOOL=''
DSYMUTIL=''
DUMPBIN=''
ECHO_C=''
ECHO_N='-n'
ECHO_T=''
EGREP=''
EXEEXT=''
FFI_DEBUG_FALSE=''
FFI_DEBUG_TRUE=''
FFI_EXEC_TRAMPOLINE_TABLE=''
FFI_EXEC_TRAMPOLINE_TABLE_FALSE=''
FFI_EXEC_TRAMPOLINE_TABLE_TRUE=''
FGREP=''
GREP=''
HAVE_LONG_DOUBLE=''
HAVE_LONG_DOUBLE_VARIANT=''
INSTALL_DATA=''
INSTALL_PROGRAM=''
INSTALL_SCRIPT=''
INSTALL_STRIP_PROGRAM=''
LD='/usr/bin/ld'
LDFLAGS='-L/root/buildroot-2021.05.1/output/host/lib -Wl,-rpath,/root/buildroot-2021.05.1/output/host/lib'
LIBFFI_BUILD_VERSIONED_SHLIB_FALSE=''
LIBFFI_BUILD_VERSIONED_SHLIB_GNU_FALSE=''
LIBFFI_BUILD_VERSIONED_SHLIB_GNU_TRUE=''
LIBFFI_BUILD_VERSIONED_SHLIB_SUN_FALSE=''
LIBFFI_BUILD_VERSIONED_SHLIB_SUN_TRUE=''
LIBFFI_BUILD_VERSIONED_SHLIB_TRUE=''
LIBOBJS=''
LIBS=''
LIBTOOL=''
LIPO=''
LN_S=''
LTLIBOBJS=''
LT_SYS_LIBRARY_PATH=''
MAINT=''
MAINTAINER_MODE_FALSE=''
MAINTAINER_MODE_TRUE=''
MAKEINFO=''
MANIFEST_TOOL=''
MKDIR_P=''
NM='/usr/bin/nm'
NMEDIT=''
OBJDUMP=''
OBJEXT=''
OPT_LDFLAGS=''
OTOOL64=''
OTOOL=''
PACKAGE=''
PACKAGE_BUGREPORT='http://github.com/libffi/libffi/issues'
PACKAGE_NAME='libffi'
PACKAGE_STRING='libffi 3.3'
PACKAGE_TARNAME='libffi'
PACKAGE_URL=''
PACKAGE_VERSION='3.3'
PATH_SEPARATOR=':'
PRTDIAG=''
RANLIB='/usr/bin/ranlib'
SECTION_LDFLAGS=''
SED=''
SET_MAKE=''
SHELL='/bin/bash'
STRIP=''
TARGET='x86_64-pc-linux-gnu'
TARGETDIR=''
TARGET_OBJ=''
TESTSUBDIR_FALSE=''
TESTSUBDIR_TRUE=''
VERSION=''
ac_ct_AR=''
ac_ct_CC=''
ac_ct_CXX=''
ac_ct_DUMPBIN=''
am__EXEEXT_FALSE=''
am__EXEEXT_TRUE=''
am__fastdepCCAS_FALSE=''
am__fastdepCCAS_TRUE=''
am__fastdepCC_FALSE=''
am__fastdepCC_TRUE=''
am__fastdepCXX_FALSE=''
am__fastdepCXX_TRUE=''
am__include=''
am__isrc=''
am__leading_dot=''
am__nodep=''
am__quote=''
am__tar=''
am__untar=''
ax_enable_builddir_sed=''
bindir='${exec_prefix}/bin'
build='x86_64-pc-linux-gnu'
build_alias=''
build_cpu='x86_64'
build_os='linux-gnu'
build_vendor='pc'
datadir='${datarootdir}'
datarootdir='${prefix}/share'
docdir='${datarootdir}/doc/${PACKAGE_TARNAME}'
dvidir='${docdir}'
exec_prefix='NONE'
host='x86_64-pc-linux-gnu'
host_alias=''
host_cpu='x86_64'
host_os='linux-gnu'
host_vendor='pc'
htmldir='${docdir}'
includedir='${prefix}/include'
infodir='${datarootdir}/info'
install_sh=''
libdir='${exec_prefix}/lib'
libexecdir='${exec_prefix}/libexec'
localedir='${datarootdir}/locale'
localstatedir='/root/buildroot-2021.05.1/output/host/var'
mandir='${datarootdir}/man'
mkdir_p=''
oldincludedir='/usr/include'
pdfdir='${docdir}'
prefix='/root/buildroot-2021.05.1/output/host'
program_transform_name='s,x,x,'
psdir='${docdir}'
sbindir='${exec_prefix}/sbin'
sharedstatedir='${prefix}/com'
sys_symbol_underscore=''
sysconfdir='/root/buildroot-2021.05.1/output/host/etc'
target='x86_64-pc-linux-gnu'
target_alias=''
target_cpu='x86_64'
target_os='linux-gnu'
target_vendor='pc'
toolexecdir=''
toolexeclibdir=''

configure: exit 0
