This file contains any messages produced by compilers while
running configure, to aid debugging if configure makes a mistake.

It was created by expat configure 2.4.1, which was
generated by GNU Autoconf 2.69.  Invocation command line was

  $ ./configure --prefix=/root/buildroot-2021.05.1/output/host --sysconfdir=/root/buildroot-2021.05.1/output/host/etc --localstatedir=/root/buildroot-2021.05.1/output/host/var --enable-shared --disable-static --disable-gtk-doc --disable-gtk-doc-html --disable-doc --disable-docs --disable-documentation --disable-debug --with-xmlto=no --with-fop=no --disable-nls --disable-dependency-tracking --without-docbook

## --------- ##
## Platform. ##
## --------- ##

hostname = racknerd-c383c8
uname -m = x86_64
uname -r = 4.19.0-6-amd64
uname -s = Linux
uname -v = #1 SMP Debian 4.19.67-2+deb10u1 (2019-09-20)

/usr/bin/uname -p = unknown
/bin/uname -X     = unknown

/bin/arch              = x86_64
/usr/bin/arch -k       = unknown
/usr/convex/getsysinfo = unknown
/usr/bin/hostinfo      = unknown
/bin/machine           = unknown
/usr/bin/oslevel       = unknown
/bin/universe          = unknown

PATH: /root/buildroot-2021.05.1/output/host/bin
PATH: /root/buildroot-2021.05.1/output/host/sbin
PATH: /usr/local/sbin
PATH: /usr/local/bin
PATH: /usr/sbin
PATH: /usr/bin
PATH: /sbin
PATH: /bin


## ----------- ##
## Core tests. ##
## ----------- ##

configure:2706: checking build system type
configure:2720: result: x86_64-pc-linux-gnu
configure:2740: checking host system type
configure:2753: result: x86_64-pc-linux-gnu
configure:2789: checking for a BSD-compatible install
configure:2857: result: /usr/bin/install -c
configure:2868: checking whether build environment is sane
configure:2923: result: yes
configure:3067: checking for a thread-safe mkdir -p
configure:3106: result: /usr/bin/mkdir -p
configure:3113: checking for gawk
configure:3143: result: no
configure:3113: checking for mawk
configure:3129: found /usr/bin/mawk
configure:3140: result: mawk
configure:3151: checking whether make sets $(MAKE)
configure:3173: result: yes
configure:3202: checking whether make supports nested variables
configure:3219: result: yes
configure:3359: checking whether make supports the include directive
configure:3374: make -f confmf.GNU && cat confinc.out
make[1]: Entering directory '/root/buildroot-2021.05.1/output/build/host-expat-2.4.1'
make[1]: Leaving directory '/root/buildroot-2021.05.1/output/build/host-expat-2.4.1'
this is the am__doit target
configure:3377: $? = 0
configure:3396: result: yes (GNU style)
configure:3466: checking for gcc
configure:3493: result: /usr/bin/gcc
configure:3722: checking for C compiler version
configure:3731: /usr/bin/gcc --version >&5
gcc (Debian 8.3.0-6) 8.3.0
Copyright (C) 2018 Free Software Foundation, Inc.
This is free software; see the source for copying conditions.  There is NO
warranty; not even for MERCHANTABILITY or FITNESS FOR A PARTICULAR PURPOSE.

configure:3742: $? = 0
configure:3731: /usr/bin/gcc -v >&5
Using built-in specs.
COLLECT_GCC=/usr/bin/gcc
COLLECT_LTO_WRAPPER=/usr/lib/gcc/x86_64-linux-gnu/8/lto-wrapper
OFFLOAD_TARGET_NAMES=nvptx-none
OFFLOAD_TARGET_DEFAULT=1
Target: x86_64-linux-gnu
Configured with: ../src/configure -v --with-pkgversion='Debian 8.3.0-6' --with-bugurl=file:///usr/share/doc/gcc-8/README.Bugs --enable-languages=c,ada,c++,go,brig,d,fortran,objc,obj-c++ --prefix=/usr --with-gcc-major-version-only --program-suffix=-8 --program-prefix=x86_64-linux-gnu- --enable-shared --enable-linker-build-id --libexecdir=/usr/lib --without-included-gettext --enable-threads=posix --libdir=/usr/lib --enable-nls --enable-bootstrap --enable-clocale=gnu --enable-libstdcxx-debug --enable-libstdcxx-time=yes --with-default-libstdcxx-abi=new --enable-gnu-unique-object --disable-vtable-verify --enable-libmpx --enable-plugin --enable-default-pie --with-system-zlib --with-target-system-zlib --enable-objc-gc=auto --enable-multiarch --disable-werror --with-arch-32=i686 --with-abi=m64 --with-multilib-list=m32,m64,mx32 --enable-multilib --with-tune=generic --enable-offload-targets=nvptx-none --without-cuda-driver --enable-checking=release --build=x86_64-linux-gnu --host=x86_64-linux-gnu --target=x86_64-linux-gnu
Thread model: posix
gcc version 8.3.0 (Debian 8.3.0-6) 
configure:3742: $? = 0
configure:3731: /usr/bin/gcc -V >&5
gcc: error: unrecognized command line option '-V'
gcc: fatal error: no input files
compilation terminated.
configure:3742: $? = 1
configure:3731: /usr/bin/gcc -qversion >&5
gcc: error: unrecognized command line option '-qversion'; did you mean '--version'?
gcc: fatal error: no input files
compilation terminated.
configure:3742: $? = 1
configure:3762: checking whether the C compiler works
configure:3784: /usr/bin/gcc -O2 -I/root/buildroot-2021.05.1/output/host/include -I/root/buildroot-2021.05.1/output/host/include -L/root/buildroot-2021.05.1/output/host/lib -Wl,-rpath,/root/buildroot-2021.05.1/output/host/lib conftest.c  >&5
configure:3788: $? = 0
configure:3836: result: yes
configure:3839: checking for C compiler default output file name
configure:3841: result: a.out
configure:3847: checking for suffix of executables
configure:3854: /usr/bin/gcc -o conftest -O2 -I/root/buildroot-2021.05.1/output/host/include -I/root/buildroot-2021.05.1/output/host/include -L/root/buildroot-2021.05.1/output/host/lib -Wl,-rpath,/root/buildroot-2021.05.1/output/host/lib conftest.c  >&5
configure:3858: $? = 0
configure:3880: result: 
configure:3902: checking whether we are cross compiling
configure:3910: /usr/bin/gcc -o conftest -O2 -I/root/buildroot-2021.05.1/output/host/include -I/root/buildroot-2021.05.1/output/host/include -L/root/buildroot-2021.05.1/output/host/lib -Wl,-rpath,/root/buildroot-2021.05.1/output/host/lib conftest.c  >&5
configure:3914: $? = 0
configure:3921: ./conftest
configure:3925: $? = 0
configure:3913: result: no
configure:3918: checking for suffix of object files
configure:3940: /usr/bin/gcc -c -O2 -I/root/buildroot-2021.05.1/output/host/include -I/root/buildroot-2021.05.1/output/host/include conftest.c >&5
configure:3944: $? = 0
configure:3965: result: o
configure:3969: checking whether we are using the GNU C compiler
configure:3988: /usr/bin/gcc -c -O2 -I/root/buildroot-2021.05.1/output/host/include -I/root/buildroot-2021.05.1/output/host/include conftest.c >&5
configure:3988: $? = 0
configure:3997: result: yes
configure:4006: checking whether /usr/bin/gcc accepts -g
configure:4026: /usr/bin/gcc -c -g -I/root/buildroot-2021.05.1/output/host/include conftest.c >&5
configure:4026: $? = 0
configure:4067: result: yes
configure:4084: checking for /usr/bin/gcc option to accept ISO C89
configure:4147: /usr/bin/gcc  -c -O2 -I/root/buildroot-2021.05.1/output/host/include -I/root/buildroot-2021.05.1/output/host/include conftest.c >&5
configure:4147: $? = 0
configure:4160: result: none needed
configure:4185: checking whether /usr/bin/gcc understands -c and -o together
configure:4207: /usr/bin/gcc -c conftest.c -o conftest2.o
configure:4210: $? = 0
configure:4207: /usr/bin/gcc -c conftest.c -o conftest2.o
configure:4210: $? = 0
configure:4222: result: yes
configure:4241: checking dependency style of /usr/bin/gcc
configure:4352: result: none
configure:4470: checking the archiver (/usr/bin/ar) interface
configure:4486: /usr/bin/gcc -c -O2 -I/root/buildroot-2021.05.1/output/host/include -I/root/buildroot-2021.05.1/output/host/include conftest.c >&5
configure:4486: $? = 0
configure:4488: /usr/bin/ar cru libconftest.a conftest.o >&5
/usr/bin/ar: `u' modifier ignored since `D' is the default (see `U')
configure:4491: $? = 0
configure:4490: result: ar
configure:4511: checking whether ln -s works
configure:4515: result: yes
configure:4522: checking whether make sets $(MAKE)
configure:4544: result: yes
configure:4601: checking how to print strings
configure:4628: result: printf
configure:4649: checking for a sed that does not truncate output
configure:4713: result: /usr/bin/sed
configure:4731: checking for grep that handles long lines and -e
configure:4789: result: /usr/bin/grep
configure:4794: checking for egrep
configure:4856: result: /usr/bin/grep -E
configure:4861: checking for fgrep
configure:4923: result: /usr/bin/grep -F
configure:4958: checking for ld used by /usr/bin/gcc
configure:5025: result: /usr/bin/ld
configure:5032: checking if the linker (/usr/bin/ld) is GNU ld
configure:5047: result: yes
configure:5059: checking for BSD- or MS-compatible name lister (nm)
configure:5113: result: /usr/bin/nm
configure:5243: checking the name lister (/usr/bin/nm) interface
configure:5250: /usr/bin/gcc -c -O2 -I/root/buildroot-2021.05.1/output/host/include -I/root/buildroot-2021.05.1/output/host/include conftest.c >&5
configure:5253: /usr/bin/nm "conftest.o"
configure:5256: output
0000000000000000 B some_variable
configure:5257: result: BSD nm
configure:5261: checking the maximum length of command line arguments
configure:5397: result: 1572864
configure:5445: checking how to convert x86_64-pc-linux-gnu file names to x86_64-pc-linux-gnu format
configure:5485: result: func_convert_file_noop
configure:5492: checking how to convert x86_64-pc-linux-gnu file names to toolchain format
configure:5512: result: func_convert_file_noop
configure:5519: checking for /usr/bin/ld option to reload object files
configure:5526: result: -r
configure:5600: checking for objdump
configure:5616: found /usr/bin/objdump
configure:5627: result: objdump
configure:5656: checking how to recognize dependent libraries
configure:5856: result: pass_all
configure:5941: checking for dlltool
configure:5971: result: no
configure:5998: checking how to associate runtime and link libraries
configure:6025: result: printf %s\n
configure:6149: checking for archiver @FILE support
configure:6166: /usr/bin/gcc -c -O2 -I/root/buildroot-2021.05.1/output/host/include -I/root/buildroot-2021.05.1/output/host/include conftest.c >&5
configure:6166: $? = 0
configure:6169: /usr/bin/ar cru libconftest.a @conftest.lst >&5
/usr/bin/ar: `u' modifier ignored since `D' is the default (see `U')
configure:6172: $? = 0
configure:6177: /usr/bin/ar cru libconftest.a @conftest.lst >&5
/usr/bin/ar: `u' modifier ignored since `D' is the default (see `U')
/usr/bin/ar: conftest.o: No such file or directory
configure:6180: $? = 1
configure:6179: result: @
configure:6237: checking for strip
configure:6253: found /usr/bin/strip
configure:6264: result: strip
configure:6336: checking for ranlib
configure:6363: result: /usr/bin/ranlib
configure:6465: checking command to parse /usr/bin/nm output from /usr/bin/gcc object
configure:6618: /usr/bin/gcc -c -O2 -I/root/buildroot-2021.05.1/output/host/include -I/root/buildroot-2021.05.1/output/host/include conftest.c >&5
configure:6621: $? = 0
configure:6625: /usr/bin/nm conftest.o \| sed -n -e 's/^.*[ ]\([ABCDGIRSTW][ABCDGIRSTW]*\)[ ][ ]*\([_A-Za-z][_A-Za-z0-9]*\)$/\1 \2 \2/p' | sed '/ __gnu_lto/d' \> conftest.nm
configure:6628: $? = 0
configure:6694: /usr/bin/gcc -o conftest -O2 -I/root/buildroot-2021.05.1/output/host/include -I/root/buildroot-2021.05.1/output/host/include -L/root/buildroot-2021.05.1/output/host/lib -Wl,-rpath,/root/buildroot-2021.05.1/output/host/lib conftest.c conftstm.o >&5
configure:6697: $? = 0
configure:6735: result: ok
configure:6782: checking for sysroot
configure:6812: result: no
configure:6819: checking for a working dd
configure:6857: result: /usr/bin/dd
configure:6861: checking how to truncate binary pipes
configure:6876: result: /usr/bin/dd bs=4096 count=1
configure:7012: /usr/bin/gcc -c -O2 -I/root/buildroot-2021.05.1/output/host/include -I/root/buildroot-2021.05.1/output/host/include conftest.c >&5
configure:7015: $? = 0
configure:7205: checking for mt
configure:7221: found /usr/bin/mt
configure:7232: result: mt
configure:7255: checking if mt is a manifest tool
configure:7261: mt '-?'
configure:7269: result: no
configure:7946: checking how to run the C preprocessor
configure:8016: result: /usr/bin/cpp
configure:8036: /usr/bin/cpp -I/root/buildroot-2021.05.1/output/host/include conftest.c
configure:8036: $? = 0
configure:8050: /usr/bin/cpp -I/root/buildroot-2021.05.1/output/host/include conftest.c
conftest.c:11:10: fatal error: ac_nonexistent.h: No such file or directory
 #include <ac_nonexistent.h>
          ^~~~~~~~~~~~~~~~~~
compilation terminated.
configure:8050: $? = 1
configure: failed program was:
| /* confdefs.h */
| #define PACKAGE_NAME "expat"
| #define PACKAGE_TARNAME "expat"
| #define PACKAGE_VERSION "2.4.1"
| #define PACKAGE_STRING "expat 2.4.1"
| #define PACKAGE_BUGREPORT "expat-bugs@libexpat.org"
| #define PACKAGE_URL ""
| #define PACKAGE "expat"
| #define VERSION "2.4.1"
| /* end confdefs.h.  */
| #include <ac_nonexistent.h>
configure:8079: checking for ANSI C header files
configure:8099: /usr/bin/gcc -c -O2 -I/root/buildroot-2021.05.1/output/host/include -I/root/buildroot-2021.05.1/output/host/include conftest.c >&5
configure:8099: $? = 0
configure:8172: /usr/bin/gcc -o conftest -O2 -I/root/buildroot-2021.05.1/output/host/include -I/root/buildroot-2021.05.1/output/host/include -L/root/buildroot-2021.05.1/output/host/lib -Wl,-rpath,/root/buildroot-2021.05.1/output/host/lib conftest.c  >&5
configure:8172: $? = 0
configure:8172: ./conftest
configure:8172: $? = 0
configure:8183: result: yes
configure:8196: checking for sys/types.h
configure:8196: /usr/bin/gcc -c -O2 -I/root/buildroot-2021.05.1/output/host/include -I/root/buildroot-2021.05.1/output/host/include conftest.c >&5
configure:8196: $? = 0
configure:8196: result: yes
configure:8196: checking for sys/stat.h
configure:8196: /usr/bin/gcc -c -O2 -I/root/buildroot-2021.05.1/output/host/include -I/root/buildroot-2021.05.1/output/host/include conftest.c >&5
configure:8196: $? = 0
configure:8196: result: yes
configure:8196: checking for stdlib.h
configure:8196: /usr/bin/gcc -c -O2 -I/root/buildroot-2021.05.1/output/host/include -I/root/buildroot-2021.05.1/output/host/include conftest.c >&5
configure:8196: $? = 0
configure:8196: result: yes
configure:8196: checking for string.h
configure:8196: /usr/bin/gcc -c -O2 -I/root/buildroot-2021.05.1/output/host/include -I/root/buildroot-2021.05.1/output/host/include conftest.c >&5
configure:8196: $? = 0
configure:8196: result: yes
configure:8196: checking for memory.h
configure:8196: /usr/bin/gcc -c -O2 -I/root/buildroot-2021.05.1/output/host/include -I/root/buildroot-2021.05.1/output/host/include conftest.c >&5
configure:8196: $? = 0
configure:8196: result: yes
configure:8196: checking for strings.h
configure:8196: /usr/bin/gcc -c -O2 -I/root/buildroot-2021.05.1/output/host/include -I/root/buildroot-2021.05.1/output/host/include conftest.c >&5
configure:8196: $? = 0
configure:8196: result: yes
configure:8196: checking for inttypes.h
configure:8196: /usr/bin/gcc -c -O2 -I/root/buildroot-2021.05.1/output/host/include -I/root/buildroot-2021.05.1/output/host/include conftest.c >&5
configure:8196: $? = 0
configure:8196: result: yes
configure:8196: checking for stdint.h
configure:8196: /usr/bin/gcc -c -O2 -I/root/buildroot-2021.05.1/output/host/include -I/root/buildroot-2021.05.1/output/host/include conftest.c >&5
configure:8196: $? = 0
configure:8196: result: yes
configure:8196: checking for unistd.h
configure:8196: /usr/bin/gcc -c -O2 -I/root/buildroot-2021.05.1/output/host/include -I/root/buildroot-2021.05.1/output/host/include conftest.c >&5
configure:8196: $? = 0
configure:8196: result: yes
configure:8210: checking for dlfcn.h
configure:8210: /usr/bin/gcc -c -O2 -I/root/buildroot-2021.05.1/output/host/include -I/root/buildroot-2021.05.1/output/host/include conftest.c >&5
configure:8210: $? = 0
configure:8210: result: yes
configure:8764: checking for objdir
configure:8779: result: .libs
configure:9043: checking if /usr/bin/gcc supports -fno-rtti -fno-exceptions
configure:9061: /usr/bin/gcc -c -O2 -I/root/buildroot-2021.05.1/output/host/include -I/root/buildroot-2021.05.1/output/host/include -fno-rtti -fno-exceptions conftest.c >&5
cc1: warning: command line option '-fno-rtti' is valid for C++/ObjC++ but not for C
configure:9065: $? = 0
configure:9078: result: no
configure:9436: checking for /usr/bin/gcc option to produce PIC
configure:9443: result: -fPIC -DPIC
configure:9451: checking if /usr/bin/gcc PIC flag -fPIC -DPIC works
configure:9469: /usr/bin/gcc -c -O2 -I/root/buildroot-2021.05.1/output/host/include -I/root/buildroot-2021.05.1/output/host/include -fPIC -DPIC -DPIC conftest.c >&5
configure:9473: $? = 0
configure:9486: result: yes
configure:9515: checking if /usr/bin/gcc static flag -static works
configure:9543: result: yes
configure:9558: checking if /usr/bin/gcc supports -c -o file.o
configure:9579: /usr/bin/gcc -c -O2 -I/root/buildroot-2021.05.1/output/host/include -I/root/buildroot-2021.05.1/output/host/include -o out/conftest2.o conftest.c >&5
configure:9583: $? = 0
configure:9605: result: yes
configure:9613: checking if /usr/bin/gcc supports -c -o file.o
configure:9660: result: yes
configure:9693: checking whether the /usr/bin/gcc linker (/usr/bin/ld -m elf_x86_64) supports shared libraries
configure:10952: result: yes
configure:10989: checking whether -lc should be explicitly linked in
configure:10997: /usr/bin/gcc -c -O2 -I/root/buildroot-2021.05.1/output/host/include -I/root/buildroot-2021.05.1/output/host/include conftest.c >&5
configure:11000: $? = 0
configure:11015: /usr/bin/gcc -shared  -fPIC -DPIC conftest.o  -v -Wl,-soname -Wl,conftest -o conftest 2\>\&1 \| /usr/bin/grep  -lc  \>/dev/null 2\>\&1
configure:11018: $? = 0
configure:11032: result: no
configure:11192: checking dynamic linker characteristics
configure:11786: /usr/bin/gcc -o conftest -O2 -I/root/buildroot-2021.05.1/output/host/include -I/root/buildroot-2021.05.1/output/host/include -L/root/buildroot-2021.05.1/output/host/lib -Wl,-rpath,/root/buildroot-2021.05.1/output/host/lib -Wl,-rpath -Wl,/foo conftest.c  >&5
configure:11786: $? = 0
configure:12023: result: GNU/Linux ld.so
configure:12145: checking how to hardcode library paths into programs
configure:12170: result: immediate
configure:12718: checking whether stripping libraries is possible
configure:12723: result: yes
configure:12758: checking if libtool supports shared libraries
configure:12760: result: yes
configure:12763: checking whether to build shared libraries
configure:12788: result: yes
configure:12791: checking whether to build static libraries
configure:12795: result: no
configure:9622: checking for /usr/bin/gcc option to accept ISO C99
configure:9771: /usr/bin/gcc  -c -O2 -I/root/buildroot-2021.05.1/output/host/include -I/root/buildroot-2021.05.1/output/host/include conftest.c >&5
configure:9771: $? = 0
configure:9784: result: none needed
configure:9807: checking whether C compiler accepts -Wall
configure:9819: /usr/bin/gcc -c -O2 -I/root/buildroot-2021.05.1/output/host/include  -Werror -Wall -I/root/buildroot-2021.05.1/output/host/include conftest.c >&5
configure:9819: $? = 0
configure:9828: result: yes
configure:9855: : AM_CFLAGS="$AM_CFLAGS"
configure:9858: $? = 0
configure:9807: checking whether C compiler accepts -Wextra
configure:9819: /usr/bin/gcc -c -O2 -I/root/buildroot-2021.05.1/output/host/include  -Werror -Wextra -I/root/buildroot-2021.05.1/output/host/include conftest.c >&5
configure:9819: $? = 0
configure:9828: result: yes
configure:9844: : AM_CFLAGS="$AM_CFLAGS"
configure:9847: $? = 0
configure:9875: checking whether C compiler accepts -fexceptions
configure:9887: /usr/bin/gcc -c -O2 -I/root/buildroot-2021.05.1/output/host/include  -Werror -fexceptions -I/root/buildroot-2021.05.1/output/host/include conftest.c >&5
configure:9887: $? = 0
configure:9896: result: yes
configure:9912: : AM_CFLAGS="$AM_CFLAGS"
configure:9915: $? = 0
configure:9943: checking whether C compiler accepts -fno-strict-aliasing
configure:9955: /usr/bin/gcc -c -O2 -I/root/buildroot-2021.05.1/output/host/include  -Werror -fno-strict-aliasing -I/root/buildroot-2021.05.1/output/host/include conftest.c >&5
configure:9955: $? = 0
configure:9964: result: yes
configure:9980: : AM_CFLAGS="$AM_CFLAGS"
configure:9983: $? = 0
configure:9943: checking whether C compiler accepts -Wmissing-prototypes
configure:9955: /usr/bin/gcc -c -O2 -I/root/buildroot-2021.05.1/output/host/include  -Werror -Wmissing-prototypes -I/root/buildroot-2021.05.1/output/host/include conftest.c >&5
configure:9955: $? = 0
configure:9964: result: yes
configure:9980: : AM_CFLAGS="$AM_CFLAGS"
configure:9983: $? = 0
configure:9943: checking whether C compiler accepts -Wstrict-prototypes
configure:9955: /usr/bin/gcc -c -O2 -I/root/buildroot-2021.05.1/output/host/include  -Werror -Wstrict-prototypes -I/root/buildroot-2021.05.1/output/host/include conftest.c >&5
configure:9955: $? = 0
configure:9964: result: yes
configure:9980: : AM_CFLAGS="$AM_CFLAGS"
configure:9983: $? = 0
configure:10011: checking whether C compiler accepts -pedantic
configure:10023: /usr/bin/gcc -c -O2 -I/root/buildroot-2021.05.1/output/host/include  -Werror -pedantic -I/root/buildroot-2021.05.1/output/host/include conftest.c >&5
configure:10023: $? = 0
configure:10032: result: yes
configure:10048: : AM_CFLAGS="$AM_CFLAGS"
configure:10051: $? = 0
configure:10011: checking whether C compiler accepts -Wduplicated-cond
configure:10023: /usr/bin/gcc -c -O2 -I/root/buildroot-2021.05.1/output/host/include  -Werror -Wduplicated-cond -I/root/buildroot-2021.05.1/output/host/include conftest.c >&5
configure:10023: $? = 0
configure:10032: result: yes
configure:10048: : AM_CFLAGS="$AM_CFLAGS"
configure:10051: $? = 0
configure:10011: checking whether C compiler accepts -Wduplicated-branches
configure:10023: /usr/bin/gcc -c -O2 -I/root/buildroot-2021.05.1/output/host/include  -Werror -Wduplicated-branches -I/root/buildroot-2021.05.1/output/host/include conftest.c >&5
configure:10023: $? = 0
configure:10032: result: yes
configure:10048: : AM_CFLAGS="$AM_CFLAGS"
configure:10051: $? = 0
configure:10011: checking whether C compiler accepts -Wlogical-op
configure:10023: /usr/bin/gcc -c -O2 -I/root/buildroot-2021.05.1/output/host/include  -Werror -Wlogical-op -I/root/buildroot-2021.05.1/output/host/include conftest.c >&5
configure:10023: $? = 0
configure:10032: result: yes
configure:10048: : AM_CFLAGS="$AM_CFLAGS"
configure:10051: $? = 0
configure:10079: checking whether C compiler accepts -Wrestrict
configure:10091: /usr/bin/gcc -c -O2 -I/root/buildroot-2021.05.1/output/host/include  -Werror -Wrestrict -I/root/buildroot-2021.05.1/output/host/include conftest.c >&5
configure:10091: $? = 0
configure:10100: result: yes
configure:10116: : AM_CFLAGS="$AM_CFLAGS"
configure:10119: $? = 0
configure:10079: checking whether C compiler accepts -Wnull-dereference
configure:10091: /usr/bin/gcc -c -O2 -I/root/buildroot-2021.05.1/output/host/include  -Werror -Wnull-dereference -I/root/buildroot-2021.05.1/output/host/include conftest.c >&5
configure:10091: $? = 0
configure:10100: result: yes
configure:10116: : AM_CFLAGS="$AM_CFLAGS"
configure:10119: $? = 0
configure:10079: checking whether C compiler accepts -Wjump-misses-init
configure:10091: /usr/bin/gcc -c -O2 -I/root/buildroot-2021.05.1/output/host/include  -Werror -Wjump-misses-init -I/root/buildroot-2021.05.1/output/host/include conftest.c >&5
configure:10091: $? = 0
configure:10100: result: yes
configure:10116: : AM_CFLAGS="$AM_CFLAGS"
configure:10119: $? = 0
configure:10079: checking whether C compiler accepts -Wdouble-promotion
configure:10091: /usr/bin/gcc -c -O2 -I/root/buildroot-2021.05.1/output/host/include  -Werror -Wdouble-promotion -I/root/buildroot-2021.05.1/output/host/include conftest.c >&5
configure:10091: $? = 0
configure:10100: result: yes
configure:10116: : AM_CFLAGS="$AM_CFLAGS"
configure:10119: $? = 0
configure:10147: checking whether C compiler accepts -Wshadow
configure:10159: /usr/bin/gcc -c -O2 -I/root/buildroot-2021.05.1/output/host/include  -Werror -Wshadow -I/root/buildroot-2021.05.1/output/host/include conftest.c >&5
configure:10159: $? = 0
configure:10168: result: yes
configure:10184: : AM_CFLAGS="$AM_CFLAGS"
configure:10187: $? = 0
configure:10147: checking whether C compiler accepts -Wformat=2
configure:10159: /usr/bin/gcc -c -O2 -I/root/buildroot-2021.05.1/output/host/include  -Werror -Wformat=2 -I/root/buildroot-2021.05.1/output/host/include conftest.c >&5
configure:10159: $? = 0
configure:10168: result: yes
configure:10184: : AM_CFLAGS="$AM_CFLAGS"
configure:10187: $? = 0
configure:10147: checking whether C compiler accepts -Wno-pedantic-ms-format
configure:10159: /usr/bin/gcc -c -O2 -I/root/buildroot-2021.05.1/output/host/include  -Werror -Wno-pedantic-ms-format -I/root/buildroot-2021.05.1/output/host/include conftest.c >&5
configure:10159: $? = 0
configure:10168: result: yes
configure:10184: : AM_CFLAGS="$AM_CFLAGS"
configure:10187: $? = 0
configure:10147: checking whether C compiler accepts -Wmisleading-indentation
configure:10159: /usr/bin/gcc -c -O2 -I/root/buildroot-2021.05.1/output/host/include  -Werror -Wmisleading-indentation -I/root/buildroot-2021.05.1/output/host/include conftest.c >&5
configure:10159: $? = 0
configure:10168: result: yes
configure:10184: : AM_CFLAGS="$AM_CFLAGS"
configure:10187: $? = 0
configure:10329: checking for C++ compiler version
configure:10338: /usr/bin/g++ --version >&5
g++ (Debian 8.3.0-6) 8.3.0
Copyright (C) 2018 Free Software Foundation, Inc.
This is free software; see the source for copying conditions.  There is NO
warranty; not even for MERCHANTABILITY or FITNESS FOR A PARTICULAR PURPOSE.

configure:10349: $? = 0
configure:10338: /usr/bin/g++ -v >&5
Using built-in specs.
COLLECT_GCC=/usr/bin/g++
COLLECT_LTO_WRAPPER=/usr/lib/gcc/x86_64-linux-gnu/8/lto-wrapper
OFFLOAD_TARGET_NAMES=nvptx-none
OFFLOAD_TARGET_DEFAULT=1
Target: x86_64-linux-gnu
Configured with: ../src/configure -v --with-pkgversion='Debian 8.3.0-6' --with-bugurl=file:///usr/share/doc/gcc-8/README.Bugs --enable-languages=c,ada,c++,go,brig,d,fortran,objc,obj-c++ --prefix=/usr --with-gcc-major-version-only --program-suffix=-8 --program-prefix=x86_64-linux-gnu- --enable-shared --enable-linker-build-id --libexecdir=/usr/lib --without-included-gettext --enable-threads=posix --libdir=/usr/lib --enable-nls --enable-bootstrap --enable-clocale=gnu --enable-libstdcxx-debug --enable-libstdcxx-time=yes --with-default-libstdcxx-abi=new --enable-gnu-unique-object --disable-vtable-verify --enable-libmpx --enable-plugin --enable-default-pie --with-system-zlib --with-target-system-zlib --enable-objc-gc=auto --enable-multiarch --disable-werror --with-arch-32=i686 --with-abi=m64 --with-multilib-list=m32,m64,mx32 --enable-multilib --with-tune=generic --enable-offload-targets=nvptx-none --without-cuda-driver --enable-checking=release --build=x86_64-linux-gnu --host=x86_64-linux-gnu --target=x86_64-linux-gnu
Thread model: posix
gcc version 8.3.0 (Debian 8.3.0-6) 
configure:10349: $? = 0
configure:10338: /usr/bin/g++ -V >&5
g++: error: unrecognized command line option '-V'
g++: fatal error: no input files
compilation terminated.
configure:10349: $? = 1
configure:10338: /usr/bin/g++ -qversion >&5
g++: error: unrecognized command line option '-qversion'; did you mean '--version'?
g++: fatal error: no input files
compilation terminated.
configure:10349: $? = 1
configure:10353: checking whether we are using the GNU C++ compiler
configure:10372: /usr/bin/g++ -c -O2 -I/root/buildroot-2021.05.1/output/host/include -I/root/buildroot-2021.05.1/output/host/include conftest.cpp >&5
configure:10372: $? = 0
configure:10381: result: yes
configure:10390: checking whether /usr/bin/g++ accepts -g
configure:10410: /usr/bin/g++ -c -g -I/root/buildroot-2021.05.1/output/host/include conftest.cpp >&5
configure:10410: $? = 0
configure:10451: result: yes
configure:10476: checking dependency style of /usr/bin/g++
configure:10587: result: none
configure:10620: checking how to run the C++ preprocessor
configure:10647: /usr/bin/g++ -E -I/root/buildroot-2021.05.1/output/host/include conftest.cpp
configure:10647: $? = 0
configure:10661: /usr/bin/g++ -E -I/root/buildroot-2021.05.1/output/host/include conftest.cpp
conftest.cpp:23:10: fatal error: ac_nonexistent.h: No such file or directory
 #include <ac_nonexistent.h>
          ^~~~~~~~~~~~~~~~~~
compilation terminated.
configure:10661: $? = 1
configure: failed program was:
| /* confdefs.h */
| #define PACKAGE_NAME "expat"
| #define PACKAGE_TARNAME "expat"
| #define PACKAGE_VERSION "2.4.1"
| #define PACKAGE_STRING "expat 2.4.1"
| #define PACKAGE_BUGREPORT "expat-bugs@libexpat.org"
| #define PACKAGE_URL ""
| #define PACKAGE "expat"
| #define VERSION "2.4.1"
| #define STDC_HEADERS 1
| #define HAVE_SYS_TYPES_H 1
| #define HAVE_SYS_STAT_H 1
| #define HAVE_STDLIB_H 1
| #define HAVE_STRING_H 1
| #define HAVE_MEMORY_H 1
| #define HAVE_STRINGS_H 1
| #define HAVE_INTTYPES_H 1
| #define HAVE_STDINT_H 1
| #define HAVE_UNISTD_H 1
| #define HAVE_DLFCN_H 1
| #define LT_OBJDIR ".libs/"
| /* end confdefs.h.  */
| #include <ac_nonexistent.h>
configure:10686: result: /usr/bin/g++ -E
configure:10706: /usr/bin/g++ -E -I/root/buildroot-2021.05.1/output/host/include conftest.cpp
configure:10706: $? = 0
configure:10720: /usr/bin/g++ -E -I/root/buildroot-2021.05.1/output/host/include conftest.cpp
conftest.cpp:23:10: fatal error: ac_nonexistent.h: No such file or directory
 #include <ac_nonexistent.h>
          ^~~~~~~~~~~~~~~~~~
compilation terminated.
configure:10720: $? = 1
configure: failed program was:
| /* confdefs.h */
| #define PACKAGE_NAME "expat"
| #define PACKAGE_TARNAME "expat"
| #define PACKAGE_VERSION "2.4.1"
| #define PACKAGE_STRING "expat 2.4.1"
| #define PACKAGE_BUGREPORT "expat-bugs@libexpat.org"
| #define PACKAGE_URL ""
| #define PACKAGE "expat"
| #define VERSION "2.4.1"
| #define STDC_HEADERS 1
| #define HAVE_SYS_TYPES_H 1
| #define HAVE_SYS_STAT_H 1
| #define HAVE_STDLIB_H 1
| #define HAVE_STRING_H 1
| #define HAVE_MEMORY_H 1
| #define HAVE_STRINGS_H 1
| #define HAVE_INTTYPES_H 1
| #define HAVE_STDINT_H 1
| #define HAVE_UNISTD_H 1
| #define HAVE_DLFCN_H 1
| #define LT_OBJDIR ".libs/"
| /* end confdefs.h.  */
| #include <ac_nonexistent.h>
configure:10882: checking for ld used by /usr/bin/g++
configure:10949: result: /usr/bin/ld -m elf_x86_64
configure:10956: checking if the linker (/usr/bin/ld -m elf_x86_64) is GNU ld
configure:10971: result: yes
configure:11026: checking whether the /usr/bin/g++ linker (/usr/bin/ld -m elf_x86_64) supports shared libraries
configure:12099: result: yes
configure:12135: /usr/bin/g++ -c -O2 -I/root/buildroot-2021.05.1/output/host/include -I/root/buildroot-2021.05.1/output/host/include conftest.cpp >&5
configure:12138: $? = 0
configure:12619: checking for /usr/bin/g++ option to produce PIC
configure:12626: result: -fPIC -DPIC
configure:12634: checking if /usr/bin/g++ PIC flag -fPIC -DPIC works
configure:12652: /usr/bin/g++ -c -O2 -I/root/buildroot-2021.05.1/output/host/include -I/root/buildroot-2021.05.1/output/host/include -fPIC -DPIC -DPIC conftest.cpp >&5
configure:12656: $? = 0
configure:12669: result: yes
configure:12692: checking if /usr/bin/g++ static flag -static works
configure:12720: result: yes
configure:12732: checking if /usr/bin/g++ supports -c -o file.o
configure:12753: /usr/bin/g++ -c -O2 -I/root/buildroot-2021.05.1/output/host/include -I/root/buildroot-2021.05.1/output/host/include -o out/conftest2.o conftest.cpp >&5
configure:12757: $? = 0
configure:12779: result: yes
configure:12784: checking if /usr/bin/g++ supports -c -o file.o
configure:12831: result: yes
configure:12861: checking whether the /usr/bin/g++ linker (/usr/bin/ld -m elf_x86_64) supports shared libraries
configure:12901: result: yes
configure:13042: checking dynamic linker characteristics
configure:13800: result: GNU/Linux ld.so
configure:13865: checking how to hardcode library paths into programs
configure:13890: result: immediate
configure:12771: checking whether C++ compiler accepts -Wall
configure:12783: /usr/bin/g++ -c -O2 -I/root/buildroot-2021.05.1/output/host/include  -Werror -Wall -I/root/buildroot-2021.05.1/output/host/include conftest.cpp >&5
configure:12783: $? = 0
configure:12792: result: yes
configure:12819: : AM_CXXFLAGS="$AM_CXXFLAGS"
configure:12822: $? = 0
configure:12771: checking whether C++ compiler accepts -Wextra
configure:12783: /usr/bin/g++ -c -O2 -I/root/buildroot-2021.05.1/output/host/include  -Werror -Wextra -I/root/buildroot-2021.05.1/output/host/include conftest.cpp >&5
configure:12783: $? = 0
configure:12792: result: yes
configure:12808: : AM_CXXFLAGS="$AM_CXXFLAGS"
configure:12811: $? = 0
configure:12839: checking whether C++ compiler accepts -fexceptions
configure:12851: /usr/bin/g++ -c -O2 -I/root/buildroot-2021.05.1/output/host/include  -Werror -fexceptions -I/root/buildroot-2021.05.1/output/host/include conftest.cpp >&5
configure:12851: $? = 0
configure:12860: result: yes
configure:12876: : AM_CXXFLAGS="$AM_CXXFLAGS"
configure:12879: $? = 0
configure:12907: checking whether C++ compiler accepts -fno-strict-aliasing
configure:12919: /usr/bin/g++ -c -O2 -I/root/buildroot-2021.05.1/output/host/include  -Werror -fno-strict-aliasing -I/root/buildroot-2021.05.1/output/host/include conftest.cpp >&5
configure:12919: $? = 0
configure:12928: result: yes
configure:12944: : AM_CXXFLAGS="$AM_CXXFLAGS"
configure:12947: $? = 0
configure:12984: checking whether the linker accepts -fno-strict-aliasing
configure:13003: /usr/bin/gcc -o conftest -O2 -I/root/buildroot-2021.05.1/output/host/include -I/root/buildroot-2021.05.1/output/host/include -L/root/buildroot-2021.05.1/output/host/lib -Wl,-rpath,/root/buildroot-2021.05.1/output/host/lib  -fno-strict-aliasing conftest.c  >&5
configure:13003: $? = 0
configure:13013: result: yes
configure:13040: : AM_LDFLAGS="$AM_LDFLAGS"
configure:13043: $? = 0
configure:13068: checking whether compiler supports visibility
configure:13083: /usr/bin/gcc -c -O2 -I/root/buildroot-2021.05.1/output/host/include -fvisibility=hidden -Wall -Werror -Wno-unknown-warning-option -I/root/buildroot-2021.05.1/output/host/include conftest.c >&5
configure:13083: $? = 0
configure:13089: result: yes
configure:13106: : AM_CFLAGS="$AM_CFLAGS"
configure:13109: $? = 0
configure:13149: : AM_CPPFLAGS="$AM_CPPFLAGS"
configure:13152: $? = 0
configure:13153: checking whether byte ordering is bigendian
configure:13168: /usr/bin/gcc -c -O2 -I/root/buildroot-2021.05.1/output/host/include -I/root/buildroot-2021.05.1/output/host/include conftest.c >&5
conftest.c:24:9: error: unknown type name 'not'
         not a universal capable compiler
         ^~~
conftest.c:24:15: error: expected '=', ',', ';', 'asm' or '__attribute__' before 'universal'
         not a universal capable compiler
               ^~~~~~~~~
conftest.c:24:15: error: unknown type name 'universal'
configure:13168: $? = 1
configure: failed program was:
| /* confdefs.h */
| #define PACKAGE_NAME "expat"
| #define PACKAGE_TARNAME "expat"
| #define PACKAGE_VERSION "2.4.1"
| #define PACKAGE_STRING "expat 2.4.1"
| #define PACKAGE_BUGREPORT "expat-bugs@libexpat.org"
| #define PACKAGE_URL ""
| #define PACKAGE "expat"
| #define VERSION "2.4.1"
| #define STDC_HEADERS 1
| #define HAVE_SYS_TYPES_H 1
| #define HAVE_SYS_STAT_H 1
| #define HAVE_STDLIB_H 1
| #define HAVE_STRING_H 1
| #define HAVE_MEMORY_H 1
| #define HAVE_STRINGS_H 1
| #define HAVE_INTTYPES_H 1
| #define HAVE_STDINT_H 1
| #define HAVE_UNISTD_H 1
| #define HAVE_DLFCN_H 1
| #define LT_OBJDIR ".libs/"
| /* end confdefs.h.  */
| #ifndef __APPLE_CC__
| 	       not a universal capable compiler
| 	     #endif
| 	     typedef int dummy;
| 
configure:13213: /usr/bin/gcc -c -O2 -I/root/buildroot-2021.05.1/output/host/include -I/root/buildroot-2021.05.1/output/host/include conftest.c >&5
configure:13213: $? = 0
configure:13231: /usr/bin/gcc -c -O2 -I/root/buildroot-2021.05.1/output/host/include -I/root/buildroot-2021.05.1/output/host/include conftest.c >&5
conftest.c: In function 'main':
conftest.c:30:4: error: unknown type name 'not'; did you mean 'ino_t'?
    not big endian
    ^~~
    ino_t
conftest.c:30:12: error: expected '=', ',', ';', 'asm' or '__attribute__' before 'endian'
    not big endian
            ^~~~~~
configure:13231: $? = 1
configure: failed program was:
| /* confdefs.h */
| #define PACKAGE_NAME "expat"
| #define PACKAGE_TARNAME "expat"
| #define PACKAGE_VERSION "2.4.1"
| #define PACKAGE_STRING "expat 2.4.1"
| #define PACKAGE_BUGREPORT "expat-bugs@libexpat.org"
| #define PACKAGE_URL ""
| #define PACKAGE "expat"
| #define VERSION "2.4.1"
| #define STDC_HEADERS 1
| #define HAVE_SYS_TYPES_H 1
| #define HAVE_SYS_STAT_H 1
| #define HAVE_STDLIB_H 1
| #define HAVE_STRING_H 1
| #define HAVE_MEMORY_H 1
| #define HAVE_STRINGS_H 1
| #define HAVE_INTTYPES_H 1
| #define HAVE_STDINT_H 1
| #define HAVE_UNISTD_H 1
| #define HAVE_DLFCN_H 1
| #define LT_OBJDIR ".libs/"
| /* end confdefs.h.  */
| #include <sys/types.h>
| 		#include <sys/param.h>
| 
| int
| main ()
| {
| #if BYTE_ORDER != BIG_ENDIAN
| 		 not big endian
| 		#endif
| 
|   ;
|   return 0;
| }
configure:13359: result: no
configure:13384: checking for an ANSI C-conforming const
configure:13450: /usr/bin/gcc -c -O2 -I/root/buildroot-2021.05.1/output/host/include -I/root/buildroot-2021.05.1/output/host/include conftest.c >&5
configure:13450: $? = 0
configure:13457: result: yes
configure:13465: checking for size_t
configure:13465: /usr/bin/gcc -c -O2 -I/root/buildroot-2021.05.1/output/host/include -I/root/buildroot-2021.05.1/output/host/include conftest.c >&5
configure:13465: $? = 0
configure:13465: /usr/bin/gcc -c -O2 -I/root/buildroot-2021.05.1/output/host/include -I/root/buildroot-2021.05.1/output/host/include conftest.c >&5
conftest.c: In function 'main':
conftest.c:60:21: error: expected expression before ')' token
 if (sizeof ((size_t)))
                     ^
configure:13465: $? = 1
configure: failed program was:
| /* confdefs.h */
| #define PACKAGE_NAME "expat"
| #define PACKAGE_TARNAME "expat"
| #define PACKAGE_VERSION "2.4.1"
| #define PACKAGE_STRING "expat 2.4.1"
| #define PACKAGE_BUGREPORT "expat-bugs@libexpat.org"
| #define PACKAGE_URL ""
| #define PACKAGE "expat"
| #define VERSION "2.4.1"
| #define STDC_HEADERS 1
| #define HAVE_SYS_TYPES_H 1
| #define HAVE_SYS_STAT_H 1
| #define HAVE_STDLIB_H 1
| #define HAVE_STRING_H 1
| #define HAVE_MEMORY_H 1
| #define HAVE_STRINGS_H 1
| #define HAVE_INTTYPES_H 1
| #define HAVE_STDINT_H 1
| #define HAVE_UNISTD_H 1
| #define HAVE_DLFCN_H 1
| #define LT_OBJDIR ".libs/"
| #define BYTEORDER 1234
| /* end confdefs.h.  */
| #include <stdio.h>
| #ifdef HAVE_SYS_TYPES_H
| # include <sys/types.h>
| #endif
| #ifdef HAVE_SYS_STAT_H
| # include <sys/stat.h>
| #endif
| #ifdef STDC_HEADERS
| # include <stdlib.h>
| # include <stddef.h>
| #else
| # ifdef HAVE_STDLIB_H
| #  include <stdlib.h>
| # endif
| #endif
| #ifdef HAVE_STRING_H
| # if !defined STDC_HEADERS && defined HAVE_MEMORY_H
| #  include <memory.h>
| # endif
| # include <string.h>
| #endif
| #ifdef HAVE_STRINGS_H
| # include <strings.h>
| #endif
| #ifdef HAVE_INTTYPES_H
| # include <inttypes.h>
| #endif
| #ifdef HAVE_STDINT_H
| # include <stdint.h>
| #endif
| #ifdef HAVE_UNISTD_H
| # include <unistd.h>
| #endif
| int
| main ()
| {
| if (sizeof ((size_t)))
| 	    return 0;
|   ;
|   return 0;
| }
configure:13465: result: yes
configure:13640: checking for arc4random_buf (BSD or libbsd)
configure:13655: /usr/bin/gcc -o conftest -O2 -I/root/buildroot-2021.05.1/output/host/include -I/root/buildroot-2021.05.1/output/host/include -L/root/buildroot-2021.05.1/output/host/lib -Wl,-rpath,/root/buildroot-2021.05.1/output/host/lib conftest.c  >&5
conftest.c: In function 'main':
conftest.c:30:7: warning: implicit declaration of function 'arc4random_buf'; did you mean 'srandom_r'? [-Wimplicit-function-declaration]
       arc4random_buf(NULL, 0U);
       ^~~~~~~~~~~~~~
       srandom_r
/usr/bin/ld: /tmp/ccHiuBK8.o: in function `main':
conftest.c:(.text.startup+0xb): undefined reference to `arc4random_buf'
collect2: error: ld returned 1 exit status
configure:13655: $? = 1
configure: failed program was:
| /* confdefs.h */
| #define PACKAGE_NAME "expat"
| #define PACKAGE_TARNAME "expat"
| #define PACKAGE_VERSION "2.4.1"
| #define PACKAGE_STRING "expat 2.4.1"
| #define PACKAGE_BUGREPORT "expat-bugs@libexpat.org"
| #define PACKAGE_URL ""
| #define PACKAGE "expat"
| #define VERSION "2.4.1"
| #define STDC_HEADERS 1
| #define HAVE_SYS_TYPES_H 1
| #define HAVE_SYS_STAT_H 1
| #define HAVE_STDLIB_H 1
| #define HAVE_STRING_H 1
| #define HAVE_MEMORY_H 1
| #define HAVE_STRINGS_H 1
| #define HAVE_INTTYPES_H 1
| #define HAVE_STDINT_H 1
| #define HAVE_UNISTD_H 1
| #define HAVE_DLFCN_H 1
| #define LT_OBJDIR ".libs/"
| #define BYTEORDER 1234
| /* end confdefs.h.  */
| 
|     #include <stdlib.h>  /* for arc4random_buf on BSD, for NULL */
|     #if defined(HAVE_LIBBSD)
|     # include <bsd/stdlib.h>
|     #endif
|     int main() {
|       arc4random_buf(NULL, 0U);
|       return 0;
|     }
| 
configure:13662: result: no
configure:13665: checking for arc4random (BSD, macOS or libbsd)
configure:13681: /usr/bin/gcc -o conftest -O2 -I/root/buildroot-2021.05.1/output/host/include -I/root/buildroot-2021.05.1/output/host/include -L/root/buildroot-2021.05.1/output/host/lib -Wl,-rpath,/root/buildroot-2021.05.1/output/host/lib conftest.c  >&5
conftest.c: In function 'main':
conftest.c:31:11: warning: implicit declaration of function 'arc4random'; did you mean 'srandom'? [-Wimplicit-function-declaration]
           arc4random();
           ^~~~~~~~~~
           srandom
/usr/bin/ld: /tmp/ccTIB1ib.o: in function `main':
conftest.c:(.text.startup+0x7): undefined reference to `arc4random'
collect2: error: ld returned 1 exit status
configure:13681: $? = 1
configure: failed program was:
| /* confdefs.h */
| #define PACKAGE_NAME "expat"
| #define PACKAGE_TARNAME "expat"
| #define PACKAGE_VERSION "2.4.1"
| #define PACKAGE_STRING "expat 2.4.1"
| #define PACKAGE_BUGREPORT "expat-bugs@libexpat.org"
| #define PACKAGE_URL ""
| #define PACKAGE "expat"
| #define VERSION "2.4.1"
| #define STDC_HEADERS 1
| #define HAVE_SYS_TYPES_H 1
| #define HAVE_SYS_STAT_H 1
| #define HAVE_STDLIB_H 1
| #define HAVE_STRING_H 1
| #define HAVE_MEMORY_H 1
| #define HAVE_STRINGS_H 1
| #define HAVE_INTTYPES_H 1
| #define HAVE_STDINT_H 1
| #define HAVE_UNISTD_H 1
| #define HAVE_DLFCN_H 1
| #define LT_OBJDIR ".libs/"
| #define BYTEORDER 1234
| /* end confdefs.h.  */
| 
|        #if defined(HAVE_LIBBSD)
|        # include <bsd/stdlib.h>
|        #else
|        # include <stdlib.h>
|        #endif
|        int main() {
|           arc4random();
|           return 0;
|        }
| 
configure:13688: result: no
configure:13707: checking for getrandom (Linux 3.17+, glibc 2.25+)
configure:13719: /usr/bin/gcc -o conftest -O2 -I/root/buildroot-2021.05.1/output/host/include -I/root/buildroot-2021.05.1/output/host/include -L/root/buildroot-2021.05.1/output/host/lib -Wl,-rpath,/root/buildroot-2021.05.1/output/host/lib conftest.c  >&5
configure:13719: $? = 0
configure:13723: result: yes
configure:13746: checking for syscall SYS_getrandom (Linux 3.17+)
configure:13760: /usr/bin/gcc -o conftest -O2 -I/root/buildroot-2021.05.1/output/host/include -I/root/buildroot-2021.05.1/output/host/include -L/root/buildroot-2021.05.1/output/host/lib -Wl,-rpath,/root/buildroot-2021.05.1/output/host/lib conftest.c  >&5
configure:13760: $? = 0
configure:13764: result: yes
configure:13780: checking fcntl.h usability
configure:13780: /usr/bin/gcc -c -O2 -I/root/buildroot-2021.05.1/output/host/include -I/root/buildroot-2021.05.1/output/host/include conftest.c >&5
configure:13780: $? = 0
configure:13780: result: yes
configure:13780: checking fcntl.h presence
configure:13780: /usr/bin/cpp -I/root/buildroot-2021.05.1/output/host/include conftest.c
configure:13780: $? = 0
configure:13780: result: yes
configure:13780: checking for fcntl.h
configure:13780: result: yes
configure:13780: checking for unistd.h
configure:13780: result: yes
configure:13790: checking for off_t
configure:13790: /usr/bin/gcc -c -O2 -I/root/buildroot-2021.05.1/output/host/include -I/root/buildroot-2021.05.1/output/host/include conftest.c >&5
configure:13790: $? = 0
configure:13790: /usr/bin/gcc -c -O2 -I/root/buildroot-2021.05.1/output/host/include -I/root/buildroot-2021.05.1/output/host/include conftest.c >&5
conftest.c: In function 'main':
conftest.c:64:20: error: expected expression before ')' token
 if (sizeof ((off_t)))
                    ^
configure:13790: $? = 1
configure: failed program was:
| /* confdefs.h */
| #define PACKAGE_NAME "expat"
| #define PACKAGE_TARNAME "expat"
| #define PACKAGE_VERSION "2.4.1"
| #define PACKAGE_STRING "expat 2.4.1"
| #define PACKAGE_BUGREPORT "expat-bugs@libexpat.org"
| #define PACKAGE_URL ""
| #define PACKAGE "expat"
| #define VERSION "2.4.1"
| #define STDC_HEADERS 1
| #define HAVE_SYS_TYPES_H 1
| #define HAVE_SYS_STAT_H 1
| #define HAVE_STDLIB_H 1
| #define HAVE_STRING_H 1
| #define HAVE_MEMORY_H 1
| #define HAVE_STRINGS_H 1
| #define HAVE_INTTYPES_H 1
| #define HAVE_STDINT_H 1
| #define HAVE_UNISTD_H 1
| #define HAVE_DLFCN_H 1
| #define LT_OBJDIR ".libs/"
| #define BYTEORDER 1234
| #define HAVE_GETRANDOM 1
| #define HAVE_SYSCALL_GETRANDOM 1
| #define HAVE_FCNTL_H 1
| #define HAVE_UNISTD_H 1
| /* end confdefs.h.  */
| #include <stdio.h>
| #ifdef HAVE_SYS_TYPES_H
| # include <sys/types.h>
| #endif
| #ifdef HAVE_SYS_STAT_H
| # include <sys/stat.h>
| #endif
| #ifdef STDC_HEADERS
| # include <stdlib.h>
| # include <stddef.h>
| #else
| # ifdef HAVE_STDLIB_H
| #  include <stdlib.h>
| # endif
| #endif
| #ifdef HAVE_STRING_H
| # if !defined STDC_HEADERS && defined HAVE_MEMORY_H
| #  include <memory.h>
| # endif
| # include <string.h>
| #endif
| #ifdef HAVE_STRINGS_H
| # include <strings.h>
| #endif
| #ifdef HAVE_INTTYPES_H
| # include <inttypes.h>
| #endif
| #ifdef HAVE_STDINT_H
| # include <stdint.h>
| #endif
| #ifdef HAVE_UNISTD_H
| # include <unistd.h>
| #endif
| int
| main ()
| {
| if (sizeof ((off_t)))
| 	    return 0;
|   ;
|   return 0;
| }
configure:13790: result: yes
configure:13807: checking for stdlib.h
configure:13807: result: yes
configure:13807: checking for unistd.h
configure:13807: result: yes
configure:13807: checking for sys/param.h
configure:13807: /usr/bin/gcc -c -O2 -I/root/buildroot-2021.05.1/output/host/include -I/root/buildroot-2021.05.1/output/host/include conftest.c >&5
configure:13807: $? = 0
configure:13807: result: yes
configure:13827: checking for getpagesize
configure:13827: /usr/bin/gcc -o conftest -O2 -I/root/buildroot-2021.05.1/output/host/include -I/root/buildroot-2021.05.1/output/host/include -L/root/buildroot-2021.05.1/output/host/lib -Wl,-rpath,/root/buildroot-2021.05.1/output/host/lib conftest.c  >&5
configure:13827: $? = 0
configure:13827: result: yes
configure:13836: checking for working mmap
configure:13983: /usr/bin/gcc -o conftest -O2 -I/root/buildroot-2021.05.1/output/host/include -I/root/buildroot-2021.05.1/output/host/include -L/root/buildroot-2021.05.1/output/host/lib -Wl,-rpath,/root/buildroot-2021.05.1/output/host/lib conftest.c  >&5
configure:13983: $? = 0
configure:13983: ./conftest
configure:13983: $? = 0
configure:13993: result: yes
configure:14169: checking size of void *
configure:14174: /usr/bin/gcc -o conftest -O2 -I/root/buildroot-2021.05.1/output/host/include -I/root/buildroot-2021.05.1/output/host/include -L/root/buildroot-2021.05.1/output/host/lib -Wl,-rpath,/root/buildroot-2021.05.1/output/host/lib conftest.c  >&5
configure:14174: $? = 0
configure:14174: ./conftest
configure:14174: $? = 0
configure:14188: result: 8
configure:14334: checking that generated files are newer than configure
configure:14340: result: done
configure:14404: creating ./config.status

## ---------------------- ##
## Running config.status. ##
## ---------------------- ##

This file was extended by expat config.status 2.4.1, which was
generated by GNU Autoconf 2.69.  Invocation command line was

  CONFIG_FILES    = 
  CONFIG_HEADERS  = 
  CONFIG_LINKS    = 
  CONFIG_COMMANDS = 
  $ ./config.status 

on racknerd-c383c8

config.status:1239: creating Makefile
config.status:1239: creating expat.pc
config.status:1239: creating cmake/expat-config.cmake
config.status:1239: creating cmake/autotools/expat-config-version.cmake
config.status:1239: creating cmake/autotools/expat-noconfig.cmake
config.status:1239: creating doc/Makefile
config.status:1239: creating examples/Makefile
config.status:1239: creating lib/Makefile
config.status:1239: creating tests/Makefile
config.status:1239: creating tests/benchmark/Makefile
config.status:1239: creating xmlwf/Makefile
config.status:1239: creating run.sh
config.status:1239: creating expat_config.h
config.status:1425: expat_config.h is unchanged
config.status:1473: executing depfiles commands
config.status:1473: executing libtool commands
configure:16867: WARNING: unrecognized options: --disable-gtk-doc, --disable-gtk-doc-html, --disable-doc, --disable-docs, --disable-documentation, --disable-debug, --with-xmlto, --with-fop, --disable-nls
configure:16885:

Automake flags (can be overridden by user flags):
  AM_CPPFLAGS: -DXML_ENABLE_VISIBILITY=1
    AM_CFLAGS: -Wall -Wextra -fexceptions -fno-strict-aliasing -Wmissing-prototypes -Wstrict-prototypes -pedantic -Wduplicated-cond -Wduplicated-branches -Wlogical-op -Wrestrict -Wnull-dereference -Wjump-misses-init -Wdouble-promotion -Wshadow -Wformat=2 -Wno-pedantic-ms-format -Wmisleading-indentation -fvisibility=hidden
  AM_CXXFLAGS: -Wall -Wextra -fexceptions -fno-strict-aliasing
   AM_LDFLAGS: -fno-strict-aliasing

User flags (override Automake flags on conflict):
     CPPFLAGS: -I/root/buildroot-2021.05.1/output/host/include
       CFLAGS: -O2 -I/root/buildroot-2021.05.1/output/host/include
     CXXFLAGS: -O2 -I/root/buildroot-2021.05.1/output/host/include
      LDFLAGS: -L/root/buildroot-2021.05.1/output/host/lib -Wl,-rpath,/root/buildroot-2021.05.1/output/host/lib

## ---------------- ##
## Cache variables. ##
## ---------------- ##

ac_cv_build=x86_64-pc-linux-gnu
ac_cv_c_bigendian=no
ac_cv_c_compiler_gnu=yes
ac_cv_c_const=yes
ac_cv_cxx_compiler_gnu=yes
ac_cv_env_CCC_set=
ac_cv_env_CCC_value=
ac_cv_env_CC_set=set
ac_cv_env_CC_value=/usr/bin/gcc
ac_cv_env_CFLAGS_set=set
ac_cv_env_CFLAGS_value='-O2 -I/root/buildroot-2021.05.1/output/host/include'
ac_cv_env_CPPFLAGS_set=set
ac_cv_env_CPPFLAGS_value=-I/root/buildroot-2021.05.1/output/host/include
ac_cv_env_CPP_set=set
ac_cv_env_CPP_value=/usr/bin/cpp
ac_cv_env_CXXCPP_set=
ac_cv_env_CXXCPP_value=
ac_cv_env_CXXFLAGS_set=set
ac_cv_env_CXXFLAGS_value='-O2 -I/root/buildroot-2021.05.1/output/host/include'
ac_cv_env_CXX_set=set
ac_cv_env_CXX_value=/usr/bin/g++
ac_cv_env_DOCBOOK_TO_MAN_set=
ac_cv_env_DOCBOOK_TO_MAN_value=
ac_cv_env_LDFLAGS_set=set
ac_cv_env_LDFLAGS_value='-L/root/buildroot-2021.05.1/output/host/lib -Wl,-rpath,/root/buildroot-2021.05.1/output/host/lib'
ac_cv_env_LIBS_set=
ac_cv_env_LIBS_value=
ac_cv_env_LT_SYS_LIBRARY_PATH_set=
ac_cv_env_LT_SYS_LIBRARY_PATH_value=
ac_cv_env_build_alias_set=
ac_cv_env_build_alias_value=
ac_cv_env_host_alias_set=
ac_cv_env_host_alias_value=
ac_cv_env_target_alias_set=
ac_cv_env_target_alias_value=
ac_cv_func_getpagesize=yes
ac_cv_func_mmap_fixed_mapped=yes
ac_cv_header_dlfcn_h=yes
ac_cv_header_fcntl_h=yes
ac_cv_header_inttypes_h=yes
ac_cv_header_memory_h=yes
ac_cv_header_stdc=yes
ac_cv_header_stdint_h=yes
ac_cv_header_stdlib_h=yes
ac_cv_header_string_h=yes
ac_cv_header_strings_h=yes
ac_cv_header_sys_param_h=yes
ac_cv_header_sys_stat_h=yes
ac_cv_header_sys_types_h=yes
ac_cv_header_unistd_h=yes
ac_cv_host=x86_64-pc-linux-gnu
ac_cv_objext=o
ac_cv_path_EGREP='/usr/bin/grep -E'
ac_cv_path_FGREP='/usr/bin/grep -F'
ac_cv_path_GREP=/usr/bin/grep
ac_cv_path_SED=/usr/bin/sed
ac_cv_path_install='/usr/bin/install -c'
ac_cv_path_lt_DD=/usr/bin/dd
ac_cv_path_mkdir=/usr/bin/mkdir
ac_cv_prog_AWK=mawk
ac_cv_prog_CPP=/usr/bin/cpp
ac_cv_prog_CXXCPP='/usr/bin/g++ -E'
ac_cv_prog_ac_ct_CC=/usr/bin/gcc
ac_cv_prog_ac_ct_MANIFEST_TOOL=mt
ac_cv_prog_ac_ct_OBJDUMP=objdump
ac_cv_prog_ac_ct_RANLIB=/usr/bin/ranlib
ac_cv_prog_ac_ct_STRIP=strip
ac_cv_prog_cc_c89=
ac_cv_prog_cc_c99=
ac_cv_prog_cc_g=yes
ac_cv_prog_cxx_g=yes
ac_cv_prog_make_make_set=yes
ac_cv_sizeof_void_p=8
ac_cv_type_off_t=yes
ac_cv_type_size_t=yes
am_cv_CC_dependencies_compiler_type=none
am_cv_CXX_dependencies_compiler_type=none
am_cv_ar_interface=ar
am_cv_make_support_nested_variables=yes
am_cv_prog_cc_c_o=yes
ax_cv_check_cflags___Wall=yes
ax_cv_check_cflags___Wdouble_promotion=yes
ax_cv_check_cflags___Wduplicated_branches=yes
ax_cv_check_cflags___Wduplicated_cond=yes
ax_cv_check_cflags___Wextra=yes
ax_cv_check_cflags___Wformat_2=yes
ax_cv_check_cflags___Wjump_misses_init=yes
ax_cv_check_cflags___Wlogical_op=yes
ax_cv_check_cflags___Wmisleading_indentation=yes
ax_cv_check_cflags___Wmissing_prototypes=yes
ax_cv_check_cflags___Wno_pedantic_ms_format=yes
ax_cv_check_cflags___Wnull_dereference=yes
ax_cv_check_cflags___Wrestrict=yes
ax_cv_check_cflags___Wshadow=yes
ax_cv_check_cflags___Wstrict_prototypes=yes
ax_cv_check_cflags___fexceptions=yes
ax_cv_check_cflags___fno_strict_aliasing=yes
ax_cv_check_cflags___pedantic=yes
ax_cv_check_cxxflags___Wall=yes
ax_cv_check_cxxflags___Wextra=yes
ax_cv_check_cxxflags___fexceptions=yes
ax_cv_check_cxxflags___fno_strict_aliasing=yes
ax_cv_check_ldflags___fno_strict_aliasing=yes
expatcfg_cv_compiler_supports_visibility=yes
lt_cv_ar_at_file=@
lt_cv_archive_cmds_need_lc=no
lt_cv_deplibs_check_method=pass_all
lt_cv_file_magic_cmd='$MAGIC_CMD'
lt_cv_file_magic_test_file=
lt_cv_ld_reload_flag=-r
lt_cv_nm_interface='BSD nm'
lt_cv_objdir=.libs
lt_cv_path_LD=/usr/bin/ld
lt_cv_path_LDCXX='/usr/bin/ld -m elf_x86_64'
lt_cv_path_NM=/usr/bin/nm
lt_cv_path_mainfest_tool=no
lt_cv_prog_compiler_c_o=yes
lt_cv_prog_compiler_c_o_CXX=yes
lt_cv_prog_compiler_pic='-fPIC -DPIC'
lt_cv_prog_compiler_pic_CXX='-fPIC -DPIC'
lt_cv_prog_compiler_pic_works=yes
lt_cv_prog_compiler_pic_works_CXX=yes
lt_cv_prog_compiler_rtti_exceptions=no
lt_cv_prog_compiler_static_works=yes
lt_cv_prog_compiler_static_works_CXX=yes
lt_cv_prog_gnu_ld=yes
lt_cv_prog_gnu_ldcxx=yes
lt_cv_sharedlib_from_linklib_cmd='printf %s\n'
lt_cv_shlibpath_overrides_runpath=yes
lt_cv_sys_global_symbol_pipe='sed -n -e '\''s/^.*[	 ]\([ABCDGIRSTW][ABCDGIRSTW]*\)[	 ][	 ]*\([_A-Za-z][_A-Za-z0-9]*\)$/\1 \2 \2/p'\'' | sed '\''/ __gnu_lto/d'\'''
lt_cv_sys_global_symbol_to_c_name_address='sed -n -e '\''s/^: \(.*\) .*$/  {"\1", (void *) 0},/p'\'' -e '\''s/^[ABCDGIRSTW][ABCDGIRSTW]* .* \(.*\)$/  {"\1", (void *) \&\1},/p'\'''
lt_cv_sys_global_symbol_to_c_name_address_lib_prefix='sed -n -e '\''s/^: \(.*\) .*$/  {"\1", (void *) 0},/p'\'' -e '\''s/^[ABCDGIRSTW][ABCDGIRSTW]* .* \(lib.*\)$/  {"\1", (void *) \&\1},/p'\'' -e '\''s/^[ABCDGIRSTW][ABCDGIRSTW]* .* \(.*\)$/  {"lib\1", (void *) \&\1},/p'\'''
lt_cv_sys_global_symbol_to_cdecl='sed -n -e '\''s/^T .* \(.*\)$/extern int \1();/p'\'' -e '\''s/^[ABCDGIRSTW][ABCDGIRSTW]* .* \(.*\)$/extern char \1;/p'\'''
lt_cv_sys_global_symbol_to_import=
lt_cv_sys_max_cmd_len=1572864
lt_cv_to_host_file_cmd=func_convert_file_noop
lt_cv_to_tool_file_cmd=func_convert_file_noop
lt_cv_truncate_bin='/usr/bin/dd bs=4096 count=1'

## ----------------- ##
## Output variables. ##
## ----------------- ##

ACLOCAL='${SHELL} '\''/root/buildroot-2021.05.1/output/build/host-expat-2.4.1/conftools/missing'\'' aclocal-1.16'
AMDEPBACKSLASH=''
AMDEP_FALSE=''
AMDEP_TRUE='#'
AMTAR='$${TAR-tar}'
AM_BACKSLASH='\'
AM_CFLAGS='-Wall -Wextra -fexceptions -fno-strict-aliasing -Wmissing-prototypes -Wstrict-prototypes -pedantic -Wduplicated-cond -Wduplicated-branches -Wlogical-op -Wrestrict -Wnull-dereference -Wjump-misses-init -Wdouble-promotion -Wshadow -Wformat=2 -Wno-pedantic-ms-format -Wmisleading-indentation -fvisibility=hidden'
AM_CPPFLAGS='-DXML_ENABLE_VISIBILITY=1'
AM_CXXFLAGS='-Wall -Wextra -fexceptions -fno-strict-aliasing'
AM_DEFAULT_V='$(AM_DEFAULT_VERBOSITY)'
AM_DEFAULT_VERBOSITY='1'
AM_LDFLAGS='-fno-strict-aliasing'
AM_V='$(V)'
AR='/usr/bin/ar'
AS='/usr/bin/as'
AUTOCONF='${SHELL} '\''/root/buildroot-2021.05.1/output/build/host-expat-2.4.1/conftools/missing'\'' autoconf'
AUTOHEADER='${SHELL} '\''/root/buildroot-2021.05.1/output/build/host-expat-2.4.1/conftools/missing'\'' autoheader'
AUTOMAKE='${SHELL} '\''/root/buildroot-2021.05.1/output/build/host-expat-2.4.1/conftools/missing'\'' automake-1.16'
AWK='mawk'
CC='/usr/bin/gcc'
CCDEPMODE='depmode=none'
CFLAGS='-O2 -I/root/buildroot-2021.05.1/output/host/include'
CPP='/usr/bin/cpp'
CPPFLAGS='-I/root/buildroot-2021.05.1/output/host/include'
CXX='/usr/bin/g++'
CXXCPP='/usr/bin/g++ -E'
CXXDEPMODE='depmode=none'
CXXFLAGS='-O2 -I/root/buildroot-2021.05.1/output/host/include'
CYGPATH_W='echo'
DEFS='-DHAVE_CONFIG_H'
DEPDIR='.deps'
DLLTOOL='false'
DOCBOOK_TO_MAN=''
DSYMUTIL=''
DUMPBIN=''
ECHO_C=''
ECHO_N='-n'
ECHO_T=''
EGREP='/usr/bin/grep -E'
EXEEXT=''
EXPAT_ATTR_INFO='OFF'
EXPAT_CHAR_TYPE='char'
EXPAT_CONTEXT_BYTES='1024'
EXPAT_DTD='ON'
EXPAT_LARGE_SIZE='OFF'
EXPAT_MIN_SIZE='OFF'
EXPAT_NS='ON'
FGREP='/usr/bin/grep -F'
FILEMAP='unixfilemap'
GREP='/usr/bin/grep'
INSTALL_DATA='${INSTALL} -m 644'
INSTALL_PROGRAM='${INSTALL}'
INSTALL_SCRIPT='${INSTALL}'
INSTALL_STRIP_PROGRAM='$(install_sh) -c -s'
LD='/usr/bin/ld -m elf_x86_64'
LDFLAGS='-L/root/buildroot-2021.05.1/output/host/lib -Wl,-rpath,/root/buildroot-2021.05.1/output/host/lib'
LIBAGE='8'
LIBCURRENT='9'
LIBDIR_BASENAME='lib'
LIBOBJS=''
LIBREVISION='1'
LIBS=''
LIBTOOL='$(SHELL) $(top_builddir)/libtool'
LIPO=''
LN_S='ln -s'
LTLIBOBJS=''
LT_SYS_LIBRARY_PATH=''
MAKEINFO='${SHELL} '\''/root/buildroot-2021.05.1/output/build/host-expat-2.4.1/conftools/missing'\'' makeinfo'
MANIFEST_TOOL=':'
MINGW_FALSE=''
MINGW_TRUE='#'
MKDIR_P='/usr/bin/mkdir -p'
NM='/usr/bin/nm'
NMEDIT=''
OBJDUMP='objdump'
OBJEXT='o'
OTOOL64=''
OTOOL=''
PACKAGE='expat'
PACKAGE_BUGREPORT='expat-bugs@libexpat.org'
PACKAGE_NAME='expat'
PACKAGE_STRING='expat 2.4.1'
PACKAGE_TARNAME='expat'
PACKAGE_URL=''
PACKAGE_VERSION='2.4.1'
PATH_SEPARATOR=':'
RANLIB='/usr/bin/ranlib'
SED='/usr/bin/sed'
SET_MAKE=''
SHELL='/bin/bash'
SO_MAJOR='1'
SO_MINOR='8'
SO_PATCH='1'
STRIP='strip'
UNICODE_FALSE=''
UNICODE_TRUE='#'
VERSION='2.4.1'
WITH_DOCBOOK_FALSE=''
WITH_DOCBOOK_TRUE='#'
WITH_EXAMPLES_FALSE='#'
WITH_EXAMPLES_TRUE=''
WITH_TESTS_FALSE='#'
WITH_TESTS_TRUE=''
WITH_XMLWF_FALSE='#'
WITH_XMLWF_TRUE=''
_EXPAT_OUTPUT_NAME='expat'
_INTERNAL_LARGE_SIZE_FALSE=''
_INTERNAL_LARGE_SIZE_TRUE='#'
_INTERNAL_MIN_SIZE_FALSE=''
_INTERNAL_MIN_SIZE_TRUE='#'
_INTERNAL_UNICODE_WCHAR_T_FALSE=''
_INTERNAL_UNICODE_WCHAR_T_TRUE='#'
ac_ct_AR=''
ac_ct_CC='/usr/bin/gcc'
ac_ct_CXX=''
ac_ct_DUMPBIN=''
ac_cv_sizeof_void_p='8'
am__EXEEXT_FALSE=''
am__EXEEXT_TRUE='#'
am__fastdepCC_FALSE=''
am__fastdepCC_TRUE='#'
am__fastdepCXX_FALSE=''
am__fastdepCXX_TRUE='#'
am__include='include'
am__isrc=''
am__leading_dot='.'
am__nodep=''
am__quote=''
am__tar='$${TAR-tar} chof - "$$tardir"'
am__untar='$${TAR-tar} xf -'
bindir='${exec_prefix}/bin'
build='x86_64-pc-linux-gnu'
build_alias=''
build_cpu='x86_64'
build_os='linux-gnu'
build_vendor='pc'
datadir='${datarootdir}'
datarootdir='${prefix}/share'
docdir='${datarootdir}/doc/${PACKAGE_TARNAME}'
dvidir='${docdir}'
exec_prefix='${prefix}'
host='x86_64-pc-linux-gnu'
host_alias=''
host_cpu='x86_64'
host_os='linux-gnu'
host_vendor='pc'
htmldir='${docdir}'
includedir='${prefix}/include'
infodir='${datarootdir}/info'
install_sh='${SHELL} /root/buildroot-2021.05.1/output/build/host-expat-2.4.1/conftools/install-sh'
libdir='${exec_prefix}/lib'
libexecdir='${exec_prefix}/libexec'
localedir='${datarootdir}/locale'
localstatedir='/root/buildroot-2021.05.1/output/host/var'
mandir='${datarootdir}/man'
mkdir_p='$(MKDIR_P)'
oldincludedir='/usr/include'
pdfdir='${docdir}'
prefix='/root/buildroot-2021.05.1/output/host'
program_transform_name='s,x,x,'
psdir='${docdir}'
runstatedir='${localstatedir}/run'
sbindir='${exec_prefix}/sbin'
sharedstatedir='${prefix}/com'
sysconfdir='/root/buildroot-2021.05.1/output/host/etc'
target_alias=''

## ------------------- ##
## File substitutions. ##
## ------------------- ##

PACKAGE_INIT='./cmake/autotools/expat-package-init.cmake'

## ----------- ##
## confdefs.h. ##
## ----------- ##

/* confdefs.h */
#define PACKAGE_NAME "expat"
#define PACKAGE_TARNAME "expat"
#define PACKAGE_VERSION "2.4.1"
#define PACKAGE_STRING "expat 2.4.1"
#define PACKAGE_BUGREPORT "expat-bugs@libexpat.org"
#define PACKAGE_URL ""
#define PACKAGE "expat"
#define VERSION "2.4.1"
#define STDC_HEADERS 1
#define HAVE_SYS_TYPES_H 1
#define HAVE_SYS_STAT_H 1
#define HAVE_STDLIB_H 1
#define HAVE_STRING_H 1
#define HAVE_MEMORY_H 1
#define HAVE_STRINGS_H 1
#define HAVE_INTTYPES_H 1
#define HAVE_STDINT_H 1
#define HAVE_UNISTD_H 1
#define HAVE_DLFCN_H 1
#define LT_OBJDIR ".libs/"
#define BYTEORDER 1234
#define HAVE_GETRANDOM 1
#define HAVE_SYSCALL_GETRANDOM 1
#define HAVE_FCNTL_H 1
#define HAVE_UNISTD_H 1
#define HAVE_STDLIB_H 1
#define HAVE_UNISTD_H 1
#define HAVE_SYS_PARAM_H 1
#define HAVE_GETPAGESIZE 1
#define HAVE_MMAP 1
#define XML_NS 1
#define XML_DTD 1
#define XML_DEV_URANDOM 1
#define XML_CONTEXT_BYTES 1024
#define SIZEOF_VOID_P 8

configure: exit 0
